[05/16/22 23:02:48.962] [info    ] [camera] Starting Camera Server ...
[05/16/22 23:02:48.962] [warning ] [camera-ua-server] [OPC UA/userland] AcceptAll Certificate Verification. Any remote certificate will be accepted.
[05/16/22 23:02:48.962] [warning ] [camera-ua-server] [OPC UA/server] AccessControl: Unconfigured AccessControl. Users have all permissions.
[05/16/22 23:02:48.963] [info    ] [camera-ua-server] [OPC UA/server] AccessControl: Anonymous login is enabled
[05/16/22 23:02:48.963] [info    ] [camera-ua-server] [OPC UA/server] AccessControl: x509 certificate user authentication is enabled
[05/16/22 23:02:48.963] [warning ] [camera-ua-server] [OPC UA/server] Username/Password Authentication configured, but no encrypting SecurityPolicy. This can leak credentials on the network.
[05/16/22 23:02:49.094] [info    ] [camera-ua-server] [OPC UA/session] SecureChannel 0 | Session "Administrator" | AddNode (ns=2;i=15031): The value is empty. But this is only allowed for BaseDataType. Create a matching default value.
[05/16/22 23:02:49.094] [info    ] [camera-ua-server] [OPC UA/session] SecureChannel 0 | Session "Administrator" | AddNode (ns=2;i=15032): The value is empty. But this is only allowed for BaseDataType. Create a matching default value.
[05/16/22 23:02:49.094] [info    ] [camera-ua-server] [OPC UA/session] SecureChannel 0 | Session "Administrator" | AddNode (ns=2;i=15033): The value is empty. But this is only allowed for BaseDataType. Create a matching default value.
[05/16/22 23:02:49.094] [info    ] [camera-ua-server] [OPC UA/session] SecureChannel 0 | Session "Administrator" | AddNode (ns=2;i=6095): The value is empty. But this is only allowed for BaseDataType. Create a matching default value.
[05/16/22 23:02:49.094] [info    ] [camera-ua-server] [OPC UA/session] SecureChannel 0 | Session "Administrator" | AddNode (ns=2;i=6009): The value is empty. But this is only allowed for BaseDataType. Create a matching default value.
[05/16/22 23:02:49.094] [info    ] [camera-ua-server] [OPC UA/session] SecureChannel 0 | Session "Administrator" | AddNode (ns=2;i=6010): The value is empty. But this is only allowed for BaseDataType. Create a matching default value.
[05/16/22 23:02:49.094] [info    ] [camera-ua-server] [OPC UA/session] SecureChannel 0 | Session "Administrator" | AddNode (ns=2;i=6011): The value is empty. But this is only allowed for BaseDataType. Create a matching default value.
[05/16/22 23:02:49.094] [info    ] [camera-ua-server] [OPC UA/session] SecureChannel 0 | Session "Administrator" | AddNode (ns=2;i=6012): The value is empty. But this is only allowed for BaseDataType. Create a matching default value.
[05/16/22 23:02:49.094] [info    ] [camera-ua-server] [OPC UA/session] SecureChannel 0 | Session "Administrator" | AddNode (ns=2;i=6013): The value is empty. But this is only allowed for BaseDataType. Create a matching default value.
[05/16/22 23:02:49.094] [info    ] [camera-ua-server] [OPC UA/session] SecureChannel 0 | Session "Administrator" | AddNode (ns=2;i=15100): The value is empty. But this is only allowed for BaseDataType. Create a matching default value.
[05/16/22 23:02:49.095] [info    ] [camera-ua-server] [OPC UA/session] SecureChannel 0 | Session "Administrator" | AddNode (ns=2;i=15101): The value is empty. But this is only allowed for BaseDataType. Create a matching default value.
[05/16/22 23:02:49.095] [info    ] [camera-ua-server] [OPC UA/session] SecureChannel 0 | Session "Administrator" | AddNode (ns=2;i=15102): The value is empty. But this is only allowed for BaseDataType. Create a matching default value.
[05/16/22 23:02:49.095] [info    ] [camera-ua-server] [OPC UA/session] SecureChannel 0 | Session "Administrator" | AddNode (ns=2;i=6001): The value is empty. But this is only allowed for BaseDataType. Create a matching default value.
[05/16/22 23:02:49.095] [info    ] [camera-ua-server] [OPC UA/session] SecureChannel 0 | Session "Administrator" | AddNode (ns=2;i=6002): The value is empty. But this is only allowed for BaseDataType. Create a matching default value.
[05/16/22 23:02:49.095] [info    ] [camera-ua-server] [OPC UA/session] SecureChannel 0 | Session "Administrator" | AddNode (ns=2;i=6003): The value is empty. But this is only allowed for BaseDataType. Create a matching default value.
[05/16/22 23:02:49.095] [info    ] [camera-ua-server] [OPC UA/session] SecureChannel 0 | Session "Administrator" | AddNode (ns=2;i=6004): The value is empty. But this is only allowed for BaseDataType. Create a matching default value.
[05/16/22 23:02:49.095] [info    ] [camera-ua-server] [OPC UA/session] SecureChannel 0 | Session "Administrator" | AddNode (ns=2;i=6005): The value is empty. But this is only allowed for BaseDataType. Create a matching default value.
[05/16/22 23:02:49.095] [info    ] [camera-ua-server] [OPC UA/session] SecureChannel 0 | Session "Administrator" | AddNode (ns=2;i=6006): The value is empty. But this is only allowed for BaseDataType. Create a matching default value.
[05/16/22 23:02:49.095] [info    ] [camera-ua-server] [OPC UA/session] SecureChannel 0 | Session "Administrator" | AddNode (ns=2;i=6007): The value is empty. But this is only allowed for BaseDataType. Create a matching default value.
[05/16/22 23:02:49.095] [info    ] [camera-ua-server] [OPC UA/session] SecureChannel 0 | Session "Administrator" | AddNode (ns=2;i=6008): The value is empty. But this is only allowed for BaseDataType. Create a matching default value.
[05/16/22 23:02:49.095] [info    ] [camera-ua-server] [OPC UA/session] SecureChannel 0 | Session "Administrator" | AddNode (ns=2;i=6208): The value is empty. But this is only allowed for BaseDataType. Create a matching default value.
[05/16/22 23:02:49.095] [info    ] [camera-ua-server] [OPC UA/session] SecureChannel 0 | Session "Administrator" | AddNode (ns=2;i=6210): The value is empty. But this is only allowed for BaseDataType. Create a matching default value.
[05/16/22 23:02:49.095] [info    ] [camera-ua-server] [OPC UA/session] SecureChannel 0 | Session "Administrator" | AddNode (ns=2;i=6212): The value is empty. But this is only allowed for BaseDataType. Create a matching default value.
[05/16/22 23:02:49.095] [info    ] [camera-ua-server] [OPC UA/session] SecureChannel 0 | Session "Administrator" | AddNode (ns=2;i=6214): The value is empty. But this is only allowed for BaseDataType. Create a matching default value.
[05/16/22 23:02:49.095] [info    ] [camera-ua-server] [OPC UA/session] SecureChannel 0 | Session "Administrator" | AddNode (ns=2;i=6216): The value is empty. But this is only allowed for BaseDataType. Create a matching default value.
[05/16/22 23:02:49.095] [info    ] [camera-ua-server] [OPC UA/session] SecureChannel 0 | Session "Administrator" | AddNode (ns=2;i=6470): The value is empty. But this is only allowed for BaseDataType. Create a matching default value.
[05/16/22 23:02:49.095] [info    ] [camera-ua-server] [OPC UA/session] SecureChannel 0 | Session "Administrator" | AddNode (ns=2;i=15086): The value is empty. But this is only allowed for BaseDataType. Create a matching default value.
[05/16/22 23:02:49.095] [info    ] [camera-ua-server] [OPC UA/session] SecureChannel 0 | Session "Administrator" | AddNode (ns=2;i=15087): The value is empty. But this is only allowed for BaseDataType. Create a matching default value.
[05/16/22 23:02:49.095] [info    ] [camera-ua-server] [OPC UA/session] SecureChannel 0 | Session "Administrator" | AddNode (ns=2;i=15088): The value is empty. But this is only allowed for BaseDataType. Create a matching default value.
[05/16/22 23:02:49.096] [info    ] [camera-ua-server] [OPC UA/session] SecureChannel 0 | Session "Administrator" | AddNode (ns=2;i=15089): The value is empty. But this is only allowed for BaseDataType. Create a matching default value.
[05/16/22 23:02:49.096] [info    ] [camera-ua-server] [OPC UA/session] SecureChannel 0 | Session "Administrator" | AddNode (ns=2;i=15090): The value is empty. But this is only allowed for BaseDataType. Create a matching default value.
[05/16/22 23:02:49.096] [info    ] [camera-ua-server] [OPC UA/session] SecureChannel 0 | Session "Administrator" | AddNode (ns=2;i=15091): The value is empty. But this is only allowed for BaseDataType. Create a matching default value.
[05/16/22 23:02:49.096] [info    ] [camera-ua-server] [OPC UA/session] SecureChannel 0 | Session "Administrator" | AddNode (ns=2;i=15092): The value is empty. But this is only allowed for BaseDataType. Create a matching default value.
[05/16/22 23:02:49.096] [info    ] [camera-ua-server] [OPC UA/session] SecureChannel 0 | Session "Administrator" | AddNode (ns=2;i=15093): The value is empty. But this is only allowed for BaseDataType. Create a matching default value.
[05/16/22 23:02:49.096] [info    ] [camera-ua-server] [OPC UA/session] SecureChannel 0 | Session "Administrator" | AddNode (ns=2;i=15094): The value is empty. But this is only allowed for BaseDataType. Create a matching default value.
[05/16/22 23:02:49.096] [info    ] [camera-ua-server] [OPC UA/session] SecureChannel 0 | Session "Administrator" | AddNode (ns=2;i=15095): The value is empty. But this is only allowed for BaseDataType. Create a matching default value.
[05/16/22 23:02:49.096] [info    ] [camera-ua-server] [OPC UA/session] SecureChannel 0 | Session "Administrator" | AddNode (ns=2;i=15096): The value is empty. But this is only allowed for BaseDataType. Create a matching default value.
[05/16/22 23:02:49.096] [info    ] [camera-ua-server] [OPC UA/session] SecureChannel 0 | Session "Administrator" | AddNode (ns=2;i=15097): The value is empty. But this is only allowed for BaseDataType. Create a matching default value.
[05/16/22 23:02:49.096] [info    ] [camera-ua-server] [OPC UA/session] SecureChannel 0 | Session "Administrator" | AddNode (ns=2;i=15098): The value is empty. But this is only allowed for BaseDataType. Create a matching default value.
[05/16/22 23:02:49.096] [info    ] [camera-ua-server] [OPC UA/session] SecureChannel 0 | Session "Administrator" | AddNode (ns=2;i=15099): The value is empty. But this is only allowed for BaseDataType. Create a matching default value.
[05/16/22 23:02:49.096] [info    ] [camera-ua-server] [OPC UA/session] SecureChannel 0 | Session "Administrator" | AddNode (ns=2;i=15129): The value is empty. But this is only allowed for BaseDataType. Create a matching default value.
[05/16/22 23:02:49.096] [info    ] [camera-ua-server] [OPC UA/session] SecureChannel 0 | Session "Administrator" | AddNode (ns=2;i=15131): The value is empty. But this is only allowed for BaseDataType. Create a matching default value.
[05/16/22 23:02:49.096] [info    ] [camera-ua-server] [OPC UA/session] SecureChannel 0 | Session "Administrator" | AddNode (ns=2;i=15133): The value is empty. But this is only allowed for BaseDataType. Create a matching default value.
[05/16/22 23:02:49.096] [info    ] [camera-ua-server] [OPC UA/session] SecureChannel 0 | Session "Administrator" | AddNode (ns=2;i=6163): The value is empty. But this is only allowed for BaseDataType. Create a matching default value.
[05/16/22 23:02:49.096] [info    ] [camera-ua-server] [OPC UA/session] SecureChannel 0 | Session "Administrator" | AddNode (ns=2;i=6164): The value is empty. But this is only allowed for BaseDataType. Create a matching default value.
[05/16/22 23:02:49.096] [info    ] [camera-ua-server] [OPC UA/session] SecureChannel 0 | Session "Administrator" | AddNode (ns=2;i=6165): The value is empty. But this is only allowed for BaseDataType. Create a matching default value.
[05/16/22 23:02:49.096] [info    ] [camera-ua-server] [OPC UA/session] SecureChannel 0 | Session "Administrator" | AddNode (ns=2;i=6468): The value is empty. But this is only allowed for BaseDataType. Create a matching default value.
[05/16/22 23:02:49.097] [info    ] [camera-ua-server] [OPC UA/session] SecureChannel 0 | Session "Administrator" | AddNode (ns=2;i=15036): The value is empty. But this is only allowed for BaseDataType. Create a matching default value.
[05/16/22 23:02:49.097] [info    ] [camera-ua-server] [OPC UA/session] SecureChannel 0 | Session "Administrator" | AddNode (ns=2;i=15037): The value is empty. But this is only allowed for BaseDataType. Create a matching default value.
[05/16/22 23:02:49.097] [info    ] [camera-ua-server] [OPC UA/session] SecureChannel 0 | Session "Administrator" | AddNode (ns=2;i=15038): The value is empty. But this is only allowed for BaseDataType. Create a matching default value.
[05/16/22 23:02:49.097] [info    ] [camera-ua-server] [OPC UA/session] SecureChannel 0 | Session "Administrator" | AddNode (ns=2;i=15039): The value is empty. But this is only allowed for BaseDataType. Create a matching default value.
[05/16/22 23:02:49.097] [info    ] [camera-ua-server] [OPC UA/session] SecureChannel 0 | Session "Administrator" | AddNode (ns=2;i=15040): The value is empty. But this is only allowed for BaseDataType. Create a matching default value.
[05/16/22 23:02:49.097] [info    ] [camera-ua-server] [OPC UA/session] SecureChannel 0 | Session "Administrator" | AddNode (ns=2;i=15041): The value is empty. But this is only allowed for BaseDataType. Create a matching default value.
[05/16/22 23:02:49.097] [info    ] [camera-ua-server] [OPC UA/session] SecureChannel 0 | Session "Administrator" | AddNode (ns=2;i=15042): The value is empty. But this is only allowed for BaseDataType. Create a matching default value.
[05/16/22 23:02:49.097] [info    ] [camera-ua-server] [OPC UA/session] SecureChannel 0 | Session "Administrator" | AddNode (ns=2;i=15043): The value is empty. But this is only allowed for BaseDataType. Create a matching default value.
[05/16/22 23:02:49.097] [info    ] [camera-ua-server] [OPC UA/session] SecureChannel 0 | Session "Administrator" | AddNode (ns=2;i=15044): The value is empty. But this is only allowed for BaseDataType. Create a matching default value.
[05/16/22 23:02:49.097] [info    ] [camera-ua-server] [OPC UA/session] SecureChannel 0 | Session "Administrator" | AddNode (ns=2;i=15045): The value is empty. But this is only allowed for BaseDataType. Create a matching default value.
[05/16/22 23:02:49.097] [info    ] [camera-ua-server] [OPC UA/session] SecureChannel 0 | Session "Administrator" | AddNode (ns=2;i=15046): The value is empty. But this is only allowed for BaseDataType. Create a matching default value.
[05/16/22 23:02:49.097] [info    ] [camera-ua-server] [OPC UA/session] SecureChannel 0 | Session "Administrator" | AddNode (ns=2;i=15047): The value is empty. But this is only allowed for BaseDataType. Create a matching default value.
[05/16/22 23:02:49.097] [info    ] [camera-ua-server] [OPC UA/session] SecureChannel 0 | Session "Administrator" | AddNode (ns=2;i=15049): The value is empty. But this is only allowed for BaseDataType. Create a matching default value.
[05/16/22 23:02:49.097] [info    ] [camera-ua-server] [OPC UA/session] SecureChannel 0 | Session "Administrator" | AddNode (ns=2;i=15050): The value is empty. But this is only allowed for BaseDataType. Create a matching default value.
[05/16/22 23:02:49.097] [info    ] [camera-ua-server] [OPC UA/session] SecureChannel 0 | Session "Administrator" | AddNode (ns=2;i=15052): The value is empty. But this is only allowed for BaseDataType. Create a matching default value.
[05/16/22 23:02:49.097] [info    ] [camera-ua-server] [OPC UA/session] SecureChannel 0 | Session "Administrator" | AddNode (ns=2;i=15056): The value is empty. But this is only allowed for BaseDataType. Create a matching default value.
[05/16/22 23:02:49.097] [info    ] [camera-ua-server] [OPC UA/session] SecureChannel 0 | Session "Administrator" | AddNode (ns=2;i=15058): The value is empty. But this is only allowed for BaseDataType. Create a matching default value.
[05/16/22 23:02:49.098] [info    ] [camera-ua-server] [OPC UA/session] SecureChannel 0 | Session "Administrator" | AddNode (ns=2;i=15060): The value is empty. But this is only allowed for BaseDataType. Create a matching default value.
[05/16/22 23:02:49.098] [info    ] [camera-ua-server] [OPC UA/session] SecureChannel 0 | Session "Administrator" | AddNode (ns=2;i=15062): The value is empty. But this is only allowed for BaseDataType. Create a matching default value.
[05/16/22 23:02:49.098] [info    ] [camera-ua-server] [OPC UA/session] SecureChannel 0 | Session "Administrator" | AddNode (ns=2;i=6296): The value is empty. But this is only allowed for BaseDataType. Create a matching default value.
[05/16/22 23:02:49.098] [info    ] [camera-ua-server] [OPC UA/session] SecureChannel 0 | Session "Administrator" | AddNode (ns=2;i=6297): The value is empty. But this is only allowed for BaseDataType. Create a matching default value.
[05/16/22 23:02:49.098] [info    ] [camera-ua-server] [OPC UA/session] SecureChannel 0 | Session "Administrator" | AddNode (ns=2;i=6298): The value is empty. But this is only allowed for BaseDataType. Create a matching default value.
[05/16/22 23:02:49.098] [info    ] [camera-ua-server] [OPC UA/session] SecureChannel 0 | Session "Administrator" | AddNode (ns=2;i=6497): The value is empty. But this is only allowed for BaseDataType. Create a matching default value.
[05/16/22 23:02:49.098] [info    ] [camera-ua-server] [OPC UA/session] SecureChannel 0 | Session "Administrator" | AddNode (ns=2;i=6387): The value is empty. But this is only allowed for BaseDataType. Create a matching default value.
[05/16/22 23:02:49.098] [info    ] [camera-ua-server] [OPC UA/session] SecureChannel 0 | Session "Administrator" | AddNode (ns=2;i=6390): The value is empty. But this is only allowed for BaseDataType. Create a matching default value.
[05/16/22 23:02:49.098] [info    ] [camera-ua-server] [OPC UA/session] SecureChannel 0 | Session "Administrator" | AddNode (ns=2;i=6391): The value is empty. But this is only allowed for BaseDataType. Create a matching default value.
[05/16/22 23:02:49.098] [info    ] [camera-ua-server] [OPC UA/session] SecureChannel 0 | Session "Administrator" | AddNode (ns=2;i=6392): The value is empty. But this is only allowed for BaseDataType. Create a matching default value.
[05/16/22 23:02:49.098] [info    ] [camera-ua-server] [OPC UA/session] SecureChannel 0 | Session "Administrator" | AddNode (ns=2;i=6534): The value is empty. But this is only allowed for BaseDataType. Create a matching default value.
[05/16/22 23:02:49.098] [info    ] [camera-ua-server] [OPC UA/session] SecureChannel 0 | Session "Administrator" | AddNode (ns=2;i=123): The value is empty. But this is only allowed for BaseDataType. Create a matching default value.
[05/16/22 23:02:49.099] [info    ] [camera-ua-server] [OPC UA/session] SecureChannel 0 | Session "Administrator" | AddNode (ns=2;i=133): The value is empty. But this is only allowed for BaseDataType. Create a matching default value.
[05/16/22 23:02:49.099] [info    ] [camera-ua-server] [OPC UA/session] SecureChannel 0 | Session "Administrator" | AddNode (ns=2;i=6): The value is empty. But this is only allowed for BaseDataType. Create a matching default value.
[05/16/22 23:02:49.099] [info    ] [camera-ua-server] [OPC UA/session] SecureChannel 0 | Session "Administrator" | AddNode (ns=2;i=42): The value is empty. But this is only allowed for BaseDataType. Create a matching default value.
[05/16/22 23:02:49.099] [info    ] [camera-ua-server] [OPC UA/session] SecureChannel 0 | Session "Administrator" | AddNode (ns=2;i=402): The value is empty. But this is only allowed for BaseDataType. Create a matching default value.
[05/16/22 23:02:49.099] [info    ] [camera-ua-server] [OPC UA/session] SecureChannel 0 | Session "Administrator" | AddNode (ns=2;i=78): The value is empty. But this is only allowed for BaseDataType. Create a matching default value.
[05/16/22 23:02:49.099] [info    ] [camera-ua-server] [OPC UA/session] SecureChannel 0 | Session "Administrator" | AddNode (ns=2;i=113): The value is empty. But this is only allowed for BaseDataType. Create a matching default value.
[05/16/22 23:02:49.099] [info    ] [camera-ua-server] [OPC UA/session] SecureChannel 0 | Session "Administrator" | AddNode (ns=2;i=100): The value is empty. But this is only allowed for BaseDataType. Create a matching default value.
[05/16/22 23:02:49.099] [info    ] [camera-ua-server] [OPC UA/session] SecureChannel 0 | Session "Administrator" | AddNode (ns=2;i=136): The value is empty. But this is only allowed for BaseDataType. Create a matching default value.
[05/16/22 23:02:49.100] [info    ] [camera-ua-server] [OPC UA/session] SecureChannel 0 | Session "Administrator" | AddNode (ns=2;i=345): The value is empty. But this is only allowed for BaseDataType. Create a matching default value.
[05/16/22 23:02:49.100] [info    ] [camera-ua-server] [OPC UA/session] SecureChannel 0 | Session "Administrator" | AddNode (ns=2;i=346): The value is empty. But this is only allowed for BaseDataType. Create a matching default value.
[05/16/22 23:02:49.100] [info    ] [camera-ua-server] [OPC UA/session] SecureChannel 0 | Session "Administrator" | AddNode (ns=2;i=347): The value is empty. But this is only allowed for BaseDataType. Create a matching default value.
[05/16/22 23:02:49.100] [info    ] [camera-ua-server] [OPC UA/session] SecureChannel 0 | Session "Administrator" | AddNode (ns=2;i=141): The value is empty. But this is only allowed for BaseDataType. Create a matching default value.
[05/16/22 23:02:49.100] [info    ] [camera-ua-server] [OPC UA/session] SecureChannel 0 | Session "Administrator" | AddNode (ns=2;i=151): The value is empty. But this is only allowed for BaseDataType. Create a matching default value.
[05/16/22 23:02:49.100] [info    ] [camera-ua-server] [OPC UA/session] SecureChannel 0 | Session "Administrator" | AddNode (ns=2;i=152): The value is empty. But this is only allowed for BaseDataType. Create a matching default value.
[05/16/22 23:02:49.100] [info    ] [camera-ua-server] [OPC UA/session] SecureChannel 0 | Session "Administrator" | AddNode (ns=2;i=169): The value is empty. But this is only allowed for BaseDataType. Create a matching default value.
[05/16/22 23:02:49.100] [info    ] [camera-ua-server] [OPC UA/session] SecureChannel 0 | Session "Administrator" | AddNode (ns=2;i=170): The value is empty. But this is only allowed for BaseDataType. Create a matching default value.
[05/16/22 23:02:49.100] [info    ] [camera-ua-server] [OPC UA/session] SecureChannel 0 | Session "Administrator" | AddNode (ns=2;i=366): The value is empty. But this is only allowed for BaseDataType. Create a matching default value.
[05/16/22 23:02:49.100] [info    ] [camera-ua-server] [OPC UA/session] SecureChannel 0 | Session "Administrator" | AddNode (ns=2;i=367): The value is empty. But this is only allowed for BaseDataType. Create a matching default value.
[05/16/22 23:02:49.100] [info    ] [camera-ua-server] [OPC UA/session] SecureChannel 0 | Session "Administrator" | AddNode (ns=2;i=368): The value is empty. But this is only allowed for BaseDataType. Create a matching default value.
[05/16/22 23:02:49.100] [info    ] [camera-ua-server] [OPC UA/session] SecureChannel 0 | Session "Administrator" | AddNode (ns=2;i=373): The value is empty. But this is only allowed for BaseDataType. Create a matching default value.
[05/16/22 23:02:49.100] [info    ] [camera-ua-server] [OPC UA/session] SecureChannel 0 | Session "Administrator" | AddNode (ns=2;i=374): The value is empty. But this is only allowed for BaseDataType. Create a matching default value.
[05/16/22 23:02:49.100] [info    ] [camera-ua-server] [OPC UA/session] SecureChannel 0 | Session "Administrator" | AddNode (ns=2;i=375): The value is empty. But this is only allowed for BaseDataType. Create a matching default value.
[05/16/22 23:02:49.101] [info    ] [camera-ua-server] [OPC UA/session] SecureChannel 0 | Session "Administrator" | AddNode (ns=2;i=380): The value is empty. But this is only allowed for BaseDataType. Create a matching default value.
[05/16/22 23:02:49.101] [info    ] [camera-ua-server] [OPC UA/session] SecureChannel 0 | Session "Administrator" | AddNode (ns=2;i=381): The value is empty. But this is only allowed for BaseDataType. Create a matching default value.
[05/16/22 23:02:49.101] [info    ] [camera-ua-server] [OPC UA/session] SecureChannel 0 | Session "Administrator" | AddNode (ns=2;i=382): The value is empty. But this is only allowed for BaseDataType. Create a matching default value.
[05/16/22 23:02:49.101] [info    ] [camera-ua-server] [OPC UA/session] SecureChannel 0 | Session "Administrator" | AddNode (ns=2;i=383): The value is empty. But this is only allowed for BaseDataType. Create a matching default value.
[05/16/22 23:02:49.101] [info    ] [camera-ua-server] [OPC UA/session] SecureChannel 0 | Session "Administrator" | AddNode (ns=2;i=384): The value is empty. But this is only allowed for BaseDataType. Create a matching default value.
[05/16/22 23:02:49.101] [info    ] [camera-ua-server] [OPC UA/session] SecureChannel 0 | Session "Administrator" | AddNode (ns=2;i=385): The value is empty. But this is only allowed for BaseDataType. Create a matching default value.
[05/16/22 23:02:49.101] [info    ] [camera-ua-server] [OPC UA/session] SecureChannel 0 | Session "Administrator" | AddNode (ns=2;i=386): The value is empty. But this is only allowed for BaseDataType. Create a matching default value.
[05/16/22 23:02:49.101] [info    ] [camera-ua-server] [OPC UA/session] SecureChannel 0 | Session "Administrator" | AddNode (ns=2;i=227): The value is empty. But this is only allowed for BaseDataType. Create a matching default value.
[05/16/22 23:02:49.101] [info    ] [camera-ua-server] [OPC UA/session] SecureChannel 0 | Session "Administrator" | AddNode (ns=2;i=263): The value is empty. But this is only allowed for BaseDataType. Create a matching default value.
[05/16/22 23:02:49.101] [info    ] [camera-ua-server] [OPC UA/session] SecureChannel 0 | Session "Administrator" | AddNode (ns=2;i=264): The value is empty. But this is only allowed for BaseDataType. Create a matching default value.
[05/16/22 23:02:49.102] [info    ] [camera-ua-server] [OPC UA/session] SecureChannel 0 | Session "Administrator" | AddNode (ns=2;i=322): The value is empty. But this is only allowed for BaseDataType. Create a matching default value.
[05/16/22 23:02:49.103] [info    ] [camera-ua-server] [OPC UA/session] SecureChannel 0 | Session "Administrator" | AddNode (ns=3;i=15031): The value is empty. But this is only allowed for BaseDataType. Create a matching default value.
[05/16/22 23:02:49.103] [info    ] [camera-ua-server] [OPC UA/session] SecureChannel 0 | Session "Administrator" | AddNode (ns=3;i=15032): The value is empty. But this is only allowed for BaseDataType. Create a matching default value.
[05/16/22 23:02:49.103] [info    ] [camera-ua-server] [OPC UA/session] SecureChannel 0 | Session "Administrator" | AddNode (ns=3;i=15033): The value is empty. But this is only allowed for BaseDataType. Create a matching default value.
[05/16/22 23:02:49.103] [info    ] [camera-ua-server] [OPC UA/session] SecureChannel 0 | Session "Administrator" | AddNode (ns=3;i=15053): The value is empty. But this is only allowed for BaseDataType. Create a matching default value.
[05/16/22 23:02:49.103] [info    ] [camera-ua-server] [OPC UA/session] SecureChannel 0 | Session "Administrator" | AddNode (ns=3;i=15100): The value is empty. But this is only allowed for BaseDataType. Create a matching default value.
[05/16/22 23:02:49.103] [info    ] [camera-ua-server] [OPC UA/session] SecureChannel 0 | Session "Administrator" | AddNode (ns=3;i=15401): The value is empty. But this is only allowed for BaseDataType. Create a matching default value.
[05/16/22 23:02:49.103] [info    ] [camera-ua-server] [OPC UA/session] SecureChannel 0 | Session "Administrator" | AddNode (ns=3;i=15403): The value is empty. But this is only allowed for BaseDataType. Create a matching default value.
[05/16/22 23:02:49.103] [info    ] [camera-ua-server] [OPC UA/session] SecureChannel 0 | Session "Administrator" | AddNode (ns=3;i=15406): The value is empty. But this is only allowed for BaseDataType. Create a matching default value.
[05/16/22 23:02:49.103] [info    ] [camera-ua-server] [OPC UA/session] SecureChannel 0 | Session "Administrator" | AddNode (ns=3;i=15408): The value is empty. But this is only allowed for BaseDataType. Create a matching default value.
[05/16/22 23:02:49.103] [info    ] [camera-ua-server] [OPC UA/session] SecureChannel 0 | Session "Administrator" | AddNode (ns=3;i=15409): The value is empty. But this is only allowed for BaseDataType. Create a matching default value.
[05/16/22 23:02:49.103] [info    ] [camera-ua-server] [OPC UA/session] SecureChannel 0 | Session "Administrator" | AddNode (ns=3;i=15413): The value is empty. But this is only allowed for BaseDataType. Create a matching default value.
[05/16/22 23:02:49.103] [info    ] [camera-ua-server] [OPC UA/session] SecureChannel 0 | Session "Administrator" | AddNode (ns=3;i=15414): The value is empty. But this is only allowed for BaseDataType. Create a matching default value.
[05/16/22 23:02:49.103] [info    ] [camera-ua-server] [OPC UA/session] SecureChannel 0 | Session "Administrator" | AddNode (ns=3;i=15415): The value is empty. But this is only allowed for BaseDataType. Create a matching default value.
[05/16/22 23:02:49.103] [info    ] [camera-ua-server] [OPC UA/session] SecureChannel 0 | Session "Administrator" | AddNode (ns=3;i=15430): The value is empty. But this is only allowed for BaseDataType. Create a matching default value.
[05/16/22 23:02:49.104] [info    ] [camera-ua-server] [OPC UA/session] SecureChannel 0 | Session "Administrator" | AddNode (ns=3;i=15397): The value is empty. But this is only allowed for BaseDataType. Create a matching default value.
[05/16/22 23:02:49.104] [info    ] [camera-ua-server] [OPC UA/session] SecureChannel 0 | Session "Administrator" | AddNode (ns=4;i=15013): The value is empty. But this is only allowed for BaseDataType. Create a matching default value.
[05/16/22 23:02:49.104] [info    ] [camera-ua-server] [OPC UA/session] SecureChannel 0 | Session "Administrator" | AddNode (ns=4;i=15014): The value is empty. But this is only allowed for BaseDataType. Create a matching default value.
[05/16/22 23:02:49.105] [info    ] [camera-ua-server] [OPC UA/session] SecureChannel 0 | Session "Administrator" | AddNode (ns=5;i=15213): The value is empty. But this is only allowed for BaseDataType. Create a matching default value.
[05/16/22 23:02:49.105] [info    ] [camera-ua-server] [OPC UA/session] SecureChannel 0 | Session "Administrator" | AddNode (ns=5;i=15215): The value is empty. But this is only allowed for BaseDataType. Create a matching default value.
[05/16/22 23:02:49.105] [info    ] [camera-ua-server] [OPC UA/session] SecureChannel 0 | Session "Administrator" | AddNode (ns=5;i=15218): The value is empty. But this is only allowed for BaseDataType. Create a matching default value.
[05/16/22 23:02:49.105] [info    ] [camera-ua-server] [OPC UA/session] SecureChannel 0 | Session "Administrator" | AddNode (ns=5;i=15220): The value is empty. But this is only allowed for BaseDataType. Create a matching default value.
[05/16/22 23:02:49.105] [info    ] [camera-ua-server] [OPC UA/session] SecureChannel 0 | Session "Administrator" | AddNode (ns=5;i=15221): The value is empty. But this is only allowed for BaseDataType. Create a matching default value.
[05/16/22 23:02:49.105] [info    ] [camera-ua-server] [OPC UA/session] SecureChannel 0 | Session "Administrator" | AddNode (ns=5;i=15225): The value is empty. But this is only allowed for BaseDataType. Create a matching default value.
[05/16/22 23:02:49.105] [info    ] [camera-ua-server] [OPC UA/session] SecureChannel 0 | Session "Administrator" | AddNode (ns=5;i=15226): The value is empty. But this is only allowed for BaseDataType. Create a matching default value.
[05/16/22 23:02:49.106] [info    ] [camera-ua-server] [OPC UA/session] SecureChannel 0 | Session "Administrator" | AddNode (ns=5;i=15227): The value is empty. But this is only allowed for BaseDataType. Create a matching default value.
[05/16/22 23:02:49.106] [info    ] [camera-ua-server] [OPC UA/session] SecureChannel 0 | Session "Administrator" | AddNode (ns=5;i=15242): The value is empty. But this is only allowed for BaseDataType. Create a matching default value.
[05/16/22 23:02:49.106] [info    ] [camera-ua-server] [OPC UA/session] SecureChannel 0 | Session "Administrator" | AddNode (ns=5;i=15249): The value is empty. But this is only allowed for BaseDataType. Create a matching default value.
[05/16/22 23:02:49.106] [info    ] [camera-ua-server] [OPC UA/session] SecureChannel 0 | Session "Administrator" | AddNode (ns=5;i=15162): The value is empty. But this is only allowed for BaseDataType. Create a matching default value.
[05/16/22 23:02:49.106] [info    ] [camera-ua-server] [OPC UA/session] SecureChannel 0 | Session "Administrator" | AddNode (ns=5;i=15164): The value is empty. But this is only allowed for BaseDataType. Create a matching default value.
[05/16/22 23:02:49.106] [info    ] [camera-ua-server] [OPC UA/session] SecureChannel 0 | Session "Administrator" | AddNode (ns=5;i=15165): The value is empty. But this is only allowed for BaseDataType. Create a matching default value.
[05/16/22 23:02:49.106] [info    ] [camera-ua-server] [OPC UA/session] SecureChannel 0 | Session "Administrator" | AddNode (ns=5;i=15166): The value is empty. But this is only allowed for BaseDataType. Create a matching default value.
[05/16/22 23:02:49.106] [info    ] [camera-ua-server] [OPC UA/session] SecureChannel 0 | Session "Administrator" | AddNode (ns=5;i=15167): The value is empty. But this is only allowed for BaseDataType. Create a matching default value.
[05/16/22 23:02:49.106] [info    ] [camera-ua-server] [OPC UA/session] SecureChannel 0 | Session "Administrator" | AddNode (ns=5;i=15169): The value is empty. But this is only allowed for BaseDataType. Create a matching default value.
[05/16/22 23:02:49.107] [info    ] [camera-ua-server] [OPC UA/session] SecureChannel 0 | Session "Administrator" | AddNode (ns=5;i=15171): The value is empty. But this is only allowed for BaseDataType. Create a matching default value.
[05/16/22 23:02:49.107] [info    ] [camera-ua-server] [OPC UA/session] SecureChannel 0 | Session "Administrator" | AddNode (ns=5;i=15173): The value is empty. But this is only allowed for BaseDataType. Create a matching default value.
[05/16/22 23:02:49.107] [info    ] [camera-ua-server] [OPC UA/session] SecureChannel 0 | Session "Administrator" | AddNode (ns=5;i=15250): The value is empty. But this is only allowed for BaseDataType. Create a matching default value.
[05/16/22 23:02:49.108] [warning ] [camera-ua-server] [OPC UA/network] Multicast DNS: outbound interface 0.0.0.0, it means that the first OS interface is used (you can explicitly set the interface by using 'discovery.mdnsInterfaceIP' config parameter)
[05/16/22 23:02:49.108] [info    ] [camera-ua-server] [OPC UA/network] TCP network layer listening on opc.tcp://lucas-laptop:4842/
[05/16/22 23:02:49.109] [info    ] [camera-ua-server] [OPC UA/server] Multicast DNS: add record for domain: pnp.component.camera-lucas-laptop._opcua-tcp._tcp.local.
[05/16/22 23:02:49.109] [info    ] [camera] OPC UA Server initialized: opc.tcp://lucas-laptop:4842/
[05/16/22 23:02:49.111] [info    ] [camera-ua-server] [OPC UA/server] Multicast DNS: found server: opc.tcp://lucas-laptop:4840
[05/16/22 23:02:49.111] [info    ] [camera] OpcUaServer::onServerAnnounce
[05/16/22 23:02:49.112] [warning ] [camera-ua-client] [OPC UA/userland] AcceptAll Certificate Verification. Any remote certificate will be accepted.
[05/16/22 23:02:49.115] [info    ] [camera-ua-client] [OPC UA/channel] Connection 8 | SecureChannel 19 | SecureChannel opened with SecurityPolicy http://opcfoundation.org/UA/SecurityPolicy#None and a revised lifetime of 600.00s
[05/16/22 23:02:49.115] [info    ] [camera-ua-client] [OPC UA/client] Client Status: ChannelState: Open, SessionState: Closed, ConnectStatus: Good
[05/16/22 23:02:49.116] [info    ] [camera-ua-client] [OPC UA/client] Client Status: ChannelState: Closed, SessionState: Closed, ConnectStatus: Good
[05/16/22 23:02:49.116] [info    ] [camera-ua-client] Using endpoint with no security
[05/16/22 23:02:49.116] [warning ] [camera-ua-client] [OPC UA/userland] AcceptAll Certificate Verification. Any remote certificate will be accepted.
[05/16/22 23:02:49.122] [info    ] [camera-ua-client] [OPC UA/channel] Connection 8 | SecureChannel 20 | SecureChannel opened with SecurityPolicy http://opcfoundation.org/UA/SecurityPolicy#None and a revised lifetime of 600.00s
[05/16/22 23:02:49.122] [info    ] [camera-ua-client] [OPC UA/client] Client Status: ChannelState: Open, SessionState: Closed, ConnectStatus: Good
[05/16/22 23:02:49.123] [info    ] [camera-ua-client] [OPC UA/client] Rejecting UserTokenPolicy 0 (anonymous) in endpoint 0: configuration doesn't match
[05/16/22 23:02:49.123] [info    ] [camera-ua-client] [OPC UA/client] Selected endpoint 0 in URL opc.tcp://lucas-laptop:4840 with SecurityMode None and SecurityPolicy http://opcfoundation.org/UA/SecurityPolicy#None
[05/16/22 23:02:49.123] [info    ] [camera-ua-client] [OPC UA/client] Selected UserTokenPolicy open62541-username-policy with UserTokenType UserName and SecurityPolicy http://opcfoundation.org/UA/SecurityPolicy#None
[05/16/22 23:02:49.124] [info    ] [camera-ua-client] [OPC UA/client] Client Status: ChannelState: Open, SessionState: Created, ConnectStatus: Good
[05/16/22 23:02:49.125] [info    ] [camera-ua-client] [OPC UA/client] Client Status: ChannelState: Open, SessionState: Activated, ConnectStatus: Good
[05/16/22 23:02:49.128] [info    ] [camera-ua-client] [OPC UA/client] Client Status: ChannelState: Closed, SessionState: Closed, ConnectStatus: Good
[05/16/22 23:02:49.128] [info    ] [camera] [OpcUaServer] Setting Perioric Register
[05/16/22 23:02:49.128] [info    ] [camera] Found LDS Server on opc.tcp://lucas-laptop:4840
[05/16/22 23:02:49.128] [warning ] [camera-ua-client] [OPC UA/userland] AcceptAll Certificate Verification. Any remote certificate will be accepted.
[05/16/22 23:02:49.132] [info    ] [camera-ua-client] [OPC UA/channel] Connection 8 | SecureChannel 21 | SecureChannel opened with SecurityPolicy http://opcfoundation.org/UA/SecurityPolicy#None and a revised lifetime of 600.00s
[05/16/22 23:02:49.132] [info    ] [camera-ua-client] [OPC UA/client] Client Status: ChannelState: Open, SessionState: Closed, ConnectStatus: Good
[05/16/22 23:02:49.133] [info    ] [camera-ua-client] [OPC UA/client] Client Status: ChannelState: Closed, SessionState: Closed, ConnectStatus: Good
[05/16/22 23:02:49.133] [info    ] [camera-ua-client] Using endpoint with no security
[05/16/22 23:02:49.133] [warning ] [camera-ua-client] [OPC UA/userland] AcceptAll Certificate Verification. Any remote certificate will be accepted.
[05/16/22 23:02:49.637] [info    ] [camera-ua-client] [OPC UA/channel] Connection 8 | SecureChannel 22 | SecureChannel opened with SecurityPolicy http://opcfoundation.org/UA/SecurityPolicy#None and a revised lifetime of 600.00s
[05/16/22 23:02:49.637] [info    ] [camera-ua-client] [OPC UA/client] Client Status: ChannelState: Open, SessionState: Closed, ConnectStatus: Good
[05/16/22 23:02:52.203] [info    ] [camera-ua-server] [OPC UA/network] Connection 9 | New connection over TCP from 127.0.0.1
[05/16/22 23:02:52.206] [info    ] [camera-ua-server] [OPC UA/channel] Connection 9 | SecureChannel 1 | SecureChannel opened with SecurityPolicy http://opcfoundation.org/UA/SecurityPolicy#None and a revised lifetime of 300.00s
[05/16/22 23:02:52.208] [info    ] [camera-ua-server] [OPC UA/channel] Connection 9 | SecureChannel 1 | CloseSecureChannel
[05/16/22 23:02:52.210] [info    ] [camera-ua-server] [OPC UA/network] Connection 9 | Closed
[05/16/22 23:02:52.223] [info    ] [camera-ua-server] [OPC UA/network] Connection 9 | New connection over TCP from 127.0.0.1
[05/16/22 23:02:52.225] [info    ] [camera-ua-server] [OPC UA/channel] Connection 9 | SecureChannel 2 | SecureChannel opened with SecurityPolicy http://opcfoundation.org/UA/SecurityPolicy#None and a revised lifetime of 600.00s
[05/16/22 23:02:52.226] [info    ] [camera-ua-server] [OPC UA/session] SecureChannel 2 | Session "urn:lucas-laptop:UnifiedAutomation:UaExpert" | Session created
[05/16/22 23:02:52.228] [info    ] [camera-ua-server] [OPC UA/session] SecureChannel 2 | Session "urn:lucas-laptop:UnifiedAutomation:UaExpert" | ActivateSession: Session activated
[05/16/22 23:02:52.269] [info    ] [camera-ua-server] [OPC UA/session] SecureChannel 2 | Session "urn:lucas-laptop:UnifiedAutomation:UaExpert" | Subscription 1 | Subscription created (Publishing interval 100.00ms, max 1000 notifications per publish)
[05/16/22 23:02:52.271] [info    ] [camera-ua-server] [OPC UA/session] SecureChannel 2 | Session "urn:lucas-laptop:UnifiedAutomation:UaExpert" | Subscription 1 | MonitoredItem 1 | Created the MonitoredItem (Sampling Interval: 0.00ms, Queue Size: 100)
[05/16/22 23:02:52.297] [info    ] [camera-ua-server] [OPC UA/session] SecureChannel 2 | Session "urn:lucas-laptop:UnifiedAutomation:UaExpert" | Subscription 2 | Subscription created (Publishing interval 500.00ms, max 1000 notifications per publish)
[05/16/22 23:02:52.302] [info    ] [camera-ua-server] [OPC UA/session] SecureChannel 2 | Session "urn:lucas-laptop:UnifiedAutomation:UaExpert" | Subscription 2 | MonitoredItem 1 | Created the MonitoredItem (Sampling Interval: 250.00ms, Queue Size: 1)
[05/16/22 23:02:52.302] [info    ] [camera-ua-server] [OPC UA/session] SecureChannel 2 | Session "urn:lucas-laptop:UnifiedAutomation:UaExpert" | Subscription 2 | MonitoredItem 2 | Created the MonitoredItem (Sampling Interval: 250.00ms, Queue Size: 1)
[05/16/22 23:02:59.071] [info    ] [camera-ua-server] [OPC UA/session] SecureChannel 2 | Session "urn:lucas-laptop:UnifiedAutomation:UaExpert" | Subscription 2 | MonitoredItem 1 | Deleting the MonitoredItem
[05/16/22 23:02:59.607] [info    ] [camera-ua-server] [OPC UA/session] SecureChannel 2 | Session "urn:lucas-laptop:UnifiedAutomation:UaExpert" | Subscription 2 | MonitoredItem 2 | Deleting the MonitoredItem
[05/16/22 23:02:59.610] [info    ] [camera-ua-server] [OPC UA/session] SecureChannel 2 | Session "urn:lucas-laptop:UnifiedAutomation:UaExpert" | Subscription 2 | Subscription deleted
[05/16/22 23:03:02.275] [info    ] [camera-ua-server] [OPC UA/session] SecureChannel 2 | Session "urn:lucas-laptop:UnifiedAutomation:UaExpert" | Subscription 3 | Subscription created (Publishing interval 500.00ms, max 1000 notifications per publish)
[05/16/22 23:03:02.278] [info    ] [camera-ua-server] [OPC UA/session] SecureChannel 2 | Session "urn:lucas-laptop:UnifiedAutomation:UaExpert" | Subscription 3 | MonitoredItem 1 | Created the MonitoredItem (Sampling Interval: 250.00ms, Queue Size: 1)
[05/16/22 23:03:14.381] [info    ] [camera] Taking photo and savig it in Image/Data variable.
[05/16/22 23:03:30.708] [info    ] [camera] Taking photo and savig it in Image/Data variable.
[05/16/22 23:03:31.109] [info    ] [camera] Taking photo and savig it in Image/Data variable.
[05/16/22 23:03:31.254] [info    ] [camera] Taking photo and savig it in Image/Data variable.
[05/16/22 23:03:31.404] [info    ] [camera] Taking photo and savig it in Image/Data variable.
[05/16/22 23:03:31.563] [info    ] [camera] Taking photo and savig it in Image/Data variable.
[05/16/22 23:03:31.712] [info    ] [camera] Taking photo and savig it in Image/Data variable.
[05/16/22 23:03:31.855] [info    ] [camera] Taking photo and savig it in Image/Data variable.
[05/16/22 23:03:32.581] [info    ] [camera] Taking photo and savig it in Image/Data variable.
[05/16/22 23:03:32.777] [info    ] [camera] Taking photo and savig it in Image/Data variable.
[05/16/22 23:03:34.165] [info    ] [camera] Taking photo and savig it in Image/Data variable.
[05/16/22 23:03:34.408] [info    ] [camera] Taking photo and savig it in Image/Data variable.
[05/16/22 23:03:34.671] [info    ] [camera] Taking photo and savig it in Image/Data variable.
[05/16/22 23:03:34.871] [info    ] [camera] Taking photo and savig it in Image/Data variable.
[05/16/22 23:03:35.089] [info    ] [camera] Taking photo and savig it in Image/Data variable.
[05/16/22 23:03:35.324] [info    ] [camera] Taking photo and savig it in Image/Data variable.
[05/16/22 23:03:35.482] [info    ] [camera] Taking photo and savig it in Image/Data variable.
[05/16/22 23:03:35.699] [info    ] [camera] Taking photo and savig it in Image/Data variable.
[05/16/22 23:03:35.902] [info    ] [camera] Taking photo and savig it in Image/Data variable.
[05/16/22 23:03:36.093] [info    ] [camera] Taking photo and savig it in Image/Data variable.
[05/16/22 23:03:36.285] [info    ] [camera] Taking photo and savig it in Image/Data variable.
[05/16/22 23:03:36.477] [info    ] [camera] Taking photo and savig it in Image/Data variable.
[05/16/22 23:03:36.685] [info    ] [camera] Taking photo and savig it in Image/Data variable.
[05/16/22 23:03:36.890] [info    ] [camera] Taking photo and savig it in Image/Data variable.
[05/16/22 23:03:37.073] [info    ] [camera] Taking photo and savig it in Image/Data variable.
[05/16/22 23:03:37.229] [info    ] [camera] Taking photo and savig it in Image/Data variable.
[05/16/22 23:03:37.402] [info    ] [camera] Taking photo and savig it in Image/Data variable.
[05/16/22 23:03:37.520] [warning ] [camera] Transition not allowed: RUNNING -> RUNNING
[05/16/22 23:03:37.675] [info    ] [camera] Taking photo and savig it in Image/Data variable.
[05/16/22 23:03:37.806] [warning ] [camera] Transition not allowed: RUNNING -> RUNNING
[05/16/22 23:03:37.936] [info    ] [camera] Taking photo and savig it in Image/Data variable.
[05/16/22 23:03:38.090] [info    ] [camera] Taking photo and savig it in Image/Data variable.
[05/16/22 23:03:38.450] [info    ] [camera] Taking photo and savig it in Image/Data variable.
[05/16/22 23:03:45.566] [info    ] [camera-ua-server] [OPC UA/session] SecureChannel 2 | Session "urn:lucas-laptop:UnifiedAutomation:UaExpert" | Subscription 1 | Subscription deleted
[05/16/22 23:03:45.567] [info    ] [camera-ua-server] [OPC UA/server] Subscription 1 | MonitoredItem 1 | Deleting the MonitoredItem
[05/16/22 23:03:45.569] [info    ] [camera-ua-server] [OPC UA/session] SecureChannel 2 | Session "urn:lucas-laptop:UnifiedAutomation:UaExpert" | Closing the Session
[05/16/22 23:03:45.569] [info    ] [camera-ua-server] [OPC UA/session] SecureChannel 2 | Session "urn:lucas-laptop:UnifiedAutomation:UaExpert" | Subscription 3 | Subscription deleted
[05/16/22 23:03:45.569] [info    ] [camera-ua-server] [OPC UA/server] Subscription 3 | MonitoredItem 1 | Deleting the MonitoredItem
[05/16/22 23:03:45.575] [info    ] [camera-ua-server] [OPC UA/channel] Connection 9 | SecureChannel 2 | CloseSecureChannel
[05/16/22 23:03:45.576] [info    ] [camera-ua-server] [OPC UA/network] Connection 9 | Closed
[05/16/22 23:03:50.589] [warning ] [camera] Received Ctrl-C. Shutting down...
[05/16/22 23:03:50.593] [info    ] [camera-ua-client] [OPC UA/client] Client Status: ChannelState: Closed, SessionState: Closed, ConnectStatus: Good
[05/16/22 23:03:50.593] [info    ] [camera-ua-server] [OPC UA/network] Shutting down the TCP network layer
[05/16/22 23:03:50.594] [info    ] [camera-ua-server] [OPC UA/server] Multicast DNS: remove record for domain: pnp.component.camera-lucas-laptop._opcua-tcp._tcp.local.
