[05/16/22 22:53:16.691] [info    ] [camera] Starting Camera Server ...
[05/16/22 22:53:16.691] [warning ] [camera-ua-server] [OPC UA/userland] AcceptAll Certificate Verification. Any remote certificate will be accepted.
[05/16/22 22:53:16.691] [warning ] [camera-ua-server] [OPC UA/server] AccessControl: Unconfigured AccessControl. Users have all permissions.
[05/16/22 22:53:16.691] [info    ] [camera-ua-server] [OPC UA/server] AccessControl: Anonymous login is enabled
[05/16/22 22:53:16.691] [info    ] [camera-ua-server] [OPC UA/server] AccessControl: x509 certificate user authentication is enabled
[05/16/22 22:53:16.691] [warning ] [camera-ua-server] [OPC UA/server] Username/Password Authentication configured, but no encrypting SecurityPolicy. This can leak credentials on the network.
[05/16/22 22:53:16.832] [info    ] [camera-ua-server] [OPC UA/session] SecureChannel 0 | Session "Administrator" | AddNode (ns=2;i=15031): The value is empty. But this is only allowed for BaseDataType. Create a matching default value.
[05/16/22 22:53:16.832] [info    ] [camera-ua-server] [OPC UA/session] SecureChannel 0 | Session "Administrator" | AddNode (ns=2;i=15032): The value is empty. But this is only allowed for BaseDataType. Create a matching default value.
[05/16/22 22:53:16.832] [info    ] [camera-ua-server] [OPC UA/session] SecureChannel 0 | Session "Administrator" | AddNode (ns=2;i=15033): The value is empty. But this is only allowed for BaseDataType. Create a matching default value.
[05/16/22 22:53:16.833] [info    ] [camera-ua-server] [OPC UA/session] SecureChannel 0 | Session "Administrator" | AddNode (ns=2;i=6095): The value is empty. But this is only allowed for BaseDataType. Create a matching default value.
[05/16/22 22:53:16.833] [info    ] [camera-ua-server] [OPC UA/session] SecureChannel 0 | Session "Administrator" | AddNode (ns=2;i=6009): The value is empty. But this is only allowed for BaseDataType. Create a matching default value.
[05/16/22 22:53:16.833] [info    ] [camera-ua-server] [OPC UA/session] SecureChannel 0 | Session "Administrator" | AddNode (ns=2;i=6010): The value is empty. But this is only allowed for BaseDataType. Create a matching default value.
[05/16/22 22:53:16.833] [info    ] [camera-ua-server] [OPC UA/session] SecureChannel 0 | Session "Administrator" | AddNode (ns=2;i=6011): The value is empty. But this is only allowed for BaseDataType. Create a matching default value.
[05/16/22 22:53:16.833] [info    ] [camera-ua-server] [OPC UA/session] SecureChannel 0 | Session "Administrator" | AddNode (ns=2;i=6012): The value is empty. But this is only allowed for BaseDataType. Create a matching default value.
[05/16/22 22:53:16.833] [info    ] [camera-ua-server] [OPC UA/session] SecureChannel 0 | Session "Administrator" | AddNode (ns=2;i=6013): The value is empty. But this is only allowed for BaseDataType. Create a matching default value.
[05/16/22 22:53:16.833] [info    ] [camera-ua-server] [OPC UA/session] SecureChannel 0 | Session "Administrator" | AddNode (ns=2;i=15100): The value is empty. But this is only allowed for BaseDataType. Create a matching default value.
[05/16/22 22:53:16.833] [info    ] [camera-ua-server] [OPC UA/session] SecureChannel 0 | Session "Administrator" | AddNode (ns=2;i=15101): The value is empty. But this is only allowed for BaseDataType. Create a matching default value.
[05/16/22 22:53:16.833] [info    ] [camera-ua-server] [OPC UA/session] SecureChannel 0 | Session "Administrator" | AddNode (ns=2;i=15102): The value is empty. But this is only allowed for BaseDataType. Create a matching default value.
[05/16/22 22:53:16.833] [info    ] [camera-ua-server] [OPC UA/session] SecureChannel 0 | Session "Administrator" | AddNode (ns=2;i=6001): The value is empty. But this is only allowed for BaseDataType. Create a matching default value.
[05/16/22 22:53:16.833] [info    ] [camera-ua-server] [OPC UA/session] SecureChannel 0 | Session "Administrator" | AddNode (ns=2;i=6002): The value is empty. But this is only allowed for BaseDataType. Create a matching default value.
[05/16/22 22:53:16.833] [info    ] [camera-ua-server] [OPC UA/session] SecureChannel 0 | Session "Administrator" | AddNode (ns=2;i=6003): The value is empty. But this is only allowed for BaseDataType. Create a matching default value.
[05/16/22 22:53:16.833] [info    ] [camera-ua-server] [OPC UA/session] SecureChannel 0 | Session "Administrator" | AddNode (ns=2;i=6004): The value is empty. But this is only allowed for BaseDataType. Create a matching default value.
[05/16/22 22:53:16.833] [info    ] [camera-ua-server] [OPC UA/session] SecureChannel 0 | Session "Administrator" | AddNode (ns=2;i=6005): The value is empty. But this is only allowed for BaseDataType. Create a matching default value.
[05/16/22 22:53:16.833] [info    ] [camera-ua-server] [OPC UA/session] SecureChannel 0 | Session "Administrator" | AddNode (ns=2;i=6006): The value is empty. But this is only allowed for BaseDataType. Create a matching default value.
[05/16/22 22:53:16.833] [info    ] [camera-ua-server] [OPC UA/session] SecureChannel 0 | Session "Administrator" | AddNode (ns=2;i=6007): The value is empty. But this is only allowed for BaseDataType. Create a matching default value.
[05/16/22 22:53:16.833] [info    ] [camera-ua-server] [OPC UA/session] SecureChannel 0 | Session "Administrator" | AddNode (ns=2;i=6008): The value is empty. But this is only allowed for BaseDataType. Create a matching default value.
[05/16/22 22:53:16.833] [info    ] [camera-ua-server] [OPC UA/session] SecureChannel 0 | Session "Administrator" | AddNode (ns=2;i=6208): The value is empty. But this is only allowed for BaseDataType. Create a matching default value.
[05/16/22 22:53:16.834] [info    ] [camera-ua-server] [OPC UA/session] SecureChannel 0 | Session "Administrator" | AddNode (ns=2;i=6210): The value is empty. But this is only allowed for BaseDataType. Create a matching default value.
[05/16/22 22:53:16.834] [info    ] [camera-ua-server] [OPC UA/session] SecureChannel 0 | Session "Administrator" | AddNode (ns=2;i=6212): The value is empty. But this is only allowed for BaseDataType. Create a matching default value.
[05/16/22 22:53:16.834] [info    ] [camera-ua-server] [OPC UA/session] SecureChannel 0 | Session "Administrator" | AddNode (ns=2;i=6214): The value is empty. But this is only allowed for BaseDataType. Create a matching default value.
[05/16/22 22:53:16.834] [info    ] [camera-ua-server] [OPC UA/session] SecureChannel 0 | Session "Administrator" | AddNode (ns=2;i=6216): The value is empty. But this is only allowed for BaseDataType. Create a matching default value.
[05/16/22 22:53:16.834] [info    ] [camera-ua-server] [OPC UA/session] SecureChannel 0 | Session "Administrator" | AddNode (ns=2;i=6470): The value is empty. But this is only allowed for BaseDataType. Create a matching default value.
[05/16/22 22:53:16.834] [info    ] [camera-ua-server] [OPC UA/session] SecureChannel 0 | Session "Administrator" | AddNode (ns=2;i=15086): The value is empty. But this is only allowed for BaseDataType. Create a matching default value.
[05/16/22 22:53:16.834] [info    ] [camera-ua-server] [OPC UA/session] SecureChannel 0 | Session "Administrator" | AddNode (ns=2;i=15087): The value is empty. But this is only allowed for BaseDataType. Create a matching default value.
[05/16/22 22:53:16.834] [info    ] [camera-ua-server] [OPC UA/session] SecureChannel 0 | Session "Administrator" | AddNode (ns=2;i=15088): The value is empty. But this is only allowed for BaseDataType. Create a matching default value.
[05/16/22 22:53:16.834] [info    ] [camera-ua-server] [OPC UA/session] SecureChannel 0 | Session "Administrator" | AddNode (ns=2;i=15089): The value is empty. But this is only allowed for BaseDataType. Create a matching default value.
[05/16/22 22:53:16.834] [info    ] [camera-ua-server] [OPC UA/session] SecureChannel 0 | Session "Administrator" | AddNode (ns=2;i=15090): The value is empty. But this is only allowed for BaseDataType. Create a matching default value.
[05/16/22 22:53:16.834] [info    ] [camera-ua-server] [OPC UA/session] SecureChannel 0 | Session "Administrator" | AddNode (ns=2;i=15091): The value is empty. But this is only allowed for BaseDataType. Create a matching default value.
[05/16/22 22:53:16.834] [info    ] [camera-ua-server] [OPC UA/session] SecureChannel 0 | Session "Administrator" | AddNode (ns=2;i=15092): The value is empty. But this is only allowed for BaseDataType. Create a matching default value.
[05/16/22 22:53:16.834] [info    ] [camera-ua-server] [OPC UA/session] SecureChannel 0 | Session "Administrator" | AddNode (ns=2;i=15093): The value is empty. But this is only allowed for BaseDataType. Create a matching default value.
[05/16/22 22:53:16.834] [info    ] [camera-ua-server] [OPC UA/session] SecureChannel 0 | Session "Administrator" | AddNode (ns=2;i=15094): The value is empty. But this is only allowed for BaseDataType. Create a matching default value.
[05/16/22 22:53:16.834] [info    ] [camera-ua-server] [OPC UA/session] SecureChannel 0 | Session "Administrator" | AddNode (ns=2;i=15095): The value is empty. But this is only allowed for BaseDataType. Create a matching default value.
[05/16/22 22:53:16.834] [info    ] [camera-ua-server] [OPC UA/session] SecureChannel 0 | Session "Administrator" | AddNode (ns=2;i=15096): The value is empty. But this is only allowed for BaseDataType. Create a matching default value.
[05/16/22 22:53:16.834] [info    ] [camera-ua-server] [OPC UA/session] SecureChannel 0 | Session "Administrator" | AddNode (ns=2;i=15097): The value is empty. But this is only allowed for BaseDataType. Create a matching default value.
[05/16/22 22:53:16.834] [info    ] [camera-ua-server] [OPC UA/session] SecureChannel 0 | Session "Administrator" | AddNode (ns=2;i=15098): The value is empty. But this is only allowed for BaseDataType. Create a matching default value.
[05/16/22 22:53:16.834] [info    ] [camera-ua-server] [OPC UA/session] SecureChannel 0 | Session "Administrator" | AddNode (ns=2;i=15099): The value is empty. But this is only allowed for BaseDataType. Create a matching default value.
[05/16/22 22:53:16.834] [info    ] [camera-ua-server] [OPC UA/session] SecureChannel 0 | Session "Administrator" | AddNode (ns=2;i=15129): The value is empty. But this is only allowed for BaseDataType. Create a matching default value.
[05/16/22 22:53:16.834] [info    ] [camera-ua-server] [OPC UA/session] SecureChannel 0 | Session "Administrator" | AddNode (ns=2;i=15131): The value is empty. But this is only allowed for BaseDataType. Create a matching default value.
[05/16/22 22:53:16.834] [info    ] [camera-ua-server] [OPC UA/session] SecureChannel 0 | Session "Administrator" | AddNode (ns=2;i=15133): The value is empty. But this is only allowed for BaseDataType. Create a matching default value.
[05/16/22 22:53:16.835] [info    ] [camera-ua-server] [OPC UA/session] SecureChannel 0 | Session "Administrator" | AddNode (ns=2;i=6163): The value is empty. But this is only allowed for BaseDataType. Create a matching default value.
[05/16/22 22:53:16.835] [info    ] [camera-ua-server] [OPC UA/session] SecureChannel 0 | Session "Administrator" | AddNode (ns=2;i=6164): The value is empty. But this is only allowed for BaseDataType. Create a matching default value.
[05/16/22 22:53:16.835] [info    ] [camera-ua-server] [OPC UA/session] SecureChannel 0 | Session "Administrator" | AddNode (ns=2;i=6165): The value is empty. But this is only allowed for BaseDataType. Create a matching default value.
[05/16/22 22:53:16.835] [info    ] [camera-ua-server] [OPC UA/session] SecureChannel 0 | Session "Administrator" | AddNode (ns=2;i=6468): The value is empty. But this is only allowed for BaseDataType. Create a matching default value.
[05/16/22 22:53:16.835] [info    ] [camera-ua-server] [OPC UA/session] SecureChannel 0 | Session "Administrator" | AddNode (ns=2;i=15036): The value is empty. But this is only allowed for BaseDataType. Create a matching default value.
[05/16/22 22:53:16.835] [info    ] [camera-ua-server] [OPC UA/session] SecureChannel 0 | Session "Administrator" | AddNode (ns=2;i=15037): The value is empty. But this is only allowed for BaseDataType. Create a matching default value.
[05/16/22 22:53:16.835] [info    ] [camera-ua-server] [OPC UA/session] SecureChannel 0 | Session "Administrator" | AddNode (ns=2;i=15038): The value is empty. But this is only allowed for BaseDataType. Create a matching default value.
[05/16/22 22:53:16.835] [info    ] [camera-ua-server] [OPC UA/session] SecureChannel 0 | Session "Administrator" | AddNode (ns=2;i=15039): The value is empty. But this is only allowed for BaseDataType. Create a matching default value.
[05/16/22 22:53:16.835] [info    ] [camera-ua-server] [OPC UA/session] SecureChannel 0 | Session "Administrator" | AddNode (ns=2;i=15040): The value is empty. But this is only allowed for BaseDataType. Create a matching default value.
[05/16/22 22:53:16.835] [info    ] [camera-ua-server] [OPC UA/session] SecureChannel 0 | Session "Administrator" | AddNode (ns=2;i=15041): The value is empty. But this is only allowed for BaseDataType. Create a matching default value.
[05/16/22 22:53:16.835] [info    ] [camera-ua-server] [OPC UA/session] SecureChannel 0 | Session "Administrator" | AddNode (ns=2;i=15042): The value is empty. But this is only allowed for BaseDataType. Create a matching default value.
[05/16/22 22:53:16.835] [info    ] [camera-ua-server] [OPC UA/session] SecureChannel 0 | Session "Administrator" | AddNode (ns=2;i=15043): The value is empty. But this is only allowed for BaseDataType. Create a matching default value.
[05/16/22 22:53:16.835] [info    ] [camera-ua-server] [OPC UA/session] SecureChannel 0 | Session "Administrator" | AddNode (ns=2;i=15044): The value is empty. But this is only allowed for BaseDataType. Create a matching default value.
[05/16/22 22:53:16.835] [info    ] [camera-ua-server] [OPC UA/session] SecureChannel 0 | Session "Administrator" | AddNode (ns=2;i=15045): The value is empty. But this is only allowed for BaseDataType. Create a matching default value.
[05/16/22 22:53:16.835] [info    ] [camera-ua-server] [OPC UA/session] SecureChannel 0 | Session "Administrator" | AddNode (ns=2;i=15046): The value is empty. But this is only allowed for BaseDataType. Create a matching default value.
[05/16/22 22:53:16.835] [info    ] [camera-ua-server] [OPC UA/session] SecureChannel 0 | Session "Administrator" | AddNode (ns=2;i=15047): The value is empty. But this is only allowed for BaseDataType. Create a matching default value.
[05/16/22 22:53:16.835] [info    ] [camera-ua-server] [OPC UA/session] SecureChannel 0 | Session "Administrator" | AddNode (ns=2;i=15049): The value is empty. But this is only allowed for BaseDataType. Create a matching default value.
[05/16/22 22:53:16.835] [info    ] [camera-ua-server] [OPC UA/session] SecureChannel 0 | Session "Administrator" | AddNode (ns=2;i=15050): The value is empty. But this is only allowed for BaseDataType. Create a matching default value.
[05/16/22 22:53:16.835] [info    ] [camera-ua-server] [OPC UA/session] SecureChannel 0 | Session "Administrator" | AddNode (ns=2;i=15052): The value is empty. But this is only allowed for BaseDataType. Create a matching default value.
[05/16/22 22:53:16.836] [info    ] [camera-ua-server] [OPC UA/session] SecureChannel 0 | Session "Administrator" | AddNode (ns=2;i=15056): The value is empty. But this is only allowed for BaseDataType. Create a matching default value.
[05/16/22 22:53:16.836] [info    ] [camera-ua-server] [OPC UA/session] SecureChannel 0 | Session "Administrator" | AddNode (ns=2;i=15058): The value is empty. But this is only allowed for BaseDataType. Create a matching default value.
[05/16/22 22:53:16.836] [info    ] [camera-ua-server] [OPC UA/session] SecureChannel 0 | Session "Administrator" | AddNode (ns=2;i=15060): The value is empty. But this is only allowed for BaseDataType. Create a matching default value.
[05/16/22 22:53:16.836] [info    ] [camera-ua-server] [OPC UA/session] SecureChannel 0 | Session "Administrator" | AddNode (ns=2;i=15062): The value is empty. But this is only allowed for BaseDataType. Create a matching default value.
[05/16/22 22:53:16.836] [info    ] [camera-ua-server] [OPC UA/session] SecureChannel 0 | Session "Administrator" | AddNode (ns=2;i=6296): The value is empty. But this is only allowed for BaseDataType. Create a matching default value.
[05/16/22 22:53:16.836] [info    ] [camera-ua-server] [OPC UA/session] SecureChannel 0 | Session "Administrator" | AddNode (ns=2;i=6297): The value is empty. But this is only allowed for BaseDataType. Create a matching default value.
[05/16/22 22:53:16.836] [info    ] [camera-ua-server] [OPC UA/session] SecureChannel 0 | Session "Administrator" | AddNode (ns=2;i=6298): The value is empty. But this is only allowed for BaseDataType. Create a matching default value.
[05/16/22 22:53:16.836] [info    ] [camera-ua-server] [OPC UA/session] SecureChannel 0 | Session "Administrator" | AddNode (ns=2;i=6497): The value is empty. But this is only allowed for BaseDataType. Create a matching default value.
[05/16/22 22:53:16.836] [info    ] [camera-ua-server] [OPC UA/session] SecureChannel 0 | Session "Administrator" | AddNode (ns=2;i=6387): The value is empty. But this is only allowed for BaseDataType. Create a matching default value.
[05/16/22 22:53:16.836] [info    ] [camera-ua-server] [OPC UA/session] SecureChannel 0 | Session "Administrator" | AddNode (ns=2;i=6390): The value is empty. But this is only allowed for BaseDataType. Create a matching default value.
[05/16/22 22:53:16.836] [info    ] [camera-ua-server] [OPC UA/session] SecureChannel 0 | Session "Administrator" | AddNode (ns=2;i=6391): The value is empty. But this is only allowed for BaseDataType. Create a matching default value.
[05/16/22 22:53:16.836] [info    ] [camera-ua-server] [OPC UA/session] SecureChannel 0 | Session "Administrator" | AddNode (ns=2;i=6392): The value is empty. But this is only allowed for BaseDataType. Create a matching default value.
[05/16/22 22:53:16.836] [info    ] [camera-ua-server] [OPC UA/session] SecureChannel 0 | Session "Administrator" | AddNode (ns=2;i=6534): The value is empty. But this is only allowed for BaseDataType. Create a matching default value.
[05/16/22 22:53:16.836] [info    ] [camera-ua-server] [OPC UA/session] SecureChannel 0 | Session "Administrator" | AddNode (ns=2;i=123): The value is empty. But this is only allowed for BaseDataType. Create a matching default value.
[05/16/22 22:53:16.837] [info    ] [camera-ua-server] [OPC UA/session] SecureChannel 0 | Session "Administrator" | AddNode (ns=2;i=133): The value is empty. But this is only allowed for BaseDataType. Create a matching default value.
[05/16/22 22:53:16.837] [info    ] [camera-ua-server] [OPC UA/session] SecureChannel 0 | Session "Administrator" | AddNode (ns=2;i=6): The value is empty. But this is only allowed for BaseDataType. Create a matching default value.
[05/16/22 22:53:16.837] [info    ] [camera-ua-server] [OPC UA/session] SecureChannel 0 | Session "Administrator" | AddNode (ns=2;i=42): The value is empty. But this is only allowed for BaseDataType. Create a matching default value.
[05/16/22 22:53:16.837] [info    ] [camera-ua-server] [OPC UA/session] SecureChannel 0 | Session "Administrator" | AddNode (ns=2;i=402): The value is empty. But this is only allowed for BaseDataType. Create a matching default value.
[05/16/22 22:53:16.837] [info    ] [camera-ua-server] [OPC UA/session] SecureChannel 0 | Session "Administrator" | AddNode (ns=2;i=78): The value is empty. But this is only allowed for BaseDataType. Create a matching default value.
[05/16/22 22:53:16.837] [info    ] [camera-ua-server] [OPC UA/session] SecureChannel 0 | Session "Administrator" | AddNode (ns=2;i=113): The value is empty. But this is only allowed for BaseDataType. Create a matching default value.
[05/16/22 22:53:16.837] [info    ] [camera-ua-server] [OPC UA/session] SecureChannel 0 | Session "Administrator" | AddNode (ns=2;i=100): The value is empty. But this is only allowed for BaseDataType. Create a matching default value.
[05/16/22 22:53:16.837] [info    ] [camera-ua-server] [OPC UA/session] SecureChannel 0 | Session "Administrator" | AddNode (ns=2;i=136): The value is empty. But this is only allowed for BaseDataType. Create a matching default value.
[05/16/22 22:53:16.837] [info    ] [camera-ua-server] [OPC UA/session] SecureChannel 0 | Session "Administrator" | AddNode (ns=2;i=345): The value is empty. But this is only allowed for BaseDataType. Create a matching default value.
[05/16/22 22:53:16.837] [info    ] [camera-ua-server] [OPC UA/session] SecureChannel 0 | Session "Administrator" | AddNode (ns=2;i=346): The value is empty. But this is only allowed for BaseDataType. Create a matching default value.
[05/16/22 22:53:16.838] [info    ] [camera-ua-server] [OPC UA/session] SecureChannel 0 | Session "Administrator" | AddNode (ns=2;i=347): The value is empty. But this is only allowed for BaseDataType. Create a matching default value.
[05/16/22 22:53:16.838] [info    ] [camera-ua-server] [OPC UA/session] SecureChannel 0 | Session "Administrator" | AddNode (ns=2;i=141): The value is empty. But this is only allowed for BaseDataType. Create a matching default value.
[05/16/22 22:53:16.838] [info    ] [camera-ua-server] [OPC UA/session] SecureChannel 0 | Session "Administrator" | AddNode (ns=2;i=151): The value is empty. But this is only allowed for BaseDataType. Create a matching default value.
[05/16/22 22:53:16.838] [info    ] [camera-ua-server] [OPC UA/session] SecureChannel 0 | Session "Administrator" | AddNode (ns=2;i=152): The value is empty. But this is only allowed for BaseDataType. Create a matching default value.
[05/16/22 22:53:16.838] [info    ] [camera-ua-server] [OPC UA/session] SecureChannel 0 | Session "Administrator" | AddNode (ns=2;i=169): The value is empty. But this is only allowed for BaseDataType. Create a matching default value.
[05/16/22 22:53:16.838] [info    ] [camera-ua-server] [OPC UA/session] SecureChannel 0 | Session "Administrator" | AddNode (ns=2;i=170): The value is empty. But this is only allowed for BaseDataType. Create a matching default value.
[05/16/22 22:53:16.838] [info    ] [camera-ua-server] [OPC UA/session] SecureChannel 0 | Session "Administrator" | AddNode (ns=2;i=366): The value is empty. But this is only allowed for BaseDataType. Create a matching default value.
[05/16/22 22:53:16.838] [info    ] [camera-ua-server] [OPC UA/session] SecureChannel 0 | Session "Administrator" | AddNode (ns=2;i=367): The value is empty. But this is only allowed for BaseDataType. Create a matching default value.
[05/16/22 22:53:16.838] [info    ] [camera-ua-server] [OPC UA/session] SecureChannel 0 | Session "Administrator" | AddNode (ns=2;i=368): The value is empty. But this is only allowed for BaseDataType. Create a matching default value.
[05/16/22 22:53:16.838] [info    ] [camera-ua-server] [OPC UA/session] SecureChannel 0 | Session "Administrator" | AddNode (ns=2;i=373): The value is empty. But this is only allowed for BaseDataType. Create a matching default value.
[05/16/22 22:53:16.838] [info    ] [camera-ua-server] [OPC UA/session] SecureChannel 0 | Session "Administrator" | AddNode (ns=2;i=374): The value is empty. But this is only allowed for BaseDataType. Create a matching default value.
[05/16/22 22:53:16.838] [info    ] [camera-ua-server] [OPC UA/session] SecureChannel 0 | Session "Administrator" | AddNode (ns=2;i=375): The value is empty. But this is only allowed for BaseDataType. Create a matching default value.
[05/16/22 22:53:16.839] [info    ] [camera-ua-server] [OPC UA/session] SecureChannel 0 | Session "Administrator" | AddNode (ns=2;i=380): The value is empty. But this is only allowed for BaseDataType. Create a matching default value.
[05/16/22 22:53:16.839] [info    ] [camera-ua-server] [OPC UA/session] SecureChannel 0 | Session "Administrator" | AddNode (ns=2;i=381): The value is empty. But this is only allowed for BaseDataType. Create a matching default value.
[05/16/22 22:53:16.839] [info    ] [camera-ua-server] [OPC UA/session] SecureChannel 0 | Session "Administrator" | AddNode (ns=2;i=382): The value is empty. But this is only allowed for BaseDataType. Create a matching default value.
[05/16/22 22:53:16.839] [info    ] [camera-ua-server] [OPC UA/session] SecureChannel 0 | Session "Administrator" | AddNode (ns=2;i=383): The value is empty. But this is only allowed for BaseDataType. Create a matching default value.
[05/16/22 22:53:16.839] [info    ] [camera-ua-server] [OPC UA/session] SecureChannel 0 | Session "Administrator" | AddNode (ns=2;i=384): The value is empty. But this is only allowed for BaseDataType. Create a matching default value.
[05/16/22 22:53:16.839] [info    ] [camera-ua-server] [OPC UA/session] SecureChannel 0 | Session "Administrator" | AddNode (ns=2;i=385): The value is empty. But this is only allowed for BaseDataType. Create a matching default value.
[05/16/22 22:53:16.839] [info    ] [camera-ua-server] [OPC UA/session] SecureChannel 0 | Session "Administrator" | AddNode (ns=2;i=386): The value is empty. But this is only allowed for BaseDataType. Create a matching default value.
[05/16/22 22:53:16.839] [info    ] [camera-ua-server] [OPC UA/session] SecureChannel 0 | Session "Administrator" | AddNode (ns=2;i=227): The value is empty. But this is only allowed for BaseDataType. Create a matching default value.
[05/16/22 22:53:16.839] [info    ] [camera-ua-server] [OPC UA/session] SecureChannel 0 | Session "Administrator" | AddNode (ns=2;i=263): The value is empty. But this is only allowed for BaseDataType. Create a matching default value.
[05/16/22 22:53:16.839] [info    ] [camera-ua-server] [OPC UA/session] SecureChannel 0 | Session "Administrator" | AddNode (ns=2;i=264): The value is empty. But this is only allowed for BaseDataType. Create a matching default value.
[05/16/22 22:53:16.840] [info    ] [camera-ua-server] [OPC UA/session] SecureChannel 0 | Session "Administrator" | AddNode (ns=2;i=322): The value is empty. But this is only allowed for BaseDataType. Create a matching default value.
[05/16/22 22:53:16.841] [info    ] [camera-ua-server] [OPC UA/session] SecureChannel 0 | Session "Administrator" | AddNode (ns=3;i=15031): The value is empty. But this is only allowed for BaseDataType. Create a matching default value.
[05/16/22 22:53:16.841] [info    ] [camera-ua-server] [OPC UA/session] SecureChannel 0 | Session "Administrator" | AddNode (ns=3;i=15032): The value is empty. But this is only allowed for BaseDataType. Create a matching default value.
[05/16/22 22:53:16.842] [info    ] [camera-ua-server] [OPC UA/session] SecureChannel 0 | Session "Administrator" | AddNode (ns=3;i=15033): The value is empty. But this is only allowed for BaseDataType. Create a matching default value.
[05/16/22 22:53:16.842] [info    ] [camera-ua-server] [OPC UA/session] SecureChannel 0 | Session "Administrator" | AddNode (ns=3;i=15053): The value is empty. But this is only allowed for BaseDataType. Create a matching default value.
[05/16/22 22:53:16.842] [info    ] [camera-ua-server] [OPC UA/session] SecureChannel 0 | Session "Administrator" | AddNode (ns=3;i=15100): The value is empty. But this is only allowed for BaseDataType. Create a matching default value.
[05/16/22 22:53:16.842] [info    ] [camera-ua-server] [OPC UA/session] SecureChannel 0 | Session "Administrator" | AddNode (ns=3;i=15401): The value is empty. But this is only allowed for BaseDataType. Create a matching default value.
[05/16/22 22:53:16.842] [info    ] [camera-ua-server] [OPC UA/session] SecureChannel 0 | Session "Administrator" | AddNode (ns=3;i=15403): The value is empty. But this is only allowed for BaseDataType. Create a matching default value.
[05/16/22 22:53:16.842] [info    ] [camera-ua-server] [OPC UA/session] SecureChannel 0 | Session "Administrator" | AddNode (ns=3;i=15406): The value is empty. But this is only allowed for BaseDataType. Create a matching default value.
[05/16/22 22:53:16.842] [info    ] [camera-ua-server] [OPC UA/session] SecureChannel 0 | Session "Administrator" | AddNode (ns=3;i=15408): The value is empty. But this is only allowed for BaseDataType. Create a matching default value.
[05/16/22 22:53:16.842] [info    ] [camera-ua-server] [OPC UA/session] SecureChannel 0 | Session "Administrator" | AddNode (ns=3;i=15409): The value is empty. But this is only allowed for BaseDataType. Create a matching default value.
[05/16/22 22:53:16.842] [info    ] [camera-ua-server] [OPC UA/session] SecureChannel 0 | Session "Administrator" | AddNode (ns=3;i=15413): The value is empty. But this is only allowed for BaseDataType. Create a matching default value.
[05/16/22 22:53:16.842] [info    ] [camera-ua-server] [OPC UA/session] SecureChannel 0 | Session "Administrator" | AddNode (ns=3;i=15414): The value is empty. But this is only allowed for BaseDataType. Create a matching default value.
[05/16/22 22:53:16.842] [info    ] [camera-ua-server] [OPC UA/session] SecureChannel 0 | Session "Administrator" | AddNode (ns=3;i=15415): The value is empty. But this is only allowed for BaseDataType. Create a matching default value.
[05/16/22 22:53:16.842] [info    ] [camera-ua-server] [OPC UA/session] SecureChannel 0 | Session "Administrator" | AddNode (ns=3;i=15430): The value is empty. But this is only allowed for BaseDataType. Create a matching default value.
[05/16/22 22:53:16.842] [info    ] [camera-ua-server] [OPC UA/session] SecureChannel 0 | Session "Administrator" | AddNode (ns=3;i=15397): The value is empty. But this is only allowed for BaseDataType. Create a matching default value.
[05/16/22 22:53:16.843] [info    ] [camera-ua-server] [OPC UA/session] SecureChannel 0 | Session "Administrator" | AddNode (ns=4;i=15013): The value is empty. But this is only allowed for BaseDataType. Create a matching default value.
[05/16/22 22:53:16.843] [info    ] [camera-ua-server] [OPC UA/session] SecureChannel 0 | Session "Administrator" | AddNode (ns=4;i=15014): The value is empty. But this is only allowed for BaseDataType. Create a matching default value.
[05/16/22 22:53:16.843] [info    ] [camera-ua-server] [OPC UA/session] SecureChannel 0 | Session "Administrator" | AddNode (ns=5;i=15213): The value is empty. But this is only allowed for BaseDataType. Create a matching default value.
[05/16/22 22:53:16.843] [info    ] [camera-ua-server] [OPC UA/session] SecureChannel 0 | Session "Administrator" | AddNode (ns=5;i=15215): The value is empty. But this is only allowed for BaseDataType. Create a matching default value.
[05/16/22 22:53:16.843] [info    ] [camera-ua-server] [OPC UA/session] SecureChannel 0 | Session "Administrator" | AddNode (ns=5;i=15218): The value is empty. But this is only allowed for BaseDataType. Create a matching default value.
[05/16/22 22:53:16.843] [info    ] [camera-ua-server] [OPC UA/session] SecureChannel 0 | Session "Administrator" | AddNode (ns=5;i=15220): The value is empty. But this is only allowed for BaseDataType. Create a matching default value.
[05/16/22 22:53:16.843] [info    ] [camera-ua-server] [OPC UA/session] SecureChannel 0 | Session "Administrator" | AddNode (ns=5;i=15221): The value is empty. But this is only allowed for BaseDataType. Create a matching default value.
[05/16/22 22:53:16.843] [info    ] [camera-ua-server] [OPC UA/session] SecureChannel 0 | Session "Administrator" | AddNode (ns=5;i=15225): The value is empty. But this is only allowed for BaseDataType. Create a matching default value.
[05/16/22 22:53:16.843] [info    ] [camera-ua-server] [OPC UA/session] SecureChannel 0 | Session "Administrator" | AddNode (ns=5;i=15226): The value is empty. But this is only allowed for BaseDataType. Create a matching default value.
[05/16/22 22:53:16.843] [info    ] [camera-ua-server] [OPC UA/session] SecureChannel 0 | Session "Administrator" | AddNode (ns=5;i=15227): The value is empty. But this is only allowed for BaseDataType. Create a matching default value.
[05/16/22 22:53:16.843] [info    ] [camera-ua-server] [OPC UA/session] SecureChannel 0 | Session "Administrator" | AddNode (ns=5;i=15242): The value is empty. But this is only allowed for BaseDataType. Create a matching default value.
[05/16/22 22:53:16.844] [info    ] [camera-ua-server] [OPC UA/session] SecureChannel 0 | Session "Administrator" | AddNode (ns=5;i=15249): The value is empty. But this is only allowed for BaseDataType. Create a matching default value.
[05/16/22 22:53:16.844] [info    ] [camera-ua-server] [OPC UA/session] SecureChannel 0 | Session "Administrator" | AddNode (ns=5;i=15162): The value is empty. But this is only allowed for BaseDataType. Create a matching default value.
[05/16/22 22:53:16.844] [info    ] [camera-ua-server] [OPC UA/session] SecureChannel 0 | Session "Administrator" | AddNode (ns=5;i=15164): The value is empty. But this is only allowed for BaseDataType. Create a matching default value.
[05/16/22 22:53:16.844] [info    ] [camera-ua-server] [OPC UA/session] SecureChannel 0 | Session "Administrator" | AddNode (ns=5;i=15165): The value is empty. But this is only allowed for BaseDataType. Create a matching default value.
[05/16/22 22:53:16.844] [info    ] [camera-ua-server] [OPC UA/session] SecureChannel 0 | Session "Administrator" | AddNode (ns=5;i=15166): The value is empty. But this is only allowed for BaseDataType. Create a matching default value.
[05/16/22 22:53:16.844] [info    ] [camera-ua-server] [OPC UA/session] SecureChannel 0 | Session "Administrator" | AddNode (ns=5;i=15167): The value is empty. But this is only allowed for BaseDataType. Create a matching default value.
[05/16/22 22:53:16.844] [info    ] [camera-ua-server] [OPC UA/session] SecureChannel 0 | Session "Administrator" | AddNode (ns=5;i=15169): The value is empty. But this is only allowed for BaseDataType. Create a matching default value.
[05/16/22 22:53:16.844] [info    ] [camera-ua-server] [OPC UA/session] SecureChannel 0 | Session "Administrator" | AddNode (ns=5;i=15171): The value is empty. But this is only allowed for BaseDataType. Create a matching default value.
[05/16/22 22:53:16.844] [info    ] [camera-ua-server] [OPC UA/session] SecureChannel 0 | Session "Administrator" | AddNode (ns=5;i=15173): The value is empty. But this is only allowed for BaseDataType. Create a matching default value.
[05/16/22 22:53:16.844] [info    ] [camera-ua-server] [OPC UA/session] SecureChannel 0 | Session "Administrator" | AddNode (ns=5;i=15250): The value is empty. But this is only allowed for BaseDataType. Create a matching default value.
[05/16/22 22:53:16.845] [warning ] [camera-ua-server] [OPC UA/network] Multicast DNS: outbound interface 0.0.0.0, it means that the first OS interface is used (you can explicitly set the interface by using 'discovery.mdnsInterfaceIP' config parameter)
[05/16/22 22:53:16.845] [info    ] [camera-ua-server] [OPC UA/network] TCP network layer listening on opc.tcp://lucas-laptop:4842/
[05/16/22 22:53:16.845] [info    ] [camera-ua-server] [OPC UA/server] Multicast DNS: add record for domain: pnp.component.camera-lucas-laptop._opcua-tcp._tcp.local.
[05/16/22 22:53:16.845] [info    ] [camera] OPC UA Server initialized: opc.tcp://lucas-laptop:4842/
[05/16/22 22:53:16.848] [info    ] [camera-ua-server] [OPC UA/server] Multicast DNS: found server: opc.tcp://lucas-laptop:4840
[05/16/22 22:53:16.848] [info    ] [camera] OpcUaServer::onServerAnnounce
[05/16/22 22:53:16.848] [warning ] [camera-ua-client] [OPC UA/userland] AcceptAll Certificate Verification. Any remote certificate will be accepted.
[05/16/22 22:53:16.852] [info    ] [camera-ua-client] [OPC UA/channel] Connection 8 | SecureChannel 13 | SecureChannel opened with SecurityPolicy http://opcfoundation.org/UA/SecurityPolicy#None and a revised lifetime of 600.00s
[05/16/22 22:53:16.852] [info    ] [camera-ua-client] [OPC UA/client] Client Status: ChannelState: Open, SessionState: Closed, ConnectStatus: Good
[05/16/22 22:53:16.853] [info    ] [camera-ua-client] [OPC UA/client] Client Status: ChannelState: Closed, SessionState: Closed, ConnectStatus: Good
[05/16/22 22:53:16.853] [info    ] [camera-ua-client] Using endpoint with no security
[05/16/22 22:53:16.853] [warning ] [camera-ua-client] [OPC UA/userland] AcceptAll Certificate Verification. Any remote certificate will be accepted.
[05/16/22 22:53:16.857] [info    ] [camera-ua-client] [OPC UA/channel] Connection 8 | SecureChannel 14 | SecureChannel opened with SecurityPolicy http://opcfoundation.org/UA/SecurityPolicy#None and a revised lifetime of 600.00s
[05/16/22 22:53:16.857] [info    ] [camera-ua-client] [OPC UA/client] Client Status: ChannelState: Open, SessionState: Closed, ConnectStatus: Good
[05/16/22 22:53:16.858] [info    ] [camera-ua-client] [OPC UA/client] Rejecting UserTokenPolicy 0 (anonymous) in endpoint 0: configuration doesn't match
[05/16/22 22:53:16.858] [info    ] [camera-ua-client] [OPC UA/client] Selected endpoint 0 in URL opc.tcp://lucas-laptop:4840 with SecurityMode None and SecurityPolicy http://opcfoundation.org/UA/SecurityPolicy#None
[05/16/22 22:53:16.858] [info    ] [camera-ua-client] [OPC UA/client] Selected UserTokenPolicy open62541-username-policy with UserTokenType UserName and SecurityPolicy http://opcfoundation.org/UA/SecurityPolicy#None
[05/16/22 22:53:16.870] [info    ] [camera-ua-client] [OPC UA/client] Client Status: ChannelState: Open, SessionState: Created, ConnectStatus: Good
[05/16/22 22:53:16.871] [info    ] [camera-ua-client] [OPC UA/client] Client Status: ChannelState: Open, SessionState: Activated, ConnectStatus: Good
[05/16/22 22:53:16.873] [info    ] [camera-ua-client] [OPC UA/client] Client Status: ChannelState: Closed, SessionState: Closed, ConnectStatus: Good
[05/16/22 22:53:16.873] [info    ] [camera] [OpcUaServer] Setting Perioric Register
[05/16/22 22:53:16.873] [info    ] [camera] Found LDS Server on opc.tcp://lucas-laptop:4840
[05/16/22 22:53:16.873] [warning ] [camera-ua-client] [OPC UA/userland] AcceptAll Certificate Verification. Any remote certificate will be accepted.
[05/16/22 22:53:16.877] [info    ] [camera-ua-client] [OPC UA/channel] Connection 8 | SecureChannel 15 | SecureChannel opened with SecurityPolicy http://opcfoundation.org/UA/SecurityPolicy#None and a revised lifetime of 600.00s
[05/16/22 22:53:16.877] [info    ] [camera-ua-client] [OPC UA/client] Client Status: ChannelState: Open, SessionState: Closed, ConnectStatus: Good
[05/16/22 22:53:16.878] [info    ] [camera-ua-client] [OPC UA/client] Client Status: ChannelState: Closed, SessionState: Closed, ConnectStatus: Good
[05/16/22 22:53:16.878] [info    ] [camera-ua-client] Using endpoint with no security
[05/16/22 22:53:16.878] [warning ] [camera-ua-client] [OPC UA/userland] AcceptAll Certificate Verification. Any remote certificate will be accepted.
[05/16/22 22:53:17.383] [info    ] [camera-ua-client] [OPC UA/channel] Connection 8 | SecureChannel 16 | SecureChannel opened with SecurityPolicy http://opcfoundation.org/UA/SecurityPolicy#None and a revised lifetime of 600.00s
[05/16/22 22:53:17.383] [info    ] [camera-ua-client] [OPC UA/client] Client Status: ChannelState: Open, SessionState: Closed, ConnectStatus: Good
[05/16/22 22:53:19.232] [info    ] [camera-ua-server] [OPC UA/network] Connection 9 | New connection over TCP from 127.0.0.1
[05/16/22 22:53:19.235] [info    ] [camera-ua-server] [OPC UA/channel] Connection 9 | SecureChannel 1 | SecureChannel opened with SecurityPolicy http://opcfoundation.org/UA/SecurityPolicy#None and a revised lifetime of 300.00s
[05/16/22 22:53:19.238] [info    ] [camera-ua-server] [OPC UA/channel] Connection 9 | SecureChannel 1 | CloseSecureChannel
[05/16/22 22:53:19.239] [info    ] [camera-ua-server] [OPC UA/network] Connection 9 | Closed
[05/16/22 22:53:19.250] [info    ] [camera-ua-server] [OPC UA/network] Connection 9 | New connection over TCP from 127.0.0.1
[05/16/22 22:53:19.253] [info    ] [camera-ua-server] [OPC UA/channel] Connection 9 | SecureChannel 2 | SecureChannel opened with SecurityPolicy http://opcfoundation.org/UA/SecurityPolicy#None and a revised lifetime of 600.00s
[05/16/22 22:53:19.254] [info    ] [camera-ua-server] [OPC UA/session] SecureChannel 2 | Session "urn:lucas-laptop:UnifiedAutomation:UaExpert" | Session created
[05/16/22 22:53:19.255] [info    ] [camera-ua-server] [OPC UA/session] SecureChannel 2 | Session "urn:lucas-laptop:UnifiedAutomation:UaExpert" | ActivateSession: Session activated
[05/16/22 22:53:19.285] [info    ] [camera-ua-server] [OPC UA/session] SecureChannel 2 | Session "urn:lucas-laptop:UnifiedAutomation:UaExpert" | Subscription 1 | Subscription created (Publishing interval 100.00ms, max 1000 notifications per publish)
[05/16/22 22:53:19.286] [info    ] [camera-ua-server] [OPC UA/session] SecureChannel 2 | Session "urn:lucas-laptop:UnifiedAutomation:UaExpert" | Subscription 1 | MonitoredItem 1 | Created the MonitoredItem (Sampling Interval: 0.00ms, Queue Size: 100)
[05/16/22 22:53:19.308] [info    ] [camera-ua-server] [OPC UA/session] SecureChannel 2 | Session "urn:lucas-laptop:UnifiedAutomation:UaExpert" | Subscription 2 | Subscription created (Publishing interval 500.00ms, max 1000 notifications per publish)
[05/16/22 22:53:19.311] [info    ] [camera-ua-server] [OPC UA/session] SecureChannel 2 | Session "urn:lucas-laptop:UnifiedAutomation:UaExpert" | Subscription 2 | Subscription deleted
[05/16/22 22:53:43.017] [info    ] [camera] Taking photo and savig it in Image/Data variable.
[05/16/22 22:53:44.233] [info    ] [camera] Taking photo and savig it in Image/Data variable.
[05/16/22 22:54:51.669] [info    ] [camera-ua-server] [OPC UA/session] SecureChannel 2 | Session "urn:lucas-laptop:UnifiedAutomation:UaExpert" | Subscription 3 | Subscription created (Publishing interval 500.00ms, max 1000 notifications per publish)
[05/16/22 22:54:51.675] [info    ] [camera-ua-server] [OPC UA/session] SecureChannel 2 | Session "urn:lucas-laptop:UnifiedAutomation:UaExpert" | Subscription 3 | MonitoredItem 1 | Created the MonitoredItem (Sampling Interval: 250.00ms, Queue Size: 1)
[05/16/22 22:55:08.858] [info    ] [camera] Taking photo and savig it in Image/Data variable.
[05/16/22 22:55:09.381] [info    ] [camera] Taking photo and savig it in Image/Data variable.
[05/16/22 22:55:09.962] [info    ] [camera] Taking photo and savig it in Image/Data variable.
[05/16/22 22:55:10.677] [info    ] [camera] Taking photo and savig it in Image/Data variable.
[05/16/22 22:55:11.359] [info    ] [camera] Taking photo and savig it in Image/Data variable.
[05/16/22 22:55:12.045] [info    ] [camera] Taking photo and savig it in Image/Data variable.
[05/16/22 22:55:12.583] [info    ] [camera] Taking photo and savig it in Image/Data variable.
[05/16/22 22:55:13.215] [info    ] [camera] Taking photo and savig it in Image/Data variable.
[05/16/22 22:55:13.719] [info    ] [camera] Taking photo and savig it in Image/Data variable.
[05/16/22 22:55:14.299] [info    ] [camera] Taking photo and savig it in Image/Data variable.
[05/16/22 22:55:14.793] [info    ] [camera] Taking photo and savig it in Image/Data variable.
[05/16/22 22:55:15.294] [info    ] [camera] Taking photo and savig it in Image/Data variable.
[05/16/22 22:55:15.631] [info    ] [camera] Taking photo and savig it in Image/Data variable.
[05/16/22 22:55:21.457] [info    ] [camera-ua-server] [OPC UA/session] SecureChannel 2 | Session "urn:lucas-laptop:UnifiedAutomation:UaExpert" | Subscription 3 | MonitoredItem 2 | Created the MonitoredItem (Sampling Interval: 250.00ms, Queue Size: 1)
[05/16/22 22:56:14.094] [info    ] [camera] Taking photo and savig it in Image/Data variable.
[05/16/22 22:56:14.422] [info    ] [camera] Taking photo and savig it in Image/Data variable.
[05/16/22 22:56:14.900] [info    ] [camera] Taking photo and savig it in Image/Data variable.
[05/16/22 22:56:15.440] [info    ] [camera] Taking photo and savig it in Image/Data variable.
[05/16/22 22:56:15.732] [info    ] [camera] Taking photo and savig it in Image/Data variable.
[05/16/22 22:56:16.216] [info    ] [camera] Taking photo and savig it in Image/Data variable.
[05/16/22 22:56:16.611] [info    ] [camera] Taking photo and savig it in Image/Data variable.
[05/16/22 22:56:16.984] [info    ] [camera] Taking photo and savig it in Image/Data variable.
[05/16/22 22:56:17.346] [info    ] [camera] Taking photo and savig it in Image/Data variable.
[05/16/22 22:56:17.660] [info    ] [camera] Taking photo and savig it in Image/Data variable.
[05/16/22 22:56:17.952] [info    ] [camera] Taking photo and savig it in Image/Data variable.
[05/16/22 22:56:18.193] [info    ] [camera] Taking photo and savig it in Image/Data variable.
[05/16/22 22:56:18.400] [info    ] [camera] Taking photo and savig it in Image/Data variable.
[05/16/22 22:56:18.568] [info    ] [camera] Taking photo and savig it in Image/Data variable.
[05/16/22 22:56:18.729] [info    ] [camera] Taking photo and savig it in Image/Data variable.
[05/16/22 22:56:18.900] [info    ] [camera] Taking photo and savig it in Image/Data variable.
[05/16/22 22:56:19.062] [info    ] [camera] Taking photo and savig it in Image/Data variable.
[05/16/22 22:56:19.229] [info    ] [camera] Taking photo and savig it in Image/Data variable.
[05/16/22 22:56:19.395] [info    ] [camera] Taking photo and savig it in Image/Data variable.
[05/16/22 22:56:19.546] [info    ] [camera] Taking photo and savig it in Image/Data variable.
[05/16/22 22:56:19.717] [info    ] [camera] Taking photo and savig it in Image/Data variable.
[05/16/22 22:56:19.888] [info    ] [camera] Taking photo and savig it in Image/Data variable.
[05/16/22 22:56:20.071] [info    ] [camera] Taking photo and savig it in Image/Data variable.
[05/16/22 22:56:20.215] [info    ] [camera] Taking photo and savig it in Image/Data variable.
[05/16/22 22:56:20.382] [info    ] [camera] Taking photo and savig it in Image/Data variable.
[05/16/22 22:56:20.503] [warning ] [camera] Transition not allowed: RUNNING -> RUNNING
[05/16/22 22:56:20.651] [info    ] [camera] Taking photo and savig it in Image/Data variable.
[05/16/22 22:56:20.792] [info    ] [camera] Taking photo and savig it in Image/Data variable.
[05/16/22 22:56:20.943] [info    ] [camera] Taking photo and savig it in Image/Data variable.
[05/16/22 22:56:21.094] [info    ] [camera] Taking photo and savig it in Image/Data variable.
[05/16/22 22:56:21.260] [info    ] [camera] Taking photo and savig it in Image/Data variable.
[05/16/22 22:56:21.421] [info    ] [camera] Taking photo and savig it in Image/Data variable.
[05/16/22 22:56:22.493] [info    ] [camera] Taking photo and savig it in Image/Data variable.
[05/16/22 22:56:22.648] [info    ] [camera] Taking photo and savig it in Image/Data variable.
[05/16/22 22:56:22.820] [info    ] [camera] Taking photo and savig it in Image/Data variable.
[05/16/22 22:56:22.992] [info    ] [camera] Taking photo and savig it in Image/Data variable.
[05/16/22 22:56:23.187] [info    ] [camera] Taking photo and savig it in Image/Data variable.
[05/16/22 22:56:23.361] [info    ] [camera] Taking photo and savig it in Image/Data variable.
[05/16/22 22:56:23.532] [info    ] [camera] Taking photo and savig it in Image/Data variable.
[05/16/22 22:56:23.709] [info    ] [camera] Taking photo and savig it in Image/Data variable.
[05/16/22 22:56:23.854] [info    ] [camera] Taking photo and savig it in Image/Data variable.
[05/16/22 22:56:24.046] [info    ] [camera] Taking photo and savig it in Image/Data variable.
[05/16/22 22:56:24.225] [info    ] [camera] Taking photo and savig it in Image/Data variable.
[05/16/22 22:56:24.404] [info    ] [camera] Taking photo and savig it in Image/Data variable.
[05/16/22 22:56:24.970] [info    ] [camera] Taking photo and savig it in Image/Data variable.
[05/16/22 22:56:25.184] [info    ] [camera] Taking photo and savig it in Image/Data variable.
[05/16/22 22:56:25.352] [info    ] [camera] Taking photo and savig it in Image/Data variable.
[05/16/22 22:56:25.545] [info    ] [camera] Taking photo and savig it in Image/Data variable.
[05/16/22 22:56:25.753] [info    ] [camera] Taking photo and savig it in Image/Data variable.
[05/16/22 22:56:25.948] [info    ] [camera] Taking photo and savig it in Image/Data variable.
[05/16/22 22:56:26.120] [info    ] [camera] Taking photo and savig it in Image/Data variable.
[05/16/22 22:56:26.313] [info    ] [camera] Taking photo and savig it in Image/Data variable.
[05/16/22 22:56:26.459] [info    ] [camera] Taking photo and savig it in Image/Data variable.
[05/16/22 22:56:26.620] [info    ] [camera] Taking photo and savig it in Image/Data variable.
[05/16/22 22:56:26.771] [info    ] [camera] Taking photo and savig it in Image/Data variable.
[05/16/22 22:58:17.003] [info    ] [camera] OpcUaServer::onServerAnnounce
[05/16/22 22:58:17.003] [warning ] [camera-ua-client] [OPC UA/userland] AcceptAll Certificate Verification. Any remote certificate will be accepted.
[05/16/22 22:58:17.008] [info    ] [camera-ua-client] [OPC UA/channel] Connection 10 | SecureChannel 17 | SecureChannel opened with SecurityPolicy http://opcfoundation.org/UA/SecurityPolicy#None and a revised lifetime of 600.00s
[05/16/22 22:58:17.008] [info    ] [camera-ua-client] [OPC UA/client] Client Status: ChannelState: Open, SessionState: Closed, ConnectStatus: Good
[05/16/22 22:58:17.010] [info    ] [camera-ua-client] [OPC UA/client] Client Status: ChannelState: Closed, SessionState: Closed, ConnectStatus: Good
[05/16/22 22:58:17.010] [info    ] [camera-ua-client] Using endpoint with no security
[05/16/22 22:58:17.010] [warning ] [camera-ua-client] [OPC UA/userland] AcceptAll Certificate Verification. Any remote certificate will be accepted.
[05/16/22 22:58:17.015] [info    ] [camera-ua-client] [OPC UA/channel] Connection 10 | SecureChannel 18 | SecureChannel opened with SecurityPolicy http://opcfoundation.org/UA/SecurityPolicy#None and a revised lifetime of 600.00s
[05/16/22 22:58:17.015] [info    ] [camera-ua-client] [OPC UA/client] Client Status: ChannelState: Open, SessionState: Closed, ConnectStatus: Good
[05/16/22 22:58:17.016] [info    ] [camera-ua-client] [OPC UA/client] Rejecting UserTokenPolicy 0 (anonymous) in endpoint 0: configuration doesn't match
[05/16/22 22:58:17.016] [info    ] [camera-ua-client] [OPC UA/client] Selected endpoint 0 in URL opc.tcp://lucas-laptop:4840 with SecurityMode None and SecurityPolicy http://opcfoundation.org/UA/SecurityPolicy#None
[05/16/22 22:58:17.016] [info    ] [camera-ua-client] [OPC UA/client] Selected UserTokenPolicy open62541-username-policy with UserTokenType UserName and SecurityPolicy http://opcfoundation.org/UA/SecurityPolicy#None
[05/16/22 22:58:17.017] [info    ] [camera-ua-client] [OPC UA/client] Client Status: ChannelState: Open, SessionState: Created, ConnectStatus: Good
[05/16/22 22:58:17.018] [info    ] [camera-ua-client] [OPC UA/client] Client Status: ChannelState: Open, SessionState: Activated, ConnectStatus: Good
[05/16/22 22:58:17.021] [info    ] [camera-ua-client] [OPC UA/client] Client Status: ChannelState: Closed, SessionState: Closed, ConnectStatus: Good
[05/16/22 22:58:17.021] [debug   ] [camera] Already registered with LDS server pnp.component.mes. StartTime matches.
[05/16/22 22:58:17.021] [info    ] [camera] OpcUaServer::onServerAnnounce
[05/16/22 22:58:17.021] [debug   ] [camera] Ignore LDS Server announce pnp.component.mes as it was already announced recently.
[05/16/22 23:00:49.266] [info    ] [camera-ua-server] [OPC UA/channel] Connection 9 | SecureChannel 2 | SecureChannel renewed with a revised lifetime of 600.00s
[05/16/22 23:01:17.398] [warning ] [camera-ua-client] [OPC UA/client] Client already connected
[05/16/22 23:01:17.399] [info    ] [camera-ua-client] [OPC UA/channel] Connection 8 | SecureChannel 16 | SecureChannel renewed with a revised lifetime of 600.00s
[05/16/22 23:01:26.059] [info    ] [camera-ua-server] [OPC UA/session] SecureChannel 2 | Session "urn:lucas-laptop:UnifiedAutomation:UaExpert" | Subscription 1 | Subscription deleted
[05/16/22 23:01:26.060] [info    ] [camera-ua-server] [OPC UA/server] Subscription 1 | MonitoredItem 1 | Deleting the MonitoredItem
[05/16/22 23:01:26.062] [info    ] [camera-ua-server] [OPC UA/session] SecureChannel 2 | Session "urn:lucas-laptop:UnifiedAutomation:UaExpert" | Closing the Session
[05/16/22 23:01:26.062] [info    ] [camera-ua-server] [OPC UA/session] SecureChannel 2 | Session "urn:lucas-laptop:UnifiedAutomation:UaExpert" | Subscription 3 | Subscription deleted
[05/16/22 23:01:26.063] [info    ] [camera-ua-server] [OPC UA/server] Subscription 3 | MonitoredItem 2 | Deleting the MonitoredItem
[05/16/22 23:01:26.063] [info    ] [camera-ua-server] [OPC UA/server] Subscription 3 | MonitoredItem 1 | Deleting the MonitoredItem
[05/16/22 23:01:26.066] [info    ] [camera-ua-server] [OPC UA/channel] Connection 9 | SecureChannel 2 | CloseSecureChannel
[05/16/22 23:01:26.067] [info    ] [camera-ua-server] [OPC UA/network] Connection 9 | Closed
[05/16/22 23:02:47.784] [warning ] [camera] Received Ctrl-C. Shutting down...
[05/16/22 23:02:47.788] [info    ] [camera-ua-client] [OPC UA/client] Client Status: ChannelState: Closed, SessionState: Closed, ConnectStatus: Good
[05/16/22 23:02:47.788] [info    ] [camera-ua-server] [OPC UA/network] Shutting down the TCP network layer
[05/16/22 23:02:47.788] [info    ] [camera-ua-server] [OPC UA/server] Multicast DNS: remove record for domain: pnp.component.camera-lucas-laptop._opcua-tcp._tcp.local.
