[05/18/22 23:38:29.406] [info    ] [imgviewer] Starting Camera Server ...
[05/18/22 23:38:29.406] [warning ] [imgviewer] [OPC UA/userland] AcceptAll Certificate Verification. Any remote certificate will be accepted.
[05/18/22 23:38:29.411] [info    ] [imgviewer] [OPC UA/channel] Connection 4 | SecureChannel 10 | SecureChannel opened with SecurityPolicy http://opcfoundation.org/UA/SecurityPolicy#None and a revised lifetime of 600.00s
[05/18/22 23:38:29.411] [info    ] [imgviewer] [OPC UA/client] Client Status: ChannelState: Open, SessionState: Closed, ConnectStatus: Good
[05/18/22 23:38:29.412] [info    ] [imgviewer] [OPC UA/client] Client Status: ChannelState: Closed, SessionState: Closed, ConnectStatus: Good
[05/18/22 23:38:29.412] [info    ] [imgviewer-ua] Using endpoint with no security
[05/18/22 23:38:29.412] [warning ] [imgviewer-ua] [OPC UA/userland] AcceptAll Certificate Verification. Any remote certificate will be accepted.
[05/18/22 23:38:29.413] [info    ] [imgviewer] Attempting to connect with username: demo
[05/18/22 23:38:29.416] [info    ] [imgviewer-ua] [OPC UA/channel] Connection 4 | SecureChannel 11 | SecureChannel opened with SecurityPolicy http://opcfoundation.org/UA/SecurityPolicy#None and a revised lifetime of 600.00s
[05/18/22 23:38:29.416] [info    ] [imgviewer-ua] [OPC UA/client] Client Status: ChannelState: Open, SessionState: Closed, ConnectStatus: Good
[05/18/22 23:38:29.428] [info    ] [imgviewer-ua] [OPC UA/client] Rejecting UserTokenPolicy 0 (anonymous) in endpoint 0: configuration doesn't match
[05/18/22 23:38:29.428] [info    ] [imgviewer-ua] [OPC UA/client] Selected endpoint 0 in URL opc.tcp://lucas-laptop:4842 with SecurityMode None and SecurityPolicy http://opcfoundation.org/UA/SecurityPolicy#None
[05/18/22 23:38:29.428] [info    ] [imgviewer-ua] [OPC UA/client] Selected UserTokenPolicy open62541-username-policy with UserTokenType UserName and SecurityPolicy http://opcfoundation.org/UA/SecurityPolicy#None
[05/18/22 23:38:29.429] [info    ] [imgviewer-ua] [OPC UA/client] Client Status: ChannelState: Open, SessionState: Created, ConnectStatus: Good
[05/18/22 23:38:29.430] [info    ] [imgviewer-ua] [OPC UA/client] Client Status: ChannelState: Open, SessionState: Activated, ConnectStatus: Good
[05/18/22 23:38:29.430] [info    ] [imgviewer] Camera Client connected
[05/18/22 23:38:29.569] [error   ] [imgviewer] Failed on reading image: Cannot read image node. Is not of type ImagePNG but of type ByteString
[05/18/22 23:38:30.572] [error   ] [imgviewer] Failed on reading image: Cannot read image node. Is not of type ImagePNG but of type ByteString
[05/18/22 23:38:31.575] [error   ] [imgviewer] Failed on reading image: Cannot read image node. Is not of type ImagePNG but of type ByteString
[05/18/22 23:38:32.578] [error   ] [imgviewer] Failed on reading image: Cannot read image node. Is not of type ImagePNG but of type ByteString
[05/18/22 23:38:33.580] [error   ] [imgviewer] Failed on reading image: Cannot read image node. Is not of type ImagePNG but of type ByteString
[05/18/22 23:38:34.583] [error   ] [imgviewer] Failed on reading image: Cannot read image node. Is not of type ImagePNG but of type ByteString
[05/18/22 23:38:35.586] [error   ] [imgviewer] Failed on reading image: Cannot read image node. Is not of type ImagePNG but of type ByteString
[05/18/22 23:38:36.588] [error   ] [imgviewer] Failed on reading image: Cannot read image node. Is not of type ImagePNG but of type ByteString
[05/18/22 23:38:37.209] [warning ] [imgviewer] Received Ctrl-C. Shutting down...
[05/18/22 23:38:37.590] [info    ] [imgviewer-ua] [OPC UA/client] Client Status: ChannelState: Closed, SessionState: Closed, ConnectStatus: Good
