[05/18/22 23:59:22.190] [info    ] [imgviewer] Starting Camera Server ...
[05/18/22 23:59:22.190] [warning ] [imgviewer] [OPC UA/userland] AcceptAll Certificate Verification. Any remote certificate will be accepted.
[05/18/22 23:59:22.194] [info    ] [imgviewer] [OPC UA/channel] Connection 4 | SecureChannel 4 | SecureChannel opened with SecurityPolicy http://opcfoundation.org/UA/SecurityPolicy#None and a revised lifetime of 600.00s
[05/18/22 23:59:22.194] [info    ] [imgviewer] [OPC UA/client] Client Status: ChannelState: Open, SessionState: Closed, ConnectStatus: Good
[05/18/22 23:59:22.195] [info    ] [imgviewer] [OPC UA/client] Client Status: ChannelState: Closed, SessionState: Closed, ConnectStatus: Good
[05/18/22 23:59:22.195] [info    ] [imgviewer-ua] Using endpoint with no security
[05/18/22 23:59:22.195] [warning ] [imgviewer-ua] [OPC UA/userland] AcceptAll Certificate Verification. Any remote certificate will be accepted.
[05/18/22 23:59:22.195] [info    ] [imgviewer] Attempting to connect with username: demo
[05/18/22 23:59:22.201] [info    ] [imgviewer-ua] [OPC UA/channel] Connection 4 | SecureChannel 5 | SecureChannel opened with SecurityPolicy http://opcfoundation.org/UA/SecurityPolicy#None and a revised lifetime of 600.00s
[05/18/22 23:59:22.201] [info    ] [imgviewer-ua] [OPC UA/client] Client Status: ChannelState: Open, SessionState: Closed, ConnectStatus: Good
[05/18/22 23:59:22.202] [info    ] [imgviewer-ua] [OPC UA/client] Rejecting UserTokenPolicy 0 (anonymous) in endpoint 0: configuration doesn't match
[05/18/22 23:59:22.203] [info    ] [imgviewer-ua] [OPC UA/client] Selected endpoint 0 in URL opc.tcp://lucas-laptop:4842 with SecurityMode None and SecurityPolicy http://opcfoundation.org/UA/SecurityPolicy#None
[05/18/22 23:59:22.203] [info    ] [imgviewer-ua] [OPC UA/client] Selected UserTokenPolicy open62541-username-policy with UserTokenType UserName and SecurityPolicy http://opcfoundation.org/UA/SecurityPolicy#None
[05/18/22 23:59:22.204] [info    ] [imgviewer-ua] [OPC UA/client] Client Status: ChannelState: Open, SessionState: Created, ConnectStatus: Good
[05/18/22 23:59:22.205] [info    ] [imgviewer-ua] [OPC UA/client] Client Status: ChannelState: Open, SessionState: Activated, ConnectStatus: Good
[05/18/22 23:59:22.205] [info    ] [imgviewer] Camera Client connected
[05/18/22 23:59:22.343] [info    ] [imgviewer] Read Image of TypeName: ByteString
[05/18/22 23:59:23.440] [info    ] [imgviewer] Read Image of TypeName: ByteString
[05/18/22 23:59:24.523] [info    ] [imgviewer] Read Image of TypeName: ByteString
[05/18/22 23:59:25.603] [info    ] [imgviewer] Read Image of TypeName: ByteString
[05/18/22 23:59:26.689] [info    ] [imgviewer] Read Image of TypeName: ByteString
[05/18/22 23:59:27.765] [info    ] [imgviewer] Read Image of TypeName: ByteString
[05/18/22 23:59:28.851] [info    ] [imgviewer] Read Image of TypeName: ByteString
[05/18/22 23:59:29.925] [info    ] [imgviewer] Read Image of TypeName: ByteString
[05/18/22 23:59:31.004] [info    ] [imgviewer] Read Image of TypeName: ByteString
[05/18/22 23:59:32.081] [info    ] [imgviewer] Read Image of TypeName: ByteString
[05/18/22 23:59:33.160] [info    ] [imgviewer] Read Image of TypeName: ByteString
[05/18/22 23:59:34.236] [info    ] [imgviewer] Read Image of TypeName: ByteString
[05/18/22 23:59:35.314] [info    ] [imgviewer] Read Image of TypeName: ByteString
[05/18/22 23:59:36.393] [info    ] [imgviewer] Read Image of TypeName: ByteString
[05/18/22 23:59:37.473] [info    ] [imgviewer] Read Image of TypeName: ByteString
[05/18/22 23:59:38.549] [info    ] [imgviewer] Read Image of TypeName: ByteString
[05/18/22 23:59:39.625] [info    ] [imgviewer] Read Image of TypeName: ByteString
[05/18/22 23:59:40.709] [info    ] [imgviewer] Read Image of TypeName: ByteString
[05/18/22 23:59:41.788] [info    ] [imgviewer] Read Image of TypeName: ByteString
[05/18/22 23:59:42.869] [info    ] [imgviewer] Read Image of TypeName: ByteString
[05/18/22 23:59:43.948] [info    ] [imgviewer] Read Image of TypeName: ByteString
[05/18/22 23:59:45.024] [info    ] [imgviewer] Read Image of TypeName: ByteString
[05/18/22 23:59:46.099] [info    ] [imgviewer] Read Image of TypeName: ByteString
[05/18/22 23:59:47.177] [info    ] [imgviewer] Read Image of TypeName: ByteString
[05/18/22 23:59:48.253] [info    ] [imgviewer] Read Image of TypeName: ByteString
[05/18/22 23:59:49.331] [info    ] [imgviewer] Read Image of TypeName: ByteString
[05/18/22 23:59:50.409] [info    ] [imgviewer] Read Image of TypeName: ByteString
[05/18/22 23:59:51.490] [info    ] [imgviewer] Read Image of TypeName: ByteString
[05/18/22 23:59:52.566] [info    ] [imgviewer] Read Image of TypeName: ByteString
[05/18/22 23:59:53.646] [info    ] [imgviewer] Read Image of TypeName: ByteString
[05/18/22 23:59:54.731] [info    ] [imgviewer] Read Image of TypeName: ByteString
[05/18/22 23:59:55.809] [info    ] [imgviewer] Read Image of TypeName: ByteString
[05/18/22 23:59:56.884] [info    ] [imgviewer] Read Image of TypeName: ByteString
[05/18/22 23:59:57.960] [info    ] [imgviewer] Read Image of TypeName: ByteString
[05/18/22 23:59:59.037] [info    ] [imgviewer] Read Image of TypeName: ByteString
[05/19/22 00:00:00.127] [info    ] [imgviewer] Read Image of TypeName: ByteString
[05/19/22 00:00:01.203] [info    ] [imgviewer] Read Image of TypeName: ByteString
[05/19/22 00:00:02.290] [info    ] [imgviewer] Read Image of TypeName: ByteString
[05/19/22 00:00:03.367] [info    ] [imgviewer] Read Image of TypeName: ByteString
[05/19/22 00:00:04.447] [info    ] [imgviewer] Read Image of TypeName: ByteString
[05/19/22 00:00:05.521] [info    ] [imgviewer] Read Image of TypeName: ByteString
[05/19/22 00:00:06.606] [info    ] [imgviewer] Read Image of TypeName: ByteString
[05/19/22 00:00:07.679] [info    ] [imgviewer] Read Image of TypeName: ByteString
[05/19/22 00:00:08.758] [info    ] [imgviewer] Read Image of TypeName: ByteString
[05/19/22 00:00:09.840] [info    ] [imgviewer] Read Image of TypeName: ByteString
[05/19/22 00:00:10.919] [info    ] [imgviewer] Read Image of TypeName: ByteString
[05/19/22 00:00:11.995] [info    ] [imgviewer] Read Image of TypeName: ByteString
[05/19/22 00:00:13.073] [info    ] [imgviewer] Read Image of TypeName: ByteString
[05/19/22 00:00:14.150] [info    ] [imgviewer] Read Image of TypeName: ByteString
[05/19/22 00:00:15.224] [info    ] [imgviewer] Read Image of TypeName: ByteString
[05/19/22 00:00:16.296] [info    ] [imgviewer] Read Image of TypeName: ByteString
[05/19/22 00:00:17.375] [info    ] [imgviewer] Read Image of TypeName: ByteString
[05/19/22 00:00:18.461] [info    ] [imgviewer] Read Image of TypeName: ByteString
[05/19/22 00:00:19.539] [info    ] [imgviewer] Read Image of TypeName: ByteString
[05/19/22 00:00:20.614] [info    ] [imgviewer] Read Image of TypeName: ByteString
[05/19/22 00:00:21.698] [info    ] [imgviewer] Read Image of TypeName: ByteString
[05/19/22 00:00:22.773] [info    ] [imgviewer] Read Image of TypeName: ByteString
[05/19/22 00:00:23.849] [info    ] [imgviewer] Read Image of TypeName: ByteString
[05/19/22 00:00:24.926] [info    ] [imgviewer] Read Image of TypeName: ByteString
[05/19/22 00:00:26.003] [info    ] [imgviewer] Read Image of TypeName: ByteString
[05/19/22 00:00:27.080] [info    ] [imgviewer] Read Image of TypeName: ByteString
[05/19/22 00:00:28.163] [info    ] [imgviewer] Read Image of TypeName: ByteString
[05/19/22 00:00:29.242] [info    ] [imgviewer] Read Image of TypeName: ByteString
[05/19/22 00:00:30.319] [info    ] [imgviewer] Read Image of TypeName: ByteString
[05/19/22 00:00:31.396] [info    ] [imgviewer] Read Image of TypeName: ByteString
[05/19/22 00:00:32.478] [info    ] [imgviewer] Read Image of TypeName: ByteString
[05/19/22 00:00:33.554] [info    ] [imgviewer] Read Image of TypeName: ByteString
[05/19/22 00:00:34.631] [info    ] [imgviewer] Read Image of TypeName: ByteString
[05/19/22 00:00:35.714] [info    ] [imgviewer] Read Image of TypeName: ByteString
[05/19/22 00:00:36.793] [info    ] [imgviewer] Read Image of TypeName: ByteString
[05/19/22 00:00:37.873] [info    ] [imgviewer] Read Image of TypeName: ByteString
[05/19/22 00:00:38.950] [info    ] [imgviewer] Read Image of TypeName: ByteString
[05/19/22 00:00:40.028] [info    ] [imgviewer] Read Image of TypeName: ByteString
[05/19/22 00:00:41.105] [info    ] [imgviewer] Read Image of TypeName: ByteString
[05/19/22 00:00:42.181] [info    ] [imgviewer] Read Image of TypeName: ByteString
[05/19/22 00:00:43.260] [info    ] [imgviewer] Read Image of TypeName: ByteString
[05/19/22 00:00:44.346] [info    ] [imgviewer] Read Image of TypeName: ByteString
[05/19/22 00:00:45.423] [info    ] [imgviewer] Read Image of TypeName: ByteString
[05/19/22 00:00:46.501] [info    ] [imgviewer] Read Image of TypeName: ByteString
[05/19/22 00:00:47.575] [info    ] [imgviewer] Read Image of TypeName: ByteString
[05/19/22 00:00:48.651] [info    ] [imgviewer] Read Image of TypeName: ByteString
[05/19/22 00:00:49.728] [info    ] [imgviewer] Read Image of TypeName: ByteString
[05/19/22 00:00:50.803] [info    ] [imgviewer] Read Image of TypeName: ByteString
[05/19/22 00:00:51.879] [info    ] [imgviewer] Read Image of TypeName: ByteString
[05/19/22 00:00:52.960] [info    ] [imgviewer] Read Image of TypeName: ByteString
[05/19/22 00:00:54.040] [info    ] [imgviewer] Read Image of TypeName: ByteString
[05/19/22 00:00:55.118] [info    ] [imgviewer] Read Image of TypeName: ByteString
[05/19/22 00:00:56.193] [info    ] [imgviewer] Read Image of TypeName: ByteString
[05/19/22 00:00:57.271] [info    ] [imgviewer] Read Image of TypeName: ByteString
[05/19/22 00:00:58.347] [info    ] [imgviewer] Read Image of TypeName: ByteString
[05/19/22 00:00:59.424] [info    ] [imgviewer] Read Image of TypeName: ByteString
[05/19/22 00:01:00.499] [info    ] [imgviewer] Read Image of TypeName: ByteString
[05/19/22 00:01:01.575] [info    ] [imgviewer] Read Image of TypeName: ByteString
[05/19/22 00:01:02.654] [info    ] [imgviewer] Read Image of TypeName: ByteString
[05/19/22 00:01:03.742] [info    ] [imgviewer] Read Image of TypeName: ByteString
[05/19/22 00:01:04.819] [info    ] [imgviewer] Read Image of TypeName: ByteString
[05/19/22 00:01:05.903] [info    ] [imgviewer] Read Image of TypeName: ByteString
[05/19/22 00:01:06.982] [info    ] [imgviewer] Read Image of TypeName: ByteString
[05/19/22 00:01:08.063] [info    ] [imgviewer] Read Image of TypeName: ByteString
[05/19/22 00:01:09.143] [info    ] [imgviewer] Read Image of TypeName: ByteString
[05/19/22 00:01:10.227] [info    ] [imgviewer] Read Image of TypeName: ByteString
[05/19/22 00:01:11.304] [info    ] [imgviewer] Read Image of TypeName: ByteString
[05/19/22 00:01:12.382] [info    ] [imgviewer] Read Image of TypeName: ByteString
[05/19/22 00:01:13.458] [info    ] [imgviewer] Read Image of TypeName: ByteString
[05/19/22 00:01:14.542] [info    ] [imgviewer] Read Image of TypeName: ByteString
[05/19/22 00:01:15.624] [info    ] [imgviewer] Read Image of TypeName: ByteString
[05/19/22 00:01:16.702] [info    ] [imgviewer] Read Image of TypeName: ByteString
[05/19/22 00:01:17.781] [info    ] [imgviewer] Read Image of TypeName: ByteString
[05/19/22 00:01:18.860] [info    ] [imgviewer] Read Image of TypeName: ByteString
[05/19/22 00:01:19.942] [info    ] [imgviewer] Read Image of TypeName: ByteString
[05/19/22 00:01:21.019] [info    ] [imgviewer] Read Image of TypeName: ByteString
[05/19/22 00:01:22.096] [info    ] [imgviewer] Read Image of TypeName: ByteString
[05/19/22 00:01:23.173] [info    ] [imgviewer] Read Image of TypeName: ByteString
[05/19/22 00:01:24.247] [info    ] [imgviewer] Read Image of TypeName: ByteString
[05/19/22 00:01:25.323] [info    ] [imgviewer] Read Image of TypeName: ByteString
[05/19/22 00:01:26.401] [info    ] [imgviewer] Read Image of TypeName: ByteString
[05/19/22 00:01:27.475] [info    ] [imgviewer] Read Image of TypeName: ByteString
[05/19/22 00:01:28.552] [info    ] [imgviewer] Read Image of TypeName: ByteString
[05/19/22 00:01:29.629] [info    ] [imgviewer] Read Image of TypeName: ByteString
[05/19/22 00:01:30.706] [info    ] [imgviewer] Read Image of TypeName: ByteString
[05/19/22 00:01:31.783] [info    ] [imgviewer] Read Image of TypeName: ByteString
[05/19/22 00:01:32.861] [info    ] [imgviewer] Read Image of TypeName: ByteString
[05/19/22 00:01:33.938] [info    ] [imgviewer] Read Image of TypeName: ByteString
[05/19/22 00:01:35.015] [info    ] [imgviewer] Read Image of TypeName: ByteString
[05/19/22 00:01:36.092] [info    ] [imgviewer] Read Image of TypeName: ByteString
[05/19/22 00:01:37.168] [info    ] [imgviewer] Read Image of TypeName: ByteString
[05/19/22 00:01:38.246] [info    ] [imgviewer] Read Image of TypeName: ByteString
[05/19/22 00:01:39.324] [info    ] [imgviewer] Read Image of TypeName: ByteString
[05/19/22 00:01:40.400] [info    ] [imgviewer] Read Image of TypeName: ByteString
[05/19/22 00:01:41.476] [info    ] [imgviewer] Read Image of TypeName: ByteString
[05/19/22 00:01:42.553] [info    ] [imgviewer] Read Image of TypeName: ByteString
[05/19/22 00:01:43.636] [info    ] [imgviewer] Read Image of TypeName: ByteString
[05/19/22 00:01:44.712] [info    ] [imgviewer] Read Image of TypeName: ByteString
[05/19/22 00:01:45.787] [info    ] [imgviewer] Read Image of TypeName: ByteString
[05/19/22 00:01:46.869] [info    ] [imgviewer] Read Image of TypeName: ByteString
[05/19/22 00:01:47.945] [info    ] [imgviewer] Read Image of TypeName: ByteString
[05/19/22 00:01:49.024] [info    ] [imgviewer] Read Image of TypeName: ByteString
[05/19/22 00:01:50.102] [info    ] [imgviewer] Read Image of TypeName: ByteString
[05/19/22 00:01:51.180] [info    ] [imgviewer] Read Image of TypeName: ByteString
[05/19/22 00:01:52.253] [info    ] [imgviewer] Read Image of TypeName: ByteString
[05/19/22 00:01:53.329] [info    ] [imgviewer] Read Image of TypeName: ByteString
[05/19/22 00:01:54.408] [info    ] [imgviewer] Read Image of TypeName: ByteString
[05/19/22 00:01:55.489] [info    ] [imgviewer] Read Image of TypeName: ByteString
[05/19/22 00:01:56.567] [info    ] [imgviewer] Read Image of TypeName: ByteString
[05/19/22 00:01:57.644] [info    ] [imgviewer] Read Image of TypeName: ByteString
[05/19/22 00:01:58.722] [info    ] [imgviewer] Read Image of TypeName: ByteString
[05/19/22 00:01:59.801] [info    ] [imgviewer] Read Image of TypeName: ByteString
[05/19/22 00:02:00.878] [info    ] [imgviewer] Read Image of TypeName: ByteString
[05/19/22 00:02:01.953] [info    ] [imgviewer] Read Image of TypeName: ByteString
[05/19/22 00:02:03.031] [info    ] [imgviewer] Read Image of TypeName: ByteString
[05/19/22 00:02:04.109] [info    ] [imgviewer] Read Image of TypeName: ByteString
[05/19/22 00:02:05.185] [info    ] [imgviewer] Read Image of TypeName: ByteString
[05/19/22 00:02:06.263] [info    ] [imgviewer] Read Image of TypeName: ByteString
[05/19/22 00:02:07.344] [info    ] [imgviewer] Read Image of TypeName: ByteString
[05/19/22 00:02:08.421] [info    ] [imgviewer] Read Image of TypeName: ByteString
[05/19/22 00:02:09.499] [info    ] [imgviewer] Read Image of TypeName: ByteString
[05/19/22 00:02:10.579] [info    ] [imgviewer] Read Image of TypeName: ByteString
[05/19/22 00:02:11.652] [info    ] [imgviewer] Read Image of TypeName: ByteString
[05/19/22 00:02:12.729] [info    ] [imgviewer] Read Image of TypeName: ByteString
[05/19/22 00:02:13.812] [info    ] [imgviewer] Read Image of TypeName: ByteString
[05/19/22 00:02:14.893] [info    ] [imgviewer] Read Image of TypeName: ByteString
[05/19/22 00:02:15.968] [info    ] [imgviewer] Read Image of TypeName: ByteString
[05/19/22 00:02:17.043] [info    ] [imgviewer] Read Image of TypeName: ByteString
[05/19/22 00:02:18.156] [info    ] [imgviewer] Read Image of TypeName: ByteString
[05/19/22 00:02:19.233] [info    ] [imgviewer] Read Image of TypeName: ByteString
[05/19/22 00:02:20.309] [info    ] [imgviewer] Read Image of TypeName: ByteString
[05/19/22 00:02:21.386] [info    ] [imgviewer] Read Image of TypeName: ByteString
[05/19/22 00:02:22.469] [info    ] [imgviewer] Read Image of TypeName: ByteString
[05/19/22 00:02:23.545] [info    ] [imgviewer] Read Image of TypeName: ByteString
[05/19/22 00:02:24.626] [info    ] [imgviewer] Read Image of TypeName: ByteString
[05/19/22 00:02:25.701] [info    ] [imgviewer] Read Image of TypeName: ByteString
[05/19/22 00:02:26.779] [info    ] [imgviewer] Read Image of TypeName: ByteString
[05/19/22 00:02:27.858] [info    ] [imgviewer] Read Image of TypeName: ByteString
[05/19/22 00:02:28.934] [info    ] [imgviewer] Read Image of TypeName: ByteString
[05/19/22 00:02:30.017] [info    ] [imgviewer] Read Image of TypeName: ByteString
[05/19/22 00:02:31.096] [info    ] [imgviewer] Read Image of TypeName: ByteString
[05/19/22 00:02:32.172] [info    ] [imgviewer] Read Image of TypeName: ByteString
[05/19/22 00:02:33.248] [info    ] [imgviewer] Read Image of TypeName: ByteString
[05/19/22 00:02:34.329] [info    ] [imgviewer] Read Image of TypeName: ByteString
[05/19/22 00:02:35.404] [info    ] [imgviewer] Read Image of TypeName: ByteString
[05/19/22 00:02:36.480] [info    ] [imgviewer] Read Image of TypeName: ByteString
[05/19/22 00:02:37.559] [info    ] [imgviewer] Read Image of TypeName: ByteString
[05/19/22 00:02:38.639] [info    ] [imgviewer] Read Image of TypeName: ByteString
[05/19/22 00:02:39.715] [info    ] [imgviewer] Read Image of TypeName: ByteString
[05/19/22 00:02:40.793] [info    ] [imgviewer] Read Image of TypeName: ByteString
[05/19/22 00:02:41.872] [info    ] [imgviewer] Read Image of TypeName: ByteString
[05/19/22 00:02:42.951] [info    ] [imgviewer] Read Image of TypeName: ByteString
[05/19/22 00:02:44.028] [info    ] [imgviewer] Read Image of TypeName: ByteString
[05/19/22 00:02:45.110] [info    ] [imgviewer] Read Image of TypeName: ByteString
[05/19/22 00:02:46.185] [info    ] [imgviewer] Read Image of TypeName: ByteString
[05/19/22 00:02:47.265] [info    ] [imgviewer] Read Image of TypeName: ByteString
[05/19/22 00:02:48.342] [info    ] [imgviewer] Read Image of TypeName: ByteString
[05/19/22 00:02:49.419] [info    ] [imgviewer] Read Image of TypeName: ByteString
[05/19/22 00:02:50.501] [info    ] [imgviewer] Read Image of TypeName: ByteString
[05/19/22 00:02:51.581] [info    ] [imgviewer] Read Image of TypeName: ByteString
[05/19/22 00:02:52.660] [info    ] [imgviewer] Read Image of TypeName: ByteString
[05/19/22 00:02:53.747] [info    ] [imgviewer] Read Image of TypeName: ByteString
[05/19/22 00:02:54.826] [info    ] [imgviewer] Read Image of TypeName: ByteString
[05/19/22 00:02:55.905] [info    ] [imgviewer] Read Image of TypeName: ByteString
[05/19/22 00:02:56.983] [info    ] [imgviewer] Read Image of TypeName: ByteString
[05/19/22 00:02:58.060] [info    ] [imgviewer] Read Image of TypeName: ByteString
[05/19/22 00:02:59.141] [info    ] [imgviewer] Read Image of TypeName: ByteString
[05/19/22 00:03:00.216] [info    ] [imgviewer] Read Image of TypeName: ByteString
[05/19/22 00:03:01.293] [info    ] [imgviewer] Read Image of TypeName: ByteString
[05/19/22 00:03:02.370] [info    ] [imgviewer] Read Image of TypeName: ByteString
[05/19/22 00:03:03.444] [info    ] [imgviewer] Read Image of TypeName: ByteString
[05/19/22 00:03:04.521] [info    ] [imgviewer] Read Image of TypeName: ByteString
[05/19/22 00:03:05.601] [info    ] [imgviewer] Read Image of TypeName: ByteString
[05/19/22 00:03:06.677] [info    ] [imgviewer] Read Image of TypeName: ByteString
[05/19/22 00:03:07.761] [info    ] [imgviewer] Read Image of TypeName: ByteString
[05/19/22 00:03:08.838] [info    ] [imgviewer] Read Image of TypeName: ByteString
[05/19/22 00:03:09.918] [info    ] [imgviewer] Read Image of TypeName: ByteString
[05/19/22 00:03:10.994] [info    ] [imgviewer] Read Image of TypeName: ByteString
[05/19/22 00:03:12.074] [info    ] [imgviewer] Read Image of TypeName: ByteString
[05/19/22 00:03:13.149] [info    ] [imgviewer] Read Image of TypeName: ByteString
[05/19/22 00:03:14.235] [info    ] [imgviewer] Read Image of TypeName: ByteString
[05/19/22 00:03:15.333] [info    ] [imgviewer] Read Image of TypeName: ByteString
[05/19/22 00:03:16.406] [info    ] [imgviewer] Read Image of TypeName: ByteString
[05/19/22 00:03:17.517] [info    ] [imgviewer] Read Image of TypeName: ByteString
[05/19/22 00:03:18.594] [info    ] [imgviewer] Read Image of TypeName: ByteString
[05/19/22 00:03:19.672] [info    ] [imgviewer] Read Image of TypeName: ByteString
[05/19/22 00:03:20.748] [info    ] [imgviewer] Read Image of TypeName: ByteString
[05/19/22 00:03:21.826] [info    ] [imgviewer] Read Image of TypeName: ByteString
[05/19/22 00:03:22.907] [info    ] [imgviewer] Read Image of TypeName: ByteString
[05/19/22 00:03:23.984] [info    ] [imgviewer] Read Image of TypeName: ByteString
[05/19/22 00:03:25.064] [info    ] [imgviewer] Read Image of TypeName: ByteString
[05/19/22 00:03:26.142] [info    ] [imgviewer] Read Image of TypeName: ByteString
[05/19/22 00:03:27.218] [info    ] [imgviewer] Read Image of TypeName: ByteString
[05/19/22 00:03:28.296] [info    ] [imgviewer] Read Image of TypeName: ByteString
[05/19/22 00:03:29.371] [info    ] [imgviewer] Read Image of TypeName: ByteString
[05/19/22 00:03:30.453] [info    ] [imgviewer] Read Image of TypeName: ByteString
[05/19/22 00:03:31.528] [info    ] [imgviewer] Read Image of TypeName: ByteString
[05/19/22 00:03:32.607] [info    ] [imgviewer] Read Image of TypeName: ByteString
[05/19/22 00:03:33.683] [info    ] [imgviewer] Read Image of TypeName: ByteString
[05/19/22 00:03:34.769] [info    ] [imgviewer] Read Image of TypeName: ByteString
[05/19/22 00:03:35.843] [info    ] [imgviewer] Read Image of TypeName: ByteString
[05/19/22 00:03:36.920] [info    ] [imgviewer] Read Image of TypeName: ByteString
[05/19/22 00:03:37.998] [info    ] [imgviewer] Read Image of TypeName: ByteString
[05/19/22 00:03:39.071] [info    ] [imgviewer] Read Image of TypeName: ByteString
[05/19/22 00:03:40.146] [info    ] [imgviewer] Read Image of TypeName: ByteString
[05/19/22 00:03:41.222] [info    ] [imgviewer] Read Image of TypeName: ByteString
[05/19/22 00:03:42.300] [info    ] [imgviewer] Read Image of TypeName: ByteString
[05/19/22 00:03:43.377] [info    ] [imgviewer] Read Image of TypeName: ByteString
[05/19/22 00:03:44.456] [info    ] [imgviewer] Read Image of TypeName: ByteString
[05/19/22 00:03:45.531] [info    ] [imgviewer] Read Image of TypeName: ByteString
[05/19/22 00:03:46.612] [info    ] [imgviewer] Read Image of TypeName: ByteString
[05/19/22 00:03:47.695] [info    ] [imgviewer] Read Image of TypeName: ByteString
[05/19/22 00:03:48.769] [info    ] [imgviewer] Read Image of TypeName: ByteString
[05/19/22 00:03:49.845] [info    ] [imgviewer] Read Image of TypeName: ByteString
[05/19/22 00:03:50.927] [info    ] [imgviewer] Read Image of TypeName: ByteString
[05/19/22 00:03:52.001] [info    ] [imgviewer] Read Image of TypeName: ByteString
[05/19/22 00:03:53.080] [info    ] [imgviewer] Read Image of TypeName: ByteString
[05/19/22 00:03:54.157] [info    ] [imgviewer] Read Image of TypeName: ByteString
[05/19/22 00:03:55.234] [info    ] [imgviewer] Read Image of TypeName: ByteString
[05/19/22 00:03:56.313] [info    ] [imgviewer] Read Image of TypeName: ByteString
[05/19/22 00:03:57.395] [info    ] [imgviewer] Read Image of TypeName: ByteString
[05/19/22 00:03:58.467] [info    ] [imgviewer] Read Image of TypeName: ByteString
[05/19/22 00:03:59.545] [info    ] [imgviewer] Read Image of TypeName: ByteString
[05/19/22 00:04:00.622] [info    ] [imgviewer] Read Image of TypeName: ByteString
[05/19/22 00:04:01.697] [info    ] [imgviewer] Read Image of TypeName: ByteString
[05/19/22 00:04:02.779] [info    ] [imgviewer] Read Image of TypeName: ByteString
[05/19/22 00:04:03.859] [info    ] [imgviewer] Read Image of TypeName: ByteString
[05/19/22 00:04:04.937] [info    ] [imgviewer] Read Image of TypeName: ByteString
[05/19/22 00:04:06.014] [info    ] [imgviewer] Read Image of TypeName: ByteString
[05/19/22 00:04:07.092] [info    ] [imgviewer] Read Image of TypeName: ByteString
[05/19/22 00:04:08.176] [info    ] [imgviewer] Read Image of TypeName: ByteString
[05/19/22 00:04:09.256] [info    ] [imgviewer] Read Image of TypeName: ByteString
[05/19/22 00:04:10.331] [info    ] [imgviewer] Read Image of TypeName: ByteString
[05/19/22 00:04:11.412] [info    ] [imgviewer] Read Image of TypeName: ByteString
[05/19/22 00:04:12.500] [info    ] [imgviewer] Read Image of TypeName: ByteString
[05/19/22 00:04:13.575] [info    ] [imgviewer] Read Image of TypeName: ByteString
[05/19/22 00:04:14.652] [info    ] [imgviewer] Read Image of TypeName: ByteString
[05/19/22 00:04:15.729] [info    ] [imgviewer] Read Image of TypeName: ByteString
[05/19/22 00:04:16.804] [info    ] [imgviewer] Read Image of TypeName: ByteString
[05/19/22 00:04:17.888] [info    ] [imgviewer] Read Image of TypeName: ByteString
[05/19/22 00:04:18.968] [info    ] [imgviewer] Read Image of TypeName: ByteString
[05/19/22 00:04:20.046] [info    ] [imgviewer] Read Image of TypeName: ByteString
[05/19/22 00:04:21.122] [info    ] [imgviewer] Read Image of TypeName: ByteString
[05/19/22 00:04:22.200] [info    ] [imgviewer] Read Image of TypeName: ByteString
[05/19/22 00:04:23.283] [info    ] [imgviewer] Read Image of TypeName: ByteString
[05/19/22 00:04:24.362] [info    ] [imgviewer] Read Image of TypeName: ByteString
[05/19/22 00:04:25.438] [info    ] [imgviewer] Read Image of TypeName: ByteString
[05/19/22 00:04:26.517] [info    ] [imgviewer] Read Image of TypeName: ByteString
[05/19/22 00:04:27.592] [info    ] [imgviewer] Read Image of TypeName: ByteString
[05/19/22 00:04:28.681] [info    ] [imgviewer] Read Image of TypeName: ByteString
[05/19/22 00:04:29.757] [info    ] [imgviewer] Read Image of TypeName: ByteString
[05/19/22 00:04:30.832] [info    ] [imgviewer] Read Image of TypeName: ByteString
[05/19/22 00:04:31.911] [info    ] [imgviewer] Read Image of TypeName: ByteString
[05/19/22 00:04:32.990] [info    ] [imgviewer] Read Image of TypeName: ByteString
[05/19/22 00:04:34.074] [info    ] [imgviewer] Read Image of TypeName: ByteString
[05/19/22 00:04:35.157] [info    ] [imgviewer] Read Image of TypeName: ByteString
[05/19/22 00:04:36.234] [info    ] [imgviewer] Read Image of TypeName: ByteString
[05/19/22 00:04:37.314] [info    ] [imgviewer] Read Image of TypeName: ByteString
[05/19/22 00:04:38.390] [info    ] [imgviewer] Read Image of TypeName: ByteString
[05/19/22 00:04:39.468] [info    ] [imgviewer] Read Image of TypeName: ByteString
[05/19/22 00:04:40.544] [info    ] [imgviewer] Read Image of TypeName: ByteString
[05/19/22 00:04:41.626] [info    ] [imgviewer] Read Image of TypeName: ByteString
[05/19/22 00:04:42.713] [info    ] [imgviewer] Read Image of TypeName: ByteString
[05/19/22 00:04:43.792] [info    ] [imgviewer] Read Image of TypeName: ByteString
[05/19/22 00:04:44.875] [info    ] [imgviewer] Read Image of TypeName: ByteString
[05/19/22 00:04:45.956] [info    ] [imgviewer] Read Image of TypeName: ByteString
[05/19/22 00:04:47.035] [info    ] [imgviewer] Read Image of TypeName: ByteString
[05/19/22 00:04:48.112] [info    ] [imgviewer] Read Image of TypeName: ByteString
[05/19/22 00:04:49.186] [info    ] [imgviewer] Read Image of TypeName: ByteString
[05/19/22 00:04:50.269] [info    ] [imgviewer] Read Image of TypeName: ByteString
[05/19/22 00:04:51.353] [info    ] [imgviewer] Read Image of TypeName: ByteString
[05/19/22 00:04:52.438] [info    ] [imgviewer] Read Image of TypeName: ByteString
[05/19/22 00:04:53.520] [info    ] [imgviewer] Read Image of TypeName: ByteString
[05/19/22 00:04:54.595] [info    ] [imgviewer] Read Image of TypeName: ByteString
[05/19/22 00:04:55.682] [info    ] [imgviewer] Read Image of TypeName: ByteString
[05/19/22 00:04:56.762] [info    ] [imgviewer] Read Image of TypeName: ByteString
[05/19/22 00:04:57.836] [info    ] [imgviewer] Read Image of TypeName: ByteString
[05/19/22 00:04:58.915] [info    ] [imgviewer] Read Image of TypeName: ByteString
[05/19/22 00:04:59.996] [info    ] [imgviewer] Read Image of TypeName: ByteString
[05/19/22 00:05:01.074] [info    ] [imgviewer] Read Image of TypeName: ByteString
[05/19/22 00:05:02.149] [info    ] [imgviewer] Read Image of TypeName: ByteString
[05/19/22 00:05:03.228] [info    ] [imgviewer] Read Image of TypeName: ByteString
[05/19/22 00:05:04.306] [info    ] [imgviewer] Read Image of TypeName: ByteString
[05/19/22 00:05:05.381] [info    ] [imgviewer] Read Image of TypeName: ByteString
[05/19/22 00:05:06.456] [info    ] [imgviewer] Read Image of TypeName: ByteString
[05/19/22 00:05:07.539] [info    ] [imgviewer] Read Image of TypeName: ByteString
[05/19/22 00:05:08.614] [info    ] [imgviewer] Read Image of TypeName: ByteString
[05/19/22 00:05:09.695] [info    ] [imgviewer] Read Image of TypeName: ByteString
[05/19/22 00:05:10.780] [info    ] [imgviewer] Read Image of TypeName: ByteString
[05/19/22 00:05:11.855] [info    ] [imgviewer] Read Image of TypeName: ByteString
[05/19/22 00:05:12.932] [info    ] [imgviewer] Read Image of TypeName: ByteString
[05/19/22 00:05:14.008] [info    ] [imgviewer] Read Image of TypeName: ByteString
[05/19/22 00:05:15.086] [info    ] [imgviewer] Read Image of TypeName: ByteString
[05/19/22 00:05:16.164] [info    ] [imgviewer] Read Image of TypeName: ByteString
[05/19/22 00:05:17.242] [info    ] [imgviewer] Read Image of TypeName: ByteString
[05/19/22 00:05:18.328] [info    ] [imgviewer] Read Image of TypeName: ByteString
[05/19/22 00:05:19.409] [info    ] [imgviewer] Read Image of TypeName: ByteString
[05/19/22 00:05:20.486] [info    ] [imgviewer] Read Image of TypeName: ByteString
[05/19/22 00:05:21.561] [info    ] [imgviewer] Read Image of TypeName: ByteString
[05/19/22 00:05:22.640] [info    ] [imgviewer] Read Image of TypeName: ByteString
[05/19/22 00:05:23.719] [info    ] [imgviewer] Read Image of TypeName: ByteString
[05/19/22 00:05:24.796] [info    ] [imgviewer] Read Image of TypeName: ByteString
[05/19/22 00:05:25.880] [info    ] [imgviewer] Read Image of TypeName: ByteString
[05/19/22 00:05:26.956] [info    ] [imgviewer] Read Image of TypeName: ByteString
[05/19/22 00:05:28.032] [info    ] [imgviewer] Read Image of TypeName: ByteString
[05/19/22 00:05:29.108] [info    ] [imgviewer] Read Image of TypeName: ByteString
[05/19/22 00:05:30.184] [info    ] [imgviewer] Read Image of TypeName: ByteString
[05/19/22 00:05:31.269] [info    ] [imgviewer] Read Image of TypeName: ByteString
[05/19/22 00:05:32.344] [info    ] [imgviewer] Read Image of TypeName: ByteString
[05/19/22 00:05:33.420] [info    ] [imgviewer] Read Image of TypeName: ByteString
[05/19/22 00:05:34.496] [info    ] [imgviewer] Read Image of TypeName: ByteString
[05/19/22 00:05:35.575] [info    ] [imgviewer] Read Image of TypeName: ByteString
[05/19/22 00:05:36.652] [info    ] [imgviewer] Read Image of TypeName: ByteString
[05/19/22 00:05:37.729] [info    ] [imgviewer] Read Image of TypeName: ByteString
[05/19/22 00:05:38.808] [info    ] [imgviewer] Read Image of TypeName: ByteString
[05/19/22 00:05:39.889] [info    ] [imgviewer] Read Image of TypeName: ByteString
[05/19/22 00:05:40.968] [info    ] [imgviewer] Read Image of TypeName: ByteString
[05/19/22 00:05:42.045] [info    ] [imgviewer] Read Image of TypeName: ByteString
[05/19/22 00:05:43.124] [info    ] [imgviewer] Read Image of TypeName: ByteString
[05/19/22 00:05:44.198] [info    ] [imgviewer] Read Image of TypeName: ByteString
[05/19/22 00:05:45.284] [info    ] [imgviewer] Read Image of TypeName: ByteString
[05/19/22 00:05:46.366] [info    ] [imgviewer] Read Image of TypeName: ByteString
[05/19/22 00:05:47.451] [info    ] [imgviewer] Read Image of TypeName: ByteString
[05/19/22 00:05:48.533] [info    ] [imgviewer] Read Image of TypeName: ByteString
[05/19/22 00:05:49.610] [info    ] [imgviewer] Read Image of TypeName: ByteString
[05/19/22 00:05:50.686] [info    ] [imgviewer] Read Image of TypeName: ByteString
[05/19/22 00:05:51.762] [info    ] [imgviewer] Read Image of TypeName: ByteString
[05/19/22 00:05:52.842] [info    ] [imgviewer] Read Image of TypeName: ByteString
[05/19/22 00:05:53.925] [info    ] [imgviewer] Read Image of TypeName: ByteString
[05/19/22 00:05:55.006] [info    ] [imgviewer] Read Image of TypeName: ByteString
[05/19/22 00:05:56.099] [info    ] [imgviewer] Read Image of TypeName: ByteString
[05/19/22 00:05:57.175] [info    ] [imgviewer] Read Image of TypeName: ByteString
[05/19/22 00:05:58.250] [info    ] [imgviewer] Read Image of TypeName: ByteString
[05/19/22 00:05:59.330] [info    ] [imgviewer] Read Image of TypeName: ByteString
[05/19/22 00:06:00.411] [info    ] [imgviewer] Read Image of TypeName: ByteString
[05/19/22 00:06:01.486] [info    ] [imgviewer] Read Image of TypeName: ByteString
[05/19/22 00:06:02.562] [info    ] [imgviewer] Read Image of TypeName: ByteString
[05/19/22 00:06:03.644] [info    ] [imgviewer] Read Image of TypeName: ByteString
[05/19/22 00:06:04.721] [info    ] [imgviewer] Read Image of TypeName: ByteString
[05/19/22 00:06:05.797] [info    ] [imgviewer] Read Image of TypeName: ByteString
[05/19/22 00:06:06.925] [info    ] [imgviewer] Read Image of TypeName: ByteString
[05/19/22 00:06:08.014] [info    ] [imgviewer] Read Image of TypeName: ByteString
[05/19/22 00:06:09.100] [info    ] [imgviewer] Read Image of TypeName: ByteString
[05/19/22 00:06:10.180] [info    ] [imgviewer] Read Image of TypeName: ByteString
[05/19/22 00:06:11.256] [info    ] [imgviewer] Read Image of TypeName: ByteString
[05/19/22 00:06:12.334] [info    ] [imgviewer] Read Image of TypeName: ByteString
[05/19/22 00:06:13.416] [info    ] [imgviewer] Read Image of TypeName: ByteString
[05/19/22 00:06:14.492] [info    ] [imgviewer] Read Image of TypeName: ByteString
[05/19/22 00:06:15.582] [info    ] [imgviewer] Read Image of TypeName: ByteString
[05/19/22 00:06:16.666] [info    ] [imgviewer] Read Image of TypeName: ByteString
[05/19/22 00:06:17.746] [info    ] [imgviewer] Read Image of TypeName: ByteString
[05/19/22 00:06:18.830] [info    ] [imgviewer] Read Image of TypeName: ByteString
[05/19/22 00:06:19.911] [info    ] [imgviewer] Read Image of TypeName: ByteString
[05/19/22 00:06:20.985] [info    ] [imgviewer] Read Image of TypeName: ByteString
[05/19/22 00:06:22.065] [info    ] [imgviewer] Read Image of TypeName: ByteString
[05/19/22 00:06:23.144] [info    ] [imgviewer] Read Image of TypeName: ByteString
[05/19/22 00:06:24.222] [info    ] [imgviewer] Read Image of TypeName: ByteString
[05/19/22 00:06:25.303] [info    ] [imgviewer] Read Image of TypeName: ByteString
[05/19/22 00:06:26.383] [info    ] [imgviewer] Read Image of TypeName: ByteString
[05/19/22 00:06:27.468] [info    ] [imgviewer] Read Image of TypeName: ByteString
[05/19/22 00:06:28.548] [info    ] [imgviewer] Read Image of TypeName: ByteString
[05/19/22 00:06:29.629] [info    ] [imgviewer] Read Image of TypeName: ByteString
[05/19/22 00:06:30.710] [info    ] [imgviewer] Read Image of TypeName: ByteString
[05/19/22 00:06:31.793] [info    ] [imgviewer] Read Image of TypeName: ByteString
[05/19/22 00:06:32.873] [info    ] [imgviewer] Read Image of TypeName: ByteString
[05/19/22 00:06:33.949] [info    ] [imgviewer] Read Image of TypeName: ByteString
[05/19/22 00:06:35.028] [info    ] [imgviewer] Read Image of TypeName: ByteString
[05/19/22 00:06:36.111] [info    ] [imgviewer] Read Image of TypeName: ByteString
[05/19/22 00:06:37.192] [info    ] [imgviewer] Read Image of TypeName: ByteString
[05/19/22 00:06:38.277] [info    ] [imgviewer] Read Image of TypeName: ByteString
[05/19/22 00:06:39.356] [info    ] [imgviewer] Read Image of TypeName: ByteString
[05/19/22 00:06:40.435] [info    ] [imgviewer] Read Image of TypeName: ByteString
[05/19/22 00:06:41.514] [info    ] [imgviewer] Read Image of TypeName: ByteString
[05/19/22 00:06:42.591] [info    ] [imgviewer] Read Image of TypeName: ByteString
[05/19/22 00:06:43.673] [info    ] [imgviewer] Read Image of TypeName: ByteString
[05/19/22 00:06:44.752] [info    ] [imgviewer] Read Image of TypeName: ByteString
[05/19/22 00:06:45.832] [info    ] [imgviewer] Read Image of TypeName: ByteString
[05/19/22 00:06:46.992] [info    ] [imgviewer] Read Image of TypeName: ByteString
[05/19/22 00:06:48.091] [info    ] [imgviewer] Read Image of TypeName: ByteString
[05/19/22 00:06:49.217] [info    ] [imgviewer] Read Image of TypeName: ByteString
[05/19/22 00:06:50.306] [info    ] [imgviewer] Read Image of TypeName: ByteString
[05/19/22 00:06:51.387] [info    ] [imgviewer] Read Image of TypeName: ByteString
[05/19/22 00:06:52.217] [info    ] [imgviewer-ua] [OPC UA/channel] Connection 4 | SecureChannel 5 | SecureChannel renewed with a revised lifetime of 600.00s
[05/19/22 00:06:52.464] [info    ] [imgviewer] Read Image of TypeName: ByteString
[05/19/22 00:06:53.543] [info    ] [imgviewer] Read Image of TypeName: ByteString
[05/19/22 00:06:54.621] [info    ] [imgviewer] Read Image of TypeName: ByteString
[05/19/22 00:06:55.703] [info    ] [imgviewer] Read Image of TypeName: ByteString
[05/19/22 00:06:56.778] [info    ] [imgviewer] Read Image of TypeName: ByteString
[05/19/22 00:06:57.854] [info    ] [imgviewer] Read Image of TypeName: ByteString
[05/19/22 00:06:59.013] [info    ] [imgviewer] Read Image of TypeName: ByteString
[05/19/22 00:07:00.100] [info    ] [imgviewer] Read Image of TypeName: ByteString
[05/19/22 00:07:01.172] [info    ] [imgviewer] Read Image of TypeName: ByteString
[05/19/22 00:07:02.256] [info    ] [imgviewer] Read Image of TypeName: ByteString
[05/19/22 00:07:03.338] [info    ] [imgviewer] Read Image of TypeName: ByteString
[05/19/22 00:07:04.421] [info    ] [imgviewer] Read Image of TypeName: ByteString
[05/19/22 00:07:05.506] [info    ] [imgviewer] Read Image of TypeName: ByteString
[05/19/22 00:07:06.587] [info    ] [imgviewer] Read Image of TypeName: ByteString
[05/19/22 00:07:07.664] [info    ] [imgviewer] Read Image of TypeName: ByteString
[05/19/22 00:07:08.748] [info    ] [imgviewer] Read Image of TypeName: ByteString
[05/19/22 00:07:09.821] [info    ] [imgviewer] Read Image of TypeName: ByteString
[05/19/22 00:07:10.907] [info    ] [imgviewer] Read Image of TypeName: ByteString
[05/19/22 00:07:12.003] [info    ] [imgviewer] Read Image of TypeName: ByteString
[05/19/22 00:07:13.076] [info    ] [imgviewer] Read Image of TypeName: ByteString
[05/19/22 00:07:14.148] [info    ] [imgviewer] Read Image of TypeName: ByteString
[05/19/22 00:07:15.230] [info    ] [imgviewer] Read Image of TypeName: ByteString
[05/19/22 00:07:16.306] [info    ] [imgviewer] Read Image of TypeName: ByteString
[05/19/22 00:07:17.378] [info    ] [imgviewer] Read Image of TypeName: ByteString
[05/19/22 00:07:18.449] [info    ] [imgviewer] Read Image of TypeName: ByteString
[05/19/22 00:07:19.523] [info    ] [imgviewer] Read Image of TypeName: ByteString
[05/19/22 00:07:20.606] [info    ] [imgviewer] Read Image of TypeName: ByteString
[05/19/22 00:07:21.685] [info    ] [imgviewer] Read Image of TypeName: ByteString
[05/19/22 00:07:22.769] [info    ] [imgviewer] Read Image of TypeName: ByteString
[05/19/22 00:07:23.849] [info    ] [imgviewer] Read Image of TypeName: ByteString
[05/19/22 00:07:24.932] [info    ] [imgviewer] Read Image of TypeName: ByteString
[05/19/22 00:07:26.004] [info    ] [imgviewer] Read Image of TypeName: ByteString
[05/19/22 00:07:27.099] [info    ] [imgviewer] Read Image of TypeName: ByteString
[05/19/22 00:07:28.178] [info    ] [imgviewer] Read Image of TypeName: ByteString
[05/19/22 00:07:29.250] [info    ] [imgviewer] Read Image of TypeName: ByteString
[05/19/22 00:07:30.323] [info    ] [imgviewer] Read Image of TypeName: ByteString
[05/19/22 00:07:31.404] [info    ] [imgviewer] Read Image of TypeName: ByteString
[05/19/22 00:07:32.483] [info    ] [imgviewer] Read Image of TypeName: ByteString
[05/19/22 00:07:33.561] [info    ] [imgviewer] Read Image of TypeName: ByteString
[05/19/22 00:07:34.659] [info    ] [imgviewer] Read Image of TypeName: ByteString
[05/19/22 00:07:35.751] [info    ] [imgviewer] Read Image of TypeName: ByteString
[05/19/22 00:07:36.843] [info    ] [imgviewer] Read Image of TypeName: ByteString
[05/19/22 00:07:37.930] [info    ] [imgviewer] Read Image of TypeName: ByteString
[05/19/22 00:07:39.003] [info    ] [imgviewer] Read Image of TypeName: ByteString
[05/19/22 00:07:40.077] [info    ] [imgviewer] Read Image of TypeName: ByteString
[05/19/22 00:07:41.154] [info    ] [imgviewer] Read Image of TypeName: ByteString
[05/19/22 00:07:42.237] [info    ] [imgviewer] Read Image of TypeName: ByteString
[05/19/22 00:07:43.324] [info    ] [imgviewer] Read Image of TypeName: ByteString
[05/19/22 00:07:44.402] [info    ] [imgviewer] Read Image of TypeName: ByteString
[05/19/22 00:07:45.478] [info    ] [imgviewer] Read Image of TypeName: ByteString
[05/19/22 00:07:46.560] [info    ] [imgviewer] Read Image of TypeName: ByteString
[05/19/22 00:07:47.638] [info    ] [imgviewer] Read Image of TypeName: ByteString
[05/19/22 00:07:48.727] [info    ] [imgviewer] Read Image of TypeName: ByteString
[05/19/22 00:07:49.805] [info    ] [imgviewer] Read Image of TypeName: ByteString
[05/19/22 00:07:50.883] [info    ] [imgviewer] Read Image of TypeName: ByteString
[05/19/22 00:07:51.955] [info    ] [imgviewer] Read Image of TypeName: ByteString
[05/19/22 00:07:53.034] [info    ] [imgviewer] Read Image of TypeName: ByteString
[05/19/22 00:07:54.111] [info    ] [imgviewer] Read Image of TypeName: ByteString
[05/19/22 00:07:55.191] [info    ] [imgviewer] Read Image of TypeName: ByteString
[05/19/22 00:07:56.272] [info    ] [imgviewer] Read Image of TypeName: ByteString
[05/19/22 00:07:57.350] [info    ] [imgviewer] Read Image of TypeName: ByteString
[05/19/22 00:07:58.423] [info    ] [imgviewer] Read Image of TypeName: ByteString
[05/19/22 00:07:59.505] [info    ] [imgviewer] Read Image of TypeName: ByteString
[05/19/22 00:08:00.582] [info    ] [imgviewer] Read Image of TypeName: ByteString
[05/19/22 00:08:01.662] [info    ] [imgviewer] Read Image of TypeName: ByteString
[05/19/22 00:08:02.748] [info    ] [imgviewer] Read Image of TypeName: ByteString
[05/19/22 00:08:03.826] [info    ] [imgviewer] Read Image of TypeName: ByteString
[05/19/22 00:08:04.905] [info    ] [imgviewer] Read Image of TypeName: ByteString
[05/19/22 00:08:05.984] [info    ] [imgviewer] Read Image of TypeName: ByteString
[05/19/22 00:08:07.072] [info    ] [imgviewer] Read Image of TypeName: ByteString
[05/19/22 00:08:08.148] [info    ] [imgviewer] Read Image of TypeName: ByteString
[05/19/22 00:08:09.222] [info    ] [imgviewer] Read Image of TypeName: ByteString
[05/19/22 00:08:10.294] [info    ] [imgviewer] Read Image of TypeName: ByteString
[05/19/22 00:08:11.377] [info    ] [imgviewer] Read Image of TypeName: ByteString
[05/19/22 00:08:12.456] [info    ] [imgviewer] Read Image of TypeName: ByteString
[05/19/22 00:08:13.534] [info    ] [imgviewer] Read Image of TypeName: ByteString
[05/19/22 00:08:14.620] [info    ] [imgviewer] Read Image of TypeName: ByteString
[05/19/22 00:08:15.697] [info    ] [imgviewer] Read Image of TypeName: ByteString
[05/19/22 00:08:16.772] [info    ] [imgviewer] Read Image of TypeName: ByteString
[05/19/22 00:08:17.849] [info    ] [imgviewer] Read Image of TypeName: ByteString
[05/19/22 00:08:18.926] [info    ] [imgviewer] Read Image of TypeName: ByteString
[05/19/22 00:08:20.004] [info    ] [imgviewer] Read Image of TypeName: ByteString
[05/19/22 00:08:21.085] [info    ] [imgviewer] Read Image of TypeName: ByteString
[05/19/22 00:08:22.166] [info    ] [imgviewer] Read Image of TypeName: ByteString
[05/19/22 00:08:23.245] [info    ] [imgviewer] Read Image of TypeName: ByteString
[05/19/22 00:08:24.319] [info    ] [imgviewer] Read Image of TypeName: ByteString
[05/19/22 00:08:25.399] [info    ] [imgviewer] Read Image of TypeName: ByteString
[05/19/22 00:08:26.481] [info    ] [imgviewer] Read Image of TypeName: ByteString
[05/19/22 00:08:27.557] [info    ] [imgviewer] Read Image of TypeName: ByteString
[05/19/22 00:08:28.635] [info    ] [imgviewer] Read Image of TypeName: ByteString
[05/19/22 00:08:29.716] [info    ] [imgviewer] Read Image of TypeName: ByteString
[05/19/22 00:08:30.793] [info    ] [imgviewer] Read Image of TypeName: ByteString
[05/19/22 00:08:31.874] [info    ] [imgviewer] Read Image of TypeName: ByteString
[05/19/22 00:08:32.947] [info    ] [imgviewer] Read Image of TypeName: ByteString
[05/19/22 00:08:34.028] [info    ] [imgviewer] Read Image of TypeName: ByteString
[05/19/22 00:08:35.102] [info    ] [imgviewer] Read Image of TypeName: ByteString
[05/19/22 00:08:36.184] [info    ] [imgviewer] Read Image of TypeName: ByteString
[05/19/22 00:08:37.263] [info    ] [imgviewer] Read Image of TypeName: ByteString
[05/19/22 00:08:38.338] [info    ] [imgviewer] Read Image of TypeName: ByteString
[05/19/22 00:08:39.417] [info    ] [imgviewer] Read Image of TypeName: ByteString
[05/19/22 00:08:40.495] [info    ] [imgviewer] Read Image of TypeName: ByteString
[05/19/22 00:08:41.572] [info    ] [imgviewer] Read Image of TypeName: ByteString
[05/19/22 00:08:42.651] [info    ] [imgviewer] Read Image of TypeName: ByteString
[05/19/22 00:08:43.724] [info    ] [imgviewer] Read Image of TypeName: ByteString
[05/19/22 00:08:44.860] [info    ] [imgviewer] Read Image of TypeName: ByteString
[05/19/22 00:08:45.937] [info    ] [imgviewer] Read Image of TypeName: ByteString
[05/19/22 00:08:47.013] [info    ] [imgviewer] Read Image of TypeName: ByteString
[05/19/22 00:08:48.088] [info    ] [imgviewer] Read Image of TypeName: ByteString
[05/19/22 00:08:49.165] [info    ] [imgviewer] Read Image of TypeName: ByteString
[05/19/22 00:08:50.247] [info    ] [imgviewer] Read Image of TypeName: ByteString
[05/19/22 00:08:51.330] [info    ] [imgviewer] Read Image of TypeName: ByteString
[05/19/22 00:08:52.408] [info    ] [imgviewer] Read Image of TypeName: ByteString
[05/19/22 00:08:53.487] [info    ] [imgviewer] Read Image of TypeName: ByteString
[05/19/22 00:08:54.572] [info    ] [imgviewer] Read Image of TypeName: ByteString
[05/19/22 00:08:55.650] [info    ] [imgviewer] Read Image of TypeName: ByteString
[05/19/22 00:08:56.732] [info    ] [imgviewer] Read Image of TypeName: ByteString
[05/19/22 00:08:57.817] [info    ] [imgviewer] Read Image of TypeName: ByteString
[05/19/22 00:08:58.896] [info    ] [imgviewer] Read Image of TypeName: ByteString
[05/19/22 00:08:59.970] [info    ] [imgviewer] Read Image of TypeName: ByteString
[05/19/22 00:09:01.050] [info    ] [imgviewer] Read Image of TypeName: ByteString
[05/19/22 00:09:02.130] [info    ] [imgviewer] Read Image of TypeName: ByteString
[05/19/22 00:09:03.206] [info    ] [imgviewer] Read Image of TypeName: ByteString
[05/19/22 00:09:04.351] [info    ] [imgviewer] Read Image of TypeName: ByteString
[05/19/22 00:09:05.424] [info    ] [imgviewer] Read Image of TypeName: ByteString
[05/19/22 00:09:06.517] [info    ] [imgviewer] Read Image of TypeName: ByteString
[05/19/22 00:09:07.698] [info    ] [imgviewer] Read Image of TypeName: ByteString
[05/19/22 00:09:08.830] [info    ] [imgviewer] Read Image of TypeName: ByteString
[05/19/22 00:09:09.927] [info    ] [imgviewer] Read Image of TypeName: ByteString
[05/19/22 00:09:11.192] [info    ] [imgviewer] Read Image of TypeName: ByteString
[05/19/22 00:09:12.277] [info    ] [imgviewer] Read Image of TypeName: ByteString
[05/19/22 00:09:13.362] [info    ] [imgviewer] Read Image of TypeName: ByteString
[05/19/22 00:09:14.454] [info    ] [imgviewer] Read Image of TypeName: ByteString
[05/19/22 00:09:15.116] [warning ] [imgviewer] Received Ctrl-C. Shutting down...
[05/19/22 00:09:15.529] [info    ] [imgviewer-ua] [OPC UA/client] Client Status: ChannelState: Closed, SessionState: Closed, ConnectStatus: Good
