[05/18/22 23:42:26.478] [info    ] [camera] Starting Camera Server ...
[05/18/22 23:42:26.478] [warning ] [camera-ua-server] [OPC UA/userland] AcceptAll Certificate Verification. Any remote certificate will be accepted.
[05/18/22 23:42:26.479] [warning ] [camera-ua-server] [OPC UA/server] AccessControl: Unconfigured AccessControl. Users have all permissions.
[05/18/22 23:42:26.479] [info    ] [camera-ua-server] [OPC UA/server] AccessControl: Anonymous login is enabled
[05/18/22 23:42:26.479] [info    ] [camera-ua-server] [OPC UA/server] AccessControl: x509 certificate user authentication is enabled
[05/18/22 23:42:26.479] [warning ] [camera-ua-server] [OPC UA/server] Username/Password Authentication configured, but no encrypting SecurityPolicy. This can leak credentials on the network.
[05/18/22 23:42:26.599] [info    ] [camera-ua-server] [OPC UA/session] SecureChannel 0 | Session "Administrator" | AddNode (ns=2;i=15031): The value is empty. But this is only allowed for BaseDataType. Create a matching default value.
[05/18/22 23:42:26.599] [info    ] [camera-ua-server] [OPC UA/session] SecureChannel 0 | Session "Administrator" | AddNode (ns=2;i=15032): The value is empty. But this is only allowed for BaseDataType. Create a matching default value.
[05/18/22 23:42:26.599] [info    ] [camera-ua-server] [OPC UA/session] SecureChannel 0 | Session "Administrator" | AddNode (ns=2;i=15033): The value is empty. But this is only allowed for BaseDataType. Create a matching default value.
[05/18/22 23:42:26.599] [info    ] [camera-ua-server] [OPC UA/session] SecureChannel 0 | Session "Administrator" | AddNode (ns=2;i=6095): The value is empty. But this is only allowed for BaseDataType. Create a matching default value.
[05/18/22 23:42:26.599] [info    ] [camera-ua-server] [OPC UA/session] SecureChannel 0 | Session "Administrator" | AddNode (ns=2;i=6009): The value is empty. But this is only allowed for BaseDataType. Create a matching default value.
[05/18/22 23:42:26.600] [info    ] [camera-ua-server] [OPC UA/session] SecureChannel 0 | Session "Administrator" | AddNode (ns=2;i=6010): The value is empty. But this is only allowed for BaseDataType. Create a matching default value.
[05/18/22 23:42:26.600] [info    ] [camera-ua-server] [OPC UA/session] SecureChannel 0 | Session "Administrator" | AddNode (ns=2;i=6011): The value is empty. But this is only allowed for BaseDataType. Create a matching default value.
[05/18/22 23:42:26.600] [info    ] [camera-ua-server] [OPC UA/session] SecureChannel 0 | Session "Administrator" | AddNode (ns=2;i=6012): The value is empty. But this is only allowed for BaseDataType. Create a matching default value.
[05/18/22 23:42:26.600] [info    ] [camera-ua-server] [OPC UA/session] SecureChannel 0 | Session "Administrator" | AddNode (ns=2;i=6013): The value is empty. But this is only allowed for BaseDataType. Create a matching default value.
[05/18/22 23:42:26.600] [info    ] [camera-ua-server] [OPC UA/session] SecureChannel 0 | Session "Administrator" | AddNode (ns=2;i=15100): The value is empty. But this is only allowed for BaseDataType. Create a matching default value.
[05/18/22 23:42:26.600] [info    ] [camera-ua-server] [OPC UA/session] SecureChannel 0 | Session "Administrator" | AddNode (ns=2;i=15101): The value is empty. But this is only allowed for BaseDataType. Create a matching default value.
[05/18/22 23:42:26.600] [info    ] [camera-ua-server] [OPC UA/session] SecureChannel 0 | Session "Administrator" | AddNode (ns=2;i=15102): The value is empty. But this is only allowed for BaseDataType. Create a matching default value.
[05/18/22 23:42:26.600] [info    ] [camera-ua-server] [OPC UA/session] SecureChannel 0 | Session "Administrator" | AddNode (ns=2;i=6001): The value is empty. But this is only allowed for BaseDataType. Create a matching default value.
[05/18/22 23:42:26.600] [info    ] [camera-ua-server] [OPC UA/session] SecureChannel 0 | Session "Administrator" | AddNode (ns=2;i=6002): The value is empty. But this is only allowed for BaseDataType. Create a matching default value.
[05/18/22 23:42:26.600] [info    ] [camera-ua-server] [OPC UA/session] SecureChannel 0 | Session "Administrator" | AddNode (ns=2;i=6003): The value is empty. But this is only allowed for BaseDataType. Create a matching default value.
[05/18/22 23:42:26.600] [info    ] [camera-ua-server] [OPC UA/session] SecureChannel 0 | Session "Administrator" | AddNode (ns=2;i=6004): The value is empty. But this is only allowed for BaseDataType. Create a matching default value.
[05/18/22 23:42:26.600] [info    ] [camera-ua-server] [OPC UA/session] SecureChannel 0 | Session "Administrator" | AddNode (ns=2;i=6005): The value is empty. But this is only allowed for BaseDataType. Create a matching default value.
[05/18/22 23:42:26.600] [info    ] [camera-ua-server] [OPC UA/session] SecureChannel 0 | Session "Administrator" | AddNode (ns=2;i=6006): The value is empty. But this is only allowed for BaseDataType. Create a matching default value.
[05/18/22 23:42:26.600] [info    ] [camera-ua-server] [OPC UA/session] SecureChannel 0 | Session "Administrator" | AddNode (ns=2;i=6007): The value is empty. But this is only allowed for BaseDataType. Create a matching default value.
[05/18/22 23:42:26.600] [info    ] [camera-ua-server] [OPC UA/session] SecureChannel 0 | Session "Administrator" | AddNode (ns=2;i=6008): The value is empty. But this is only allowed for BaseDataType. Create a matching default value.
[05/18/22 23:42:26.600] [info    ] [camera-ua-server] [OPC UA/session] SecureChannel 0 | Session "Administrator" | AddNode (ns=2;i=6208): The value is empty. But this is only allowed for BaseDataType. Create a matching default value.
[05/18/22 23:42:26.600] [info    ] [camera-ua-server] [OPC UA/session] SecureChannel 0 | Session "Administrator" | AddNode (ns=2;i=6210): The value is empty. But this is only allowed for BaseDataType. Create a matching default value.
[05/18/22 23:42:26.600] [info    ] [camera-ua-server] [OPC UA/session] SecureChannel 0 | Session "Administrator" | AddNode (ns=2;i=6212): The value is empty. But this is only allowed for BaseDataType. Create a matching default value.
[05/18/22 23:42:26.600] [info    ] [camera-ua-server] [OPC UA/session] SecureChannel 0 | Session "Administrator" | AddNode (ns=2;i=6214): The value is empty. But this is only allowed for BaseDataType. Create a matching default value.
[05/18/22 23:42:26.600] [info    ] [camera-ua-server] [OPC UA/session] SecureChannel 0 | Session "Administrator" | AddNode (ns=2;i=6216): The value is empty. But this is only allowed for BaseDataType. Create a matching default value.
[05/18/22 23:42:26.600] [info    ] [camera-ua-server] [OPC UA/session] SecureChannel 0 | Session "Administrator" | AddNode (ns=2;i=6470): The value is empty. But this is only allowed for BaseDataType. Create a matching default value.
[05/18/22 23:42:26.600] [info    ] [camera-ua-server] [OPC UA/session] SecureChannel 0 | Session "Administrator" | AddNode (ns=2;i=15086): The value is empty. But this is only allowed for BaseDataType. Create a matching default value.
[05/18/22 23:42:26.600] [info    ] [camera-ua-server] [OPC UA/session] SecureChannel 0 | Session "Administrator" | AddNode (ns=2;i=15087): The value is empty. But this is only allowed for BaseDataType. Create a matching default value.
[05/18/22 23:42:26.600] [info    ] [camera-ua-server] [OPC UA/session] SecureChannel 0 | Session "Administrator" | AddNode (ns=2;i=15088): The value is empty. But this is only allowed for BaseDataType. Create a matching default value.
[05/18/22 23:42:26.600] [info    ] [camera-ua-server] [OPC UA/session] SecureChannel 0 | Session "Administrator" | AddNode (ns=2;i=15089): The value is empty. But this is only allowed for BaseDataType. Create a matching default value.
[05/18/22 23:42:26.600] [info    ] [camera-ua-server] [OPC UA/session] SecureChannel 0 | Session "Administrator" | AddNode (ns=2;i=15090): The value is empty. But this is only allowed for BaseDataType. Create a matching default value.
[05/18/22 23:42:26.600] [info    ] [camera-ua-server] [OPC UA/session] SecureChannel 0 | Session "Administrator" | AddNode (ns=2;i=15091): The value is empty. But this is only allowed for BaseDataType. Create a matching default value.
[05/18/22 23:42:26.600] [info    ] [camera-ua-server] [OPC UA/session] SecureChannel 0 | Session "Administrator" | AddNode (ns=2;i=15092): The value is empty. But this is only allowed for BaseDataType. Create a matching default value.
[05/18/22 23:42:26.600] [info    ] [camera-ua-server] [OPC UA/session] SecureChannel 0 | Session "Administrator" | AddNode (ns=2;i=15093): The value is empty. But this is only allowed for BaseDataType. Create a matching default value.
[05/18/22 23:42:26.600] [info    ] [camera-ua-server] [OPC UA/session] SecureChannel 0 | Session "Administrator" | AddNode (ns=2;i=15094): The value is empty. But this is only allowed for BaseDataType. Create a matching default value.
[05/18/22 23:42:26.600] [info    ] [camera-ua-server] [OPC UA/session] SecureChannel 0 | Session "Administrator" | AddNode (ns=2;i=15095): The value is empty. But this is only allowed for BaseDataType. Create a matching default value.
[05/18/22 23:42:26.600] [info    ] [camera-ua-server] [OPC UA/session] SecureChannel 0 | Session "Administrator" | AddNode (ns=2;i=15096): The value is empty. But this is only allowed for BaseDataType. Create a matching default value.
[05/18/22 23:42:26.600] [info    ] [camera-ua-server] [OPC UA/session] SecureChannel 0 | Session "Administrator" | AddNode (ns=2;i=15097): The value is empty. But this is only allowed for BaseDataType. Create a matching default value.
[05/18/22 23:42:26.601] [info    ] [camera-ua-server] [OPC UA/session] SecureChannel 0 | Session "Administrator" | AddNode (ns=2;i=15098): The value is empty. But this is only allowed for BaseDataType. Create a matching default value.
[05/18/22 23:42:26.601] [info    ] [camera-ua-server] [OPC UA/session] SecureChannel 0 | Session "Administrator" | AddNode (ns=2;i=15099): The value is empty. But this is only allowed for BaseDataType. Create a matching default value.
[05/18/22 23:42:26.601] [info    ] [camera-ua-server] [OPC UA/session] SecureChannel 0 | Session "Administrator" | AddNode (ns=2;i=15129): The value is empty. But this is only allowed for BaseDataType. Create a matching default value.
[05/18/22 23:42:26.601] [info    ] [camera-ua-server] [OPC UA/session] SecureChannel 0 | Session "Administrator" | AddNode (ns=2;i=15131): The value is empty. But this is only allowed for BaseDataType. Create a matching default value.
[05/18/22 23:42:26.601] [info    ] [camera-ua-server] [OPC UA/session] SecureChannel 0 | Session "Administrator" | AddNode (ns=2;i=15133): The value is empty. But this is only allowed for BaseDataType. Create a matching default value.
[05/18/22 23:42:26.601] [info    ] [camera-ua-server] [OPC UA/session] SecureChannel 0 | Session "Administrator" | AddNode (ns=2;i=6163): The value is empty. But this is only allowed for BaseDataType. Create a matching default value.
[05/18/22 23:42:26.601] [info    ] [camera-ua-server] [OPC UA/session] SecureChannel 0 | Session "Administrator" | AddNode (ns=2;i=6164): The value is empty. But this is only allowed for BaseDataType. Create a matching default value.
[05/18/22 23:42:26.601] [info    ] [camera-ua-server] [OPC UA/session] SecureChannel 0 | Session "Administrator" | AddNode (ns=2;i=6165): The value is empty. But this is only allowed for BaseDataType. Create a matching default value.
[05/18/22 23:42:26.601] [info    ] [camera-ua-server] [OPC UA/session] SecureChannel 0 | Session "Administrator" | AddNode (ns=2;i=6468): The value is empty. But this is only allowed for BaseDataType. Create a matching default value.
[05/18/22 23:42:26.601] [info    ] [camera-ua-server] [OPC UA/session] SecureChannel 0 | Session "Administrator" | AddNode (ns=2;i=15036): The value is empty. But this is only allowed for BaseDataType. Create a matching default value.
[05/18/22 23:42:26.601] [info    ] [camera-ua-server] [OPC UA/session] SecureChannel 0 | Session "Administrator" | AddNode (ns=2;i=15037): The value is empty. But this is only allowed for BaseDataType. Create a matching default value.
[05/18/22 23:42:26.601] [info    ] [camera-ua-server] [OPC UA/session] SecureChannel 0 | Session "Administrator" | AddNode (ns=2;i=15038): The value is empty. But this is only allowed for BaseDataType. Create a matching default value.
[05/18/22 23:42:26.601] [info    ] [camera-ua-server] [OPC UA/session] SecureChannel 0 | Session "Administrator" | AddNode (ns=2;i=15039): The value is empty. But this is only allowed for BaseDataType. Create a matching default value.
[05/18/22 23:42:26.601] [info    ] [camera-ua-server] [OPC UA/session] SecureChannel 0 | Session "Administrator" | AddNode (ns=2;i=15040): The value is empty. But this is only allowed for BaseDataType. Create a matching default value.
[05/18/22 23:42:26.601] [info    ] [camera-ua-server] [OPC UA/session] SecureChannel 0 | Session "Administrator" | AddNode (ns=2;i=15041): The value is empty. But this is only allowed for BaseDataType. Create a matching default value.
[05/18/22 23:42:26.601] [info    ] [camera-ua-server] [OPC UA/session] SecureChannel 0 | Session "Administrator" | AddNode (ns=2;i=15042): The value is empty. But this is only allowed for BaseDataType. Create a matching default value.
[05/18/22 23:42:26.601] [info    ] [camera-ua-server] [OPC UA/session] SecureChannel 0 | Session "Administrator" | AddNode (ns=2;i=15043): The value is empty. But this is only allowed for BaseDataType. Create a matching default value.
[05/18/22 23:42:26.601] [info    ] [camera-ua-server] [OPC UA/session] SecureChannel 0 | Session "Administrator" | AddNode (ns=2;i=15044): The value is empty. But this is only allowed for BaseDataType. Create a matching default value.
[05/18/22 23:42:26.601] [info    ] [camera-ua-server] [OPC UA/session] SecureChannel 0 | Session "Administrator" | AddNode (ns=2;i=15045): The value is empty. But this is only allowed for BaseDataType. Create a matching default value.
[05/18/22 23:42:26.601] [info    ] [camera-ua-server] [OPC UA/session] SecureChannel 0 | Session "Administrator" | AddNode (ns=2;i=15046): The value is empty. But this is only allowed for BaseDataType. Create a matching default value.
[05/18/22 23:42:26.601] [info    ] [camera-ua-server] [OPC UA/session] SecureChannel 0 | Session "Administrator" | AddNode (ns=2;i=15047): The value is empty. But this is only allowed for BaseDataType. Create a matching default value.
[05/18/22 23:42:26.601] [info    ] [camera-ua-server] [OPC UA/session] SecureChannel 0 | Session "Administrator" | AddNode (ns=2;i=15049): The value is empty. But this is only allowed for BaseDataType. Create a matching default value.
[05/18/22 23:42:26.601] [info    ] [camera-ua-server] [OPC UA/session] SecureChannel 0 | Session "Administrator" | AddNode (ns=2;i=15050): The value is empty. But this is only allowed for BaseDataType. Create a matching default value.
[05/18/22 23:42:26.601] [info    ] [camera-ua-server] [OPC UA/session] SecureChannel 0 | Session "Administrator" | AddNode (ns=2;i=15052): The value is empty. But this is only allowed for BaseDataType. Create a matching default value.
[05/18/22 23:42:26.601] [info    ] [camera-ua-server] [OPC UA/session] SecureChannel 0 | Session "Administrator" | AddNode (ns=2;i=15056): The value is empty. But this is only allowed for BaseDataType. Create a matching default value.
[05/18/22 23:42:26.601] [info    ] [camera-ua-server] [OPC UA/session] SecureChannel 0 | Session "Administrator" | AddNode (ns=2;i=15058): The value is empty. But this is only allowed for BaseDataType. Create a matching default value.
[05/18/22 23:42:26.601] [info    ] [camera-ua-server] [OPC UA/session] SecureChannel 0 | Session "Administrator" | AddNode (ns=2;i=15060): The value is empty. But this is only allowed for BaseDataType. Create a matching default value.
[05/18/22 23:42:26.602] [info    ] [camera-ua-server] [OPC UA/session] SecureChannel 0 | Session "Administrator" | AddNode (ns=2;i=15062): The value is empty. But this is only allowed for BaseDataType. Create a matching default value.
[05/18/22 23:42:26.602] [info    ] [camera-ua-server] [OPC UA/session] SecureChannel 0 | Session "Administrator" | AddNode (ns=2;i=6296): The value is empty. But this is only allowed for BaseDataType. Create a matching default value.
[05/18/22 23:42:26.602] [info    ] [camera-ua-server] [OPC UA/session] SecureChannel 0 | Session "Administrator" | AddNode (ns=2;i=6297): The value is empty. But this is only allowed for BaseDataType. Create a matching default value.
[05/18/22 23:42:26.602] [info    ] [camera-ua-server] [OPC UA/session] SecureChannel 0 | Session "Administrator" | AddNode (ns=2;i=6298): The value is empty. But this is only allowed for BaseDataType. Create a matching default value.
[05/18/22 23:42:26.602] [info    ] [camera-ua-server] [OPC UA/session] SecureChannel 0 | Session "Administrator" | AddNode (ns=2;i=6497): The value is empty. But this is only allowed for BaseDataType. Create a matching default value.
[05/18/22 23:42:26.602] [info    ] [camera-ua-server] [OPC UA/session] SecureChannel 0 | Session "Administrator" | AddNode (ns=2;i=6387): The value is empty. But this is only allowed for BaseDataType. Create a matching default value.
[05/18/22 23:42:26.602] [info    ] [camera-ua-server] [OPC UA/session] SecureChannel 0 | Session "Administrator" | AddNode (ns=2;i=6390): The value is empty. But this is only allowed for BaseDataType. Create a matching default value.
[05/18/22 23:42:26.602] [info    ] [camera-ua-server] [OPC UA/session] SecureChannel 0 | Session "Administrator" | AddNode (ns=2;i=6391): The value is empty. But this is only allowed for BaseDataType. Create a matching default value.
[05/18/22 23:42:26.602] [info    ] [camera-ua-server] [OPC UA/session] SecureChannel 0 | Session "Administrator" | AddNode (ns=2;i=6392): The value is empty. But this is only allowed for BaseDataType. Create a matching default value.
[05/18/22 23:42:26.602] [info    ] [camera-ua-server] [OPC UA/session] SecureChannel 0 | Session "Administrator" | AddNode (ns=2;i=6534): The value is empty. But this is only allowed for BaseDataType. Create a matching default value.
[05/18/22 23:42:26.602] [info    ] [camera-ua-server] [OPC UA/session] SecureChannel 0 | Session "Administrator" | AddNode (ns=2;i=123): The value is empty. But this is only allowed for BaseDataType. Create a matching default value.
[05/18/22 23:42:26.602] [info    ] [camera-ua-server] [OPC UA/session] SecureChannel 0 | Session "Administrator" | AddNode (ns=2;i=133): The value is empty. But this is only allowed for BaseDataType. Create a matching default value.
[05/18/22 23:42:26.602] [info    ] [camera-ua-server] [OPC UA/session] SecureChannel 0 | Session "Administrator" | AddNode (ns=2;i=6): The value is empty. But this is only allowed for BaseDataType. Create a matching default value.
[05/18/22 23:42:26.602] [info    ] [camera-ua-server] [OPC UA/session] SecureChannel 0 | Session "Administrator" | AddNode (ns=2;i=42): The value is empty. But this is only allowed for BaseDataType. Create a matching default value.
[05/18/22 23:42:26.604] [info    ] [camera-ua-server] [OPC UA/session] SecureChannel 0 | Session "Administrator" | AddNode (ns=2;i=402): The value is empty. But this is only allowed for BaseDataType. Create a matching default value.
[05/18/22 23:42:26.604] [info    ] [camera-ua-server] [OPC UA/session] SecureChannel 0 | Session "Administrator" | AddNode (ns=2;i=78): The value is empty. But this is only allowed for BaseDataType. Create a matching default value.
[05/18/22 23:42:26.604] [info    ] [camera-ua-server] [OPC UA/session] SecureChannel 0 | Session "Administrator" | AddNode (ns=2;i=113): The value is empty. But this is only allowed for BaseDataType. Create a matching default value.
[05/18/22 23:42:26.604] [info    ] [camera-ua-server] [OPC UA/session] SecureChannel 0 | Session "Administrator" | AddNode (ns=2;i=100): The value is empty. But this is only allowed for BaseDataType. Create a matching default value.
[05/18/22 23:42:26.605] [info    ] [camera-ua-server] [OPC UA/session] SecureChannel 0 | Session "Administrator" | AddNode (ns=2;i=136): The value is empty. But this is only allowed for BaseDataType. Create a matching default value.
[05/18/22 23:42:26.605] [info    ] [camera-ua-server] [OPC UA/session] SecureChannel 0 | Session "Administrator" | AddNode (ns=2;i=345): The value is empty. But this is only allowed for BaseDataType. Create a matching default value.
[05/18/22 23:42:26.605] [info    ] [camera-ua-server] [OPC UA/session] SecureChannel 0 | Session "Administrator" | AddNode (ns=2;i=346): The value is empty. But this is only allowed for BaseDataType. Create a matching default value.
[05/18/22 23:42:26.605] [info    ] [camera-ua-server] [OPC UA/session] SecureChannel 0 | Session "Administrator" | AddNode (ns=2;i=347): The value is empty. But this is only allowed for BaseDataType. Create a matching default value.
[05/18/22 23:42:26.605] [info    ] [camera-ua-server] [OPC UA/session] SecureChannel 0 | Session "Administrator" | AddNode (ns=2;i=141): The value is empty. But this is only allowed for BaseDataType. Create a matching default value.
[05/18/22 23:42:26.605] [info    ] [camera-ua-server] [OPC UA/session] SecureChannel 0 | Session "Administrator" | AddNode (ns=2;i=151): The value is empty. But this is only allowed for BaseDataType. Create a matching default value.
[05/18/22 23:42:26.605] [info    ] [camera-ua-server] [OPC UA/session] SecureChannel 0 | Session "Administrator" | AddNode (ns=2;i=152): The value is empty. But this is only allowed for BaseDataType. Create a matching default value.
[05/18/22 23:42:26.605] [info    ] [camera-ua-server] [OPC UA/session] SecureChannel 0 | Session "Administrator" | AddNode (ns=2;i=169): The value is empty. But this is only allowed for BaseDataType. Create a matching default value.
[05/18/22 23:42:26.605] [info    ] [camera-ua-server] [OPC UA/session] SecureChannel 0 | Session "Administrator" | AddNode (ns=2;i=170): The value is empty. But this is only allowed for BaseDataType. Create a matching default value.
[05/18/22 23:42:26.605] [info    ] [camera-ua-server] [OPC UA/session] SecureChannel 0 | Session "Administrator" | AddNode (ns=2;i=366): The value is empty. But this is only allowed for BaseDataType. Create a matching default value.
[05/18/22 23:42:26.605] [info    ] [camera-ua-server] [OPC UA/session] SecureChannel 0 | Session "Administrator" | AddNode (ns=2;i=367): The value is empty. But this is only allowed for BaseDataType. Create a matching default value.
[05/18/22 23:42:26.605] [info    ] [camera-ua-server] [OPC UA/session] SecureChannel 0 | Session "Administrator" | AddNode (ns=2;i=368): The value is empty. But this is only allowed for BaseDataType. Create a matching default value.
[05/18/22 23:42:26.605] [info    ] [camera-ua-server] [OPC UA/session] SecureChannel 0 | Session "Administrator" | AddNode (ns=2;i=373): The value is empty. But this is only allowed for BaseDataType. Create a matching default value.
[05/18/22 23:42:26.605] [info    ] [camera-ua-server] [OPC UA/session] SecureChannel 0 | Session "Administrator" | AddNode (ns=2;i=374): The value is empty. But this is only allowed for BaseDataType. Create a matching default value.
[05/18/22 23:42:26.605] [info    ] [camera-ua-server] [OPC UA/session] SecureChannel 0 | Session "Administrator" | AddNode (ns=2;i=375): The value is empty. But this is only allowed for BaseDataType. Create a matching default value.
[05/18/22 23:42:26.606] [info    ] [camera-ua-server] [OPC UA/session] SecureChannel 0 | Session "Administrator" | AddNode (ns=2;i=380): The value is empty. But this is only allowed for BaseDataType. Create a matching default value.
[05/18/22 23:42:26.606] [info    ] [camera-ua-server] [OPC UA/session] SecureChannel 0 | Session "Administrator" | AddNode (ns=2;i=381): The value is empty. But this is only allowed for BaseDataType. Create a matching default value.
[05/18/22 23:42:26.606] [info    ] [camera-ua-server] [OPC UA/session] SecureChannel 0 | Session "Administrator" | AddNode (ns=2;i=382): The value is empty. But this is only allowed for BaseDataType. Create a matching default value.
[05/18/22 23:42:26.606] [info    ] [camera-ua-server] [OPC UA/session] SecureChannel 0 | Session "Administrator" | AddNode (ns=2;i=383): The value is empty. But this is only allowed for BaseDataType. Create a matching default value.
[05/18/22 23:42:26.606] [info    ] [camera-ua-server] [OPC UA/session] SecureChannel 0 | Session "Administrator" | AddNode (ns=2;i=384): The value is empty. But this is only allowed for BaseDataType. Create a matching default value.
[05/18/22 23:42:26.606] [info    ] [camera-ua-server] [OPC UA/session] SecureChannel 0 | Session "Administrator" | AddNode (ns=2;i=385): The value is empty. But this is only allowed for BaseDataType. Create a matching default value.
[05/18/22 23:42:26.606] [info    ] [camera-ua-server] [OPC UA/session] SecureChannel 0 | Session "Administrator" | AddNode (ns=2;i=386): The value is empty. But this is only allowed for BaseDataType. Create a matching default value.
[05/18/22 23:42:26.606] [info    ] [camera-ua-server] [OPC UA/session] SecureChannel 0 | Session "Administrator" | AddNode (ns=2;i=227): The value is empty. But this is only allowed for BaseDataType. Create a matching default value.
[05/18/22 23:42:26.606] [info    ] [camera-ua-server] [OPC UA/session] SecureChannel 0 | Session "Administrator" | AddNode (ns=2;i=263): The value is empty. But this is only allowed for BaseDataType. Create a matching default value.
[05/18/22 23:42:26.606] [info    ] [camera-ua-server] [OPC UA/session] SecureChannel 0 | Session "Administrator" | AddNode (ns=2;i=264): The value is empty. But this is only allowed for BaseDataType. Create a matching default value.
[05/18/22 23:42:26.607] [info    ] [camera-ua-server] [OPC UA/session] SecureChannel 0 | Session "Administrator" | AddNode (ns=2;i=322): The value is empty. But this is only allowed for BaseDataType. Create a matching default value.
[05/18/22 23:42:26.607] [info    ] [camera-ua-server] [OPC UA/session] SecureChannel 0 | Session "Administrator" | AddNode (ns=3;i=15031): The value is empty. But this is only allowed for BaseDataType. Create a matching default value.
[05/18/22 23:42:26.607] [info    ] [camera-ua-server] [OPC UA/session] SecureChannel 0 | Session "Administrator" | AddNode (ns=3;i=15032): The value is empty. But this is only allowed for BaseDataType. Create a matching default value.
[05/18/22 23:42:26.608] [info    ] [camera-ua-server] [OPC UA/session] SecureChannel 0 | Session "Administrator" | AddNode (ns=3;i=15033): The value is empty. But this is only allowed for BaseDataType. Create a matching default value.
[05/18/22 23:42:26.608] [info    ] [camera-ua-server] [OPC UA/session] SecureChannel 0 | Session "Administrator" | AddNode (ns=3;i=15053): The value is empty. But this is only allowed for BaseDataType. Create a matching default value.
[05/18/22 23:42:26.608] [info    ] [camera-ua-server] [OPC UA/session] SecureChannel 0 | Session "Administrator" | AddNode (ns=3;i=15100): The value is empty. But this is only allowed for BaseDataType. Create a matching default value.
[05/18/22 23:42:26.608] [info    ] [camera-ua-server] [OPC UA/session] SecureChannel 0 | Session "Administrator" | AddNode (ns=3;i=15401): The value is empty. But this is only allowed for BaseDataType. Create a matching default value.
[05/18/22 23:42:26.608] [info    ] [camera-ua-server] [OPC UA/session] SecureChannel 0 | Session "Administrator" | AddNode (ns=3;i=15403): The value is empty. But this is only allowed for BaseDataType. Create a matching default value.
[05/18/22 23:42:26.608] [info    ] [camera-ua-server] [OPC UA/session] SecureChannel 0 | Session "Administrator" | AddNode (ns=3;i=15406): The value is empty. But this is only allowed for BaseDataType. Create a matching default value.
[05/18/22 23:42:26.608] [info    ] [camera-ua-server] [OPC UA/session] SecureChannel 0 | Session "Administrator" | AddNode (ns=3;i=15408): The value is empty. But this is only allowed for BaseDataType. Create a matching default value.
[05/18/22 23:42:26.608] [info    ] [camera-ua-server] [OPC UA/session] SecureChannel 0 | Session "Administrator" | AddNode (ns=3;i=15409): The value is empty. But this is only allowed for BaseDataType. Create a matching default value.
[05/18/22 23:42:26.608] [info    ] [camera-ua-server] [OPC UA/session] SecureChannel 0 | Session "Administrator" | AddNode (ns=3;i=15413): The value is empty. But this is only allowed for BaseDataType. Create a matching default value.
[05/18/22 23:42:26.608] [info    ] [camera-ua-server] [OPC UA/session] SecureChannel 0 | Session "Administrator" | AddNode (ns=3;i=15414): The value is empty. But this is only allowed for BaseDataType. Create a matching default value.
[05/18/22 23:42:26.608] [info    ] [camera-ua-server] [OPC UA/session] SecureChannel 0 | Session "Administrator" | AddNode (ns=3;i=15415): The value is empty. But this is only allowed for BaseDataType. Create a matching default value.
[05/18/22 23:42:26.608] [info    ] [camera-ua-server] [OPC UA/session] SecureChannel 0 | Session "Administrator" | AddNode (ns=3;i=15430): The value is empty. But this is only allowed for BaseDataType. Create a matching default value.
[05/18/22 23:42:26.609] [info    ] [camera-ua-server] [OPC UA/session] SecureChannel 0 | Session "Administrator" | AddNode (ns=3;i=15397): The value is empty. But this is only allowed for BaseDataType. Create a matching default value.
[05/18/22 23:42:26.609] [info    ] [camera-ua-server] [OPC UA/session] SecureChannel 0 | Session "Administrator" | AddNode (ns=4;i=15013): The value is empty. But this is only allowed for BaseDataType. Create a matching default value.
[05/18/22 23:42:26.609] [info    ] [camera-ua-server] [OPC UA/session] SecureChannel 0 | Session "Administrator" | AddNode (ns=4;i=15014): The value is empty. But this is only allowed for BaseDataType. Create a matching default value.
[05/18/22 23:42:26.609] [info    ] [camera-ua-server] [OPC UA/session] SecureChannel 0 | Session "Administrator" | AddNode (ns=5;i=15213): The value is empty. But this is only allowed for BaseDataType. Create a matching default value.
[05/18/22 23:42:26.609] [info    ] [camera-ua-server] [OPC UA/session] SecureChannel 0 | Session "Administrator" | AddNode (ns=5;i=15215): The value is empty. But this is only allowed for BaseDataType. Create a matching default value.
[05/18/22 23:42:26.609] [info    ] [camera-ua-server] [OPC UA/session] SecureChannel 0 | Session "Administrator" | AddNode (ns=5;i=15218): The value is empty. But this is only allowed for BaseDataType. Create a matching default value.
[05/18/22 23:42:26.610] [info    ] [camera-ua-server] [OPC UA/session] SecureChannel 0 | Session "Administrator" | AddNode (ns=5;i=15220): The value is empty. But this is only allowed for BaseDataType. Create a matching default value.
[05/18/22 23:42:26.610] [info    ] [camera-ua-server] [OPC UA/session] SecureChannel 0 | Session "Administrator" | AddNode (ns=5;i=15221): The value is empty. But this is only allowed for BaseDataType. Create a matching default value.
[05/18/22 23:42:26.610] [info    ] [camera-ua-server] [OPC UA/session] SecureChannel 0 | Session "Administrator" | AddNode (ns=5;i=15225): The value is empty. But this is only allowed for BaseDataType. Create a matching default value.
[05/18/22 23:42:26.610] [info    ] [camera-ua-server] [OPC UA/session] SecureChannel 0 | Session "Administrator" | AddNode (ns=5;i=15226): The value is empty. But this is only allowed for BaseDataType. Create a matching default value.
[05/18/22 23:42:26.610] [info    ] [camera-ua-server] [OPC UA/session] SecureChannel 0 | Session "Administrator" | AddNode (ns=5;i=15227): The value is empty. But this is only allowed for BaseDataType. Create a matching default value.
[05/18/22 23:42:26.610] [info    ] [camera-ua-server] [OPC UA/session] SecureChannel 0 | Session "Administrator" | AddNode (ns=5;i=15242): The value is empty. But this is only allowed for BaseDataType. Create a matching default value.
[05/18/22 23:42:26.610] [info    ] [camera-ua-server] [OPC UA/session] SecureChannel 0 | Session "Administrator" | AddNode (ns=5;i=15249): The value is empty. But this is only allowed for BaseDataType. Create a matching default value.
[05/18/22 23:42:26.610] [info    ] [camera-ua-server] [OPC UA/session] SecureChannel 0 | Session "Administrator" | AddNode (ns=5;i=15162): The value is empty. But this is only allowed for BaseDataType. Create a matching default value.
[05/18/22 23:42:26.610] [info    ] [camera-ua-server] [OPC UA/session] SecureChannel 0 | Session "Administrator" | AddNode (ns=5;i=15164): The value is empty. But this is only allowed for BaseDataType. Create a matching default value.
[05/18/22 23:42:26.610] [info    ] [camera-ua-server] [OPC UA/session] SecureChannel 0 | Session "Administrator" | AddNode (ns=5;i=15165): The value is empty. But this is only allowed for BaseDataType. Create a matching default value.
[05/18/22 23:42:26.610] [info    ] [camera-ua-server] [OPC UA/session] SecureChannel 0 | Session "Administrator" | AddNode (ns=5;i=15166): The value is empty. But this is only allowed for BaseDataType. Create a matching default value.
[05/18/22 23:42:26.611] [info    ] [camera-ua-server] [OPC UA/session] SecureChannel 0 | Session "Administrator" | AddNode (ns=5;i=15167): The value is empty. But this is only allowed for BaseDataType. Create a matching default value.
[05/18/22 23:42:26.611] [info    ] [camera-ua-server] [OPC UA/session] SecureChannel 0 | Session "Administrator" | AddNode (ns=5;i=15169): The value is empty. But this is only allowed for BaseDataType. Create a matching default value.
[05/18/22 23:42:26.611] [info    ] [camera-ua-server] [OPC UA/session] SecureChannel 0 | Session "Administrator" | AddNode (ns=5;i=15171): The value is empty. But this is only allowed for BaseDataType. Create a matching default value.
[05/18/22 23:42:26.611] [info    ] [camera-ua-server] [OPC UA/session] SecureChannel 0 | Session "Administrator" | AddNode (ns=5;i=15173): The value is empty. But this is only allowed for BaseDataType. Create a matching default value.
[05/18/22 23:42:26.611] [info    ] [camera-ua-server] [OPC UA/session] SecureChannel 0 | Session "Administrator" | AddNode (ns=5;i=15250): The value is empty. But this is only allowed for BaseDataType. Create a matching default value.
[05/18/22 23:42:26.612] [warning ] [camera-ua-server] [OPC UA/network] Multicast DNS: outbound interface 0.0.0.0, it means that the first OS interface is used (you can explicitly set the interface by using 'discovery.mdnsInterfaceIP' config parameter)
[05/18/22 23:42:26.615] [info    ] [camera-ua-server] [OPC UA/network] TCP network layer listening on opc.tcp://lucas-laptop:4842/
[05/18/22 23:42:26.615] [info    ] [camera-ua-server] [OPC UA/server] Multicast DNS: add record for domain: pnp.component.camera-lucas-laptop._opcua-tcp._tcp.local.
[05/18/22 23:42:26.615] [info    ] [camera] OPC UA Server initialized: opc.tcp://lucas-laptop:4842/
[05/18/22 23:42:28.486] [info    ] [camera-ua-server] [OPC UA/network] Connection 8 | New connection over TCP from 127.0.0.1
[05/18/22 23:42:28.488] [info    ] [camera-ua-server] [OPC UA/channel] Connection 8 | SecureChannel 1 | SecureChannel opened with SecurityPolicy http://opcfoundation.org/UA/SecurityPolicy#None and a revised lifetime of 600.00s
[05/18/22 23:42:28.491] [info    ] [camera-ua-server] [OPC UA/network] Connection 9 | New connection over TCP from 127.0.0.1
[05/18/22 23:42:28.491] [info    ] [camera-ua-server] [OPC UA/channel] Connection 8 | SecureChannel 1 | CloseSecureChannel
[05/18/22 23:42:28.492] [info    ] [camera-ua-server] [OPC UA/network] Connection 8 | Closed
[05/18/22 23:42:28.493] [info    ] [camera-ua-server] [OPC UA/channel] Connection 9 | SecureChannel 2 | SecureChannel opened with SecurityPolicy http://opcfoundation.org/UA/SecurityPolicy#None and a revised lifetime of 600.00s
[05/18/22 23:42:28.496] [info    ] [camera-ua-server] [OPC UA/session] SecureChannel 2 | Session "" | Session created
[05/18/22 23:42:28.497] [info    ] [camera-ua-server] [OPC UA/session] SecureChannel 2 | Session "" | ActivateSession: Session activated
[05/18/22 23:42:34.415] [info    ] [camera-ua-server] [OPC UA/network] Connection 8 | New connection over TCP from 127.0.0.1
[05/18/22 23:42:34.417] [info    ] [camera-ua-server] [OPC UA/channel] Connection 8 | SecureChannel 3 | SecureChannel opened with SecurityPolicy http://opcfoundation.org/UA/SecurityPolicy#None and a revised lifetime of 300.00s
[05/18/22 23:42:34.420] [info    ] [camera-ua-server] [OPC UA/channel] Connection 8 | SecureChannel 3 | CloseSecureChannel
[05/18/22 23:42:34.421] [info    ] [camera-ua-server] [OPC UA/network] Connection 8 | Closed
[05/18/22 23:42:34.434] [info    ] [camera-ua-server] [OPC UA/network] Connection 8 | New connection over TCP from 127.0.0.1
[05/18/22 23:42:34.436] [info    ] [camera-ua-server] [OPC UA/channel] Connection 8 | SecureChannel 4 | SecureChannel opened with SecurityPolicy http://opcfoundation.org/UA/SecurityPolicy#None and a revised lifetime of 600.00s
[05/18/22 23:42:34.437] [info    ] [camera-ua-server] [OPC UA/session] SecureChannel 4 | Session "urn:lucas-laptop:UnifiedAutomation:UaExpert" | Session created
[05/18/22 23:42:34.439] [info    ] [camera-ua-server] [OPC UA/session] SecureChannel 4 | Session "urn:lucas-laptop:UnifiedAutomation:UaExpert" | ActivateSession: Session activated
[05/18/22 23:42:34.481] [info    ] [camera-ua-server] [OPC UA/session] SecureChannel 4 | Session "urn:lucas-laptop:UnifiedAutomation:UaExpert" | Subscription 1 | Subscription created (Publishing interval 100.00ms, max 1000 notifications per publish)
[05/18/22 23:42:34.482] [info    ] [camera-ua-server] [OPC UA/session] SecureChannel 4 | Session "urn:lucas-laptop:UnifiedAutomation:UaExpert" | Subscription 1 | MonitoredItem 1 | Created the MonitoredItem (Sampling Interval: 0.00ms, Queue Size: 100)
[05/18/22 23:42:46.054] [info    ] [camera] Taking photo and savig it in Image/Data variable.
[05/18/22 23:43:07.958] [info    ] [camera-ua-server] [OPC UA/session] SecureChannel 2 | Session "" | Closing the Session
[05/18/22 23:43:07.960] [info    ] [camera-ua-server] [OPC UA/channel] Connection 9 | SecureChannel 2 | CloseSecureChannel
[05/18/22 23:43:07.961] [info    ] [camera-ua-server] [OPC UA/network] Connection 9 | Closed
[05/18/22 23:43:08.705] [info    ] [camera-ua-server] [OPC UA/network] Connection 9 | New connection over TCP from 127.0.0.1
[05/18/22 23:43:08.707] [info    ] [camera-ua-server] [OPC UA/channel] Connection 9 | SecureChannel 5 | SecureChannel opened with SecurityPolicy http://opcfoundation.org/UA/SecurityPolicy#None and a revised lifetime of 600.00s
[05/18/22 23:43:08.710] [info    ] [camera-ua-server] [OPC UA/network] Connection 10 | New connection over TCP from 127.0.0.1
[05/18/22 23:43:08.710] [info    ] [camera-ua-server] [OPC UA/channel] Connection 9 | SecureChannel 5 | CloseSecureChannel
[05/18/22 23:43:08.711] [info    ] [camera-ua-server] [OPC UA/network] Connection 9 | Closed
[05/18/22 23:43:08.712] [info    ] [camera-ua-server] [OPC UA/channel] Connection 10 | SecureChannel 6 | SecureChannel opened with SecurityPolicy http://opcfoundation.org/UA/SecurityPolicy#None and a revised lifetime of 600.00s
[05/18/22 23:43:08.719] [info    ] [camera-ua-server] [OPC UA/session] SecureChannel 6 | Session "" | Session created
[05/18/22 23:43:08.720] [info    ] [camera-ua-server] [OPC UA/session] SecureChannel 6 | Session "" | ActivateSession: Session activated
[05/18/22 23:43:25.059] [info    ] [camera-ua-server] [OPC UA/session] SecureChannel 6 | Session "" | Closing the Session
[05/18/22 23:43:25.060] [info    ] [camera-ua-server] [OPC UA/channel] Connection 10 | SecureChannel 6 | CloseSecureChannel
[05/18/22 23:43:25.062] [info    ] [camera-ua-server] [OPC UA/network] Connection 10 | Closed
[05/18/22 23:44:03.712] [info    ] [camera-ua-server] [OPC UA/network] Connection 9 | New connection over TCP from 127.0.0.1
[05/18/22 23:44:03.714] [info    ] [camera-ua-server] [OPC UA/channel] Connection 9 | SecureChannel 7 | SecureChannel opened with SecurityPolicy http://opcfoundation.org/UA/SecurityPolicy#None and a revised lifetime of 600.00s
[05/18/22 23:44:03.717] [info    ] [camera-ua-server] [OPC UA/network] Connection 10 | New connection over TCP from 127.0.0.1
[05/18/22 23:44:03.717] [info    ] [camera-ua-server] [OPC UA/channel] Connection 9 | SecureChannel 7 | CloseSecureChannel
[05/18/22 23:44:03.720] [info    ] [camera-ua-server] [OPC UA/network] Connection 9 | Closed
[05/18/22 23:44:03.732] [info    ] [camera-ua-server] [OPC UA/channel] Connection 10 | SecureChannel 8 | SecureChannel opened with SecurityPolicy http://opcfoundation.org/UA/SecurityPolicy#None and a revised lifetime of 600.00s
[05/18/22 23:44:03.734] [info    ] [camera-ua-server] [OPC UA/session] SecureChannel 8 | Session "" | Session created
[05/18/22 23:44:03.736] [info    ] [camera-ua-server] [OPC UA/session] SecureChannel 8 | Session "" | ActivateSession: Session activated
[05/18/22 23:44:11.041] [info    ] [camera-ua-server] [OPC UA/session] SecureChannel 8 | Session "" | Closing the Session
[05/18/22 23:44:11.042] [info    ] [camera-ua-server] [OPC UA/channel] Connection 10 | SecureChannel 8 | CloseSecureChannel
[05/18/22 23:44:11.043] [info    ] [camera-ua-server] [OPC UA/network] Connection 10 | Closed
[05/18/22 23:46:45.360] [info    ] [camera-ua-server] [OPC UA/network] Connection 9 | New connection over TCP from 127.0.0.1
[05/18/22 23:46:45.362] [info    ] [camera-ua-server] [OPC UA/channel] Connection 9 | SecureChannel 9 | SecureChannel opened with SecurityPolicy http://opcfoundation.org/UA/SecurityPolicy#None and a revised lifetime of 600.00s
[05/18/22 23:46:45.364] [info    ] [camera-ua-server] [OPC UA/network] Connection 10 | New connection over TCP from 127.0.0.1
[05/18/22 23:46:45.364] [info    ] [camera-ua-server] [OPC UA/channel] Connection 9 | SecureChannel 9 | CloseSecureChannel
[05/18/22 23:46:45.366] [info    ] [camera-ua-server] [OPC UA/network] Connection 9 | Closed
[05/18/22 23:46:45.367] [info    ] [camera-ua-server] [OPC UA/channel] Connection 10 | SecureChannel 10 | SecureChannel opened with SecurityPolicy http://opcfoundation.org/UA/SecurityPolicy#None and a revised lifetime of 600.00s
[05/18/22 23:46:45.369] [info    ] [camera-ua-server] [OPC UA/session] SecureChannel 10 | Session "" | Session created
[05/18/22 23:46:45.371] [info    ] [camera-ua-server] [OPC UA/session] SecureChannel 10 | Session "" | ActivateSession: Session activated
[05/18/22 23:49:16.303] [info    ] [camera-ua-server] [OPC UA/session] SecureChannel 10 | Session "" | Closing the Session
[05/18/22 23:49:16.305] [info    ] [camera-ua-server] [OPC UA/channel] Connection 10 | SecureChannel 10 | CloseSecureChannel
[05/18/22 23:49:16.306] [info    ] [camera-ua-server] [OPC UA/network] Connection 10 | Closed
[05/18/22 23:49:19.717] [info    ] [camera-ua-server] [OPC UA/network] Connection 9 | New connection over TCP from 127.0.0.1
[05/18/22 23:49:19.720] [info    ] [camera-ua-server] [OPC UA/channel] Connection 9 | SecureChannel 11 | SecureChannel opened with SecurityPolicy http://opcfoundation.org/UA/SecurityPolicy#None and a revised lifetime of 600.00s
[05/18/22 23:49:19.722] [info    ] [camera-ua-server] [OPC UA/network] Connection 10 | New connection over TCP from 127.0.0.1
[05/18/22 23:49:19.722] [info    ] [camera-ua-server] [OPC UA/channel] Connection 9 | SecureChannel 11 | CloseSecureChannel
[05/18/22 23:49:19.724] [info    ] [camera-ua-server] [OPC UA/network] Connection 9 | Closed
[05/18/22 23:49:19.725] [info    ] [camera-ua-server] [OPC UA/channel] Connection 10 | SecureChannel 12 | SecureChannel opened with SecurityPolicy http://opcfoundation.org/UA/SecurityPolicy#None and a revised lifetime of 600.00s
[05/18/22 23:49:19.734] [info    ] [camera-ua-server] [OPC UA/session] SecureChannel 12 | Session "" | Session created
[05/18/22 23:49:19.735] [info    ] [camera-ua-server] [OPC UA/session] SecureChannel 12 | Session "" | ActivateSession: Session activated
[05/18/22 23:49:29.235] [info    ] [camera-ua-server] [OPC UA/session] SecureChannel 12 | Session "" | Closing the Session
[05/18/22 23:49:29.236] [info    ] [camera-ua-server] [OPC UA/channel] Connection 10 | SecureChannel 12 | CloseSecureChannel
[05/18/22 23:49:29.237] [info    ] [camera-ua-server] [OPC UA/network] Connection 10 | Closed
[05/18/22 23:49:44.283] [warning ] [camera] Received Ctrl-C. Shutting down...
[05/18/22 23:49:44.284] [info    ] [camera-ua-server] [OPC UA/network] Shutting down the TCP network layer
[05/18/22 23:49:44.284] [info    ] [camera-ua-server] [OPC UA/server] Multicast DNS: remove record for domain: pnp.component.camera-lucas-laptop._opcua-tcp._tcp.local.
[05/18/22 23:49:44.284] [info    ] [camera-ua-server] [OPC UA/session] SecureChannel 4 | Session "urn:lucas-laptop:UnifiedAutomation:UaExpert" | Subscription 1 | Subscription deleted
[05/18/22 23:49:44.284] [info    ] [camera-ua-server] [OPC UA/server] Subscription 1 | MonitoredItem 1 | Deleting the MonitoredItem
