[05/18/22 23:52:42.363] [info    ] [imgviewer] Starting Camera Server ...
[05/18/22 23:52:42.363] [warning ] [imgviewer] [OPC UA/userland] AcceptAll Certificate Verification. Any remote certificate will be accepted.
[05/18/22 23:52:42.367] [info    ] [imgviewer] [OPC UA/channel] Connection 4 | SecureChannel 2 | SecureChannel opened with SecurityPolicy http://opcfoundation.org/UA/SecurityPolicy#None and a revised lifetime of 600.00s
[05/18/22 23:52:42.367] [info    ] [imgviewer] [OPC UA/client] Client Status: ChannelState: Open, SessionState: Closed, ConnectStatus: Good
[05/18/22 23:52:42.368] [info    ] [imgviewer] [OPC UA/client] Client Status: ChannelState: Closed, SessionState: Closed, ConnectStatus: Good
[05/18/22 23:52:42.368] [info    ] [imgviewer-ua] Using endpoint with no security
[05/18/22 23:52:42.368] [warning ] [imgviewer-ua] [OPC UA/userland] AcceptAll Certificate Verification. Any remote certificate will be accepted.
[05/18/22 23:52:42.368] [info    ] [imgviewer] Attempting to connect with username: demo
[05/18/22 23:52:42.372] [info    ] [imgviewer-ua] [OPC UA/channel] Connection 4 | SecureChannel 3 | SecureChannel opened with SecurityPolicy http://opcfoundation.org/UA/SecurityPolicy#None and a revised lifetime of 600.00s
[05/18/22 23:52:42.372] [info    ] [imgviewer-ua] [OPC UA/client] Client Status: ChannelState: Open, SessionState: Closed, ConnectStatus: Good
[05/18/22 23:52:42.373] [info    ] [imgviewer-ua] [OPC UA/client] Rejecting UserTokenPolicy 0 (anonymous) in endpoint 0: configuration doesn't match
[05/18/22 23:52:42.374] [info    ] [imgviewer-ua] [OPC UA/client] Selected endpoint 0 in URL opc.tcp://lucas-laptop:4842 with SecurityMode None and SecurityPolicy http://opcfoundation.org/UA/SecurityPolicy#None
[05/18/22 23:52:42.374] [info    ] [imgviewer-ua] [OPC UA/client] Selected UserTokenPolicy open62541-username-policy with UserTokenType UserName and SecurityPolicy http://opcfoundation.org/UA/SecurityPolicy#None
[05/18/22 23:52:42.375] [info    ] [imgviewer-ua] [OPC UA/client] Client Status: ChannelState: Open, SessionState: Created, ConnectStatus: Good
[05/18/22 23:52:42.376] [info    ] [imgviewer-ua] [OPC UA/client] Client Status: ChannelState: Open, SessionState: Activated, ConnectStatus: Good
[05/18/22 23:52:42.376] [info    ] [imgviewer] Camera Client connected
[05/18/22 23:52:42.509] [error   ] [imgviewer] Failed on reading image: OpenCV(4.2.0) ../modules/imgcodecs/src/loadsave.cpp:730: error: (-215:Assertion failed) !buf.empty() in function 'imdecode_'

[05/18/22 23:52:43.511] [error   ] [imgviewer] Failed on reading image: OpenCV(4.2.0) ../modules/imgcodecs/src/loadsave.cpp:730: error: (-215:Assertion failed) !buf.empty() in function 'imdecode_'

[05/18/22 23:52:44.514] [error   ] [imgviewer] Failed on reading image: OpenCV(4.2.0) ../modules/imgcodecs/src/loadsave.cpp:730: error: (-215:Assertion failed) !buf.empty() in function 'imdecode_'

[05/18/22 23:52:45.516] [error   ] [imgviewer] Failed on reading image: OpenCV(4.2.0) ../modules/imgcodecs/src/loadsave.cpp:730: error: (-215:Assertion failed) !buf.empty() in function 'imdecode_'

[05/18/22 23:52:46.518] [error   ] [imgviewer] Failed on reading image: OpenCV(4.2.0) ../modules/imgcodecs/src/loadsave.cpp:730: error: (-215:Assertion failed) !buf.empty() in function 'imdecode_'

[05/18/22 23:52:47.521] [error   ] [imgviewer] Failed on reading image: OpenCV(4.2.0) ../modules/imgcodecs/src/loadsave.cpp:730: error: (-215:Assertion failed) !buf.empty() in function 'imdecode_'

[05/18/22 23:52:48.524] [error   ] [imgviewer] Failed on reading image: OpenCV(4.2.0) ../modules/imgcodecs/src/loadsave.cpp:730: error: (-215:Assertion failed) !buf.empty() in function 'imdecode_'

[05/18/22 23:52:49.527] [error   ] [imgviewer] Failed on reading image: OpenCV(4.2.0) ../modules/imgcodecs/src/loadsave.cpp:730: error: (-215:Assertion failed) !buf.empty() in function 'imdecode_'

[05/18/22 23:57:08.748] [warning ] [imgviewer-ua] [OPC UA/channel] Connection 4 | SecureChannel 3 | Receiving the response failed with StatusCode BadConnectionClosed
[05/18/22 23:57:08.748] [warning ] [imgviewer-ua] [OPC UA/channel] Connection 0 | SecureChannel 0 | Could not receive with StatusCode BadConnectionClosed
