[05/21/22 16:35:24.981] [info    ] [mes] Starting MES ...
[05/21/22 16:35:25.058] [info    ] [mes] OPC UA Server initialized: opc.tcp://lucas-laptop:4840/
[05/21/22 16:46:18.105] [info    ] [mes] Server announced! Name: pnp.component.imageprocessor-lucas-laptopy#None DiscoveryUrl: opc.tcp://lucas-laptop:4843
[05/21/22 16:46:18.105] [info    ] [mes] Server announced! Name: pnp.component.imageprocessor-lucas-laptopy#None DiscoveryUrl: opc.tcp://lucas-laptop:4843
[05/21/22 16:46:18.136] [info    ] [mes] Server announced! Name: pnp.component.imageprocessor-lucas-laptopy#None DiscoveryUrl: opc.tcp://lucas-laptop:4843
[05/21/22 16:46:18.136] [info    ] [mes] Server announced! Name: pnp.component.imageprocessor-lucas-laptopy#None DiscoveryUrl: opc.tcp://lucas-laptop:4843
[05/21/22 16:46:18.388] [info    ] [mes] Server announced! Name: pnp.component.imageprocessor-lucas-laptopy#None DiscoveryUrl: opc.tcp://lucas-laptop:4843
[05/21/22 16:46:18.389] [info    ] [mes] Server announced! Name: pnp.component.imageprocessor-lucas-laptopy#None DiscoveryUrl: opc.tcp://lucas-laptop:4843
[05/21/22 16:46:18.638] [info    ] [mes] Server announced! Name: pnp.component.imageprocessor-lucas-laptopy#None DiscoveryUrl: opc.tcp://lucas-laptop:4843
[05/21/22 16:46:18.639] [info    ] [mes] Server announced! Name: pnp.component.imageprocessor-lucas-laptopy#None DiscoveryUrl: opc.tcp://lucas-laptop:4843
[05/21/22 16:46:20.002] [info    ] [mes] Server announced! Name: pnp.component.imageprocessor-lucas-laptopy#None DiscoveryUrl: opc.tcp://lucas-laptop:4843
[05/21/22 16:46:20.002] [info    ] [mes] Server announced! Name: pnp.component.imageprocessor-lucas-laptopy#None DiscoveryUrl: opc.tcp://lucas-laptop:4843
[05/21/22 16:46:20.388] [info    ] [mes] Server announced! Name: pnp.component.imageprocessor-lucas-laptopy#None DiscoveryUrl: opc.tcp://lucas-laptop:4843
[05/21/22 16:46:20.389] [info    ] [mes] Server announced! Name: pnp.component.imageprocessor-lucas-laptopy#None DiscoveryUrl: opc.tcp://lucas-laptop:4843
[05/21/22 16:46:20.639] [info    ] [mes] Server announced! Name: pnp.component.imageprocessor-lucas-laptopy#None DiscoveryUrl: opc.tcp://lucas-laptop:4843
[05/21/22 16:46:20.639] [info    ] [mes] Server announced! Name: pnp.component.imageprocessor-lucas-laptopy#None DiscoveryUrl: opc.tcp://lucas-laptop:4843
[05/21/22 16:46:22.640] [info    ] [mes] Server announced! Name: pnp.component.imageprocessor-lucas-laptopy#None DiscoveryUrl: opc.tcp://lucas-laptop:4843
[05/21/22 16:46:22.640] [info    ] [mes] Server announced! Name: pnp.component.imageprocessor-lucas-laptopy#None DiscoveryUrl: opc.tcp://lucas-laptop:4843
[05/21/22 16:46:24.641] [info    ] [mes] Server announced! Name: pnp.component.imageprocessor-lucas-laptopy#None DiscoveryUrl: opc.tcp://lucas-laptop:4843
[05/21/22 16:46:24.641] [info    ] [mes] Server announced! Name: pnp.component.imageprocessor-lucas-laptopy#None DiscoveryUrl: opc.tcp://lucas-laptop:4843
[05/21/22 16:46:49.955] [info    ] [mes] Server announced! Name: pnp.component.imageprocessor-lucas-laptopy#None DiscoveryUrl: opc.tcp://lucas-laptop:4843
[05/21/22 16:46:49.955] [info    ] [mes] Server announced! Name: pnp.component.imageprocessor-lucas-laptopy#None DiscoveryUrl: opc.tcp://lucas-laptop:4843
[05/21/22 16:46:49.971] [info    ] [mes] Server announced! Name: pnp.component.imageprocessor-lucas-laptopy#None DiscoveryUrl: opc.tcp://lucas-laptop:4843
[05/21/22 16:46:49.971] [info    ] [mes] Server announced! Name: pnp.component.imageprocessor-lucas-laptopy#None DiscoveryUrl: opc.tcp://lucas-laptop:4843
[05/21/22 16:46:50.001] [info    ] [mes] Server announced! Name: pnp.component.imageprocessor-lucas-laptopy#None DiscoveryUrl: opc.tcp://lucas-laptop:4843
[05/21/22 16:46:50.001] [info    ] [mes] Server announced! Name: pnp.component.imageprocessor-lucas-laptopy#None DiscoveryUrl: opc.tcp://lucas-laptop:4843
[05/21/22 16:46:50.705] [info    ] [mes] Server announced! Name: pnp.component.camera-lucas-laptop DiscoveryUrl: opc.tcp://lucas-laptop:4842/
[05/21/22 16:46:50.705] [info    ] [mes] Server announced! Name: pnp.component.camera-lucas-laptop DiscoveryUrl: opc.tcp://lucas-laptop:4842/
[05/21/22 16:46:50.733] [info    ] [mes] Server announced! Name: pnp.component.camera-lucas-laptop DiscoveryUrl: opc.tcp://lucas-laptop:4842/
[05/21/22 16:46:50.733] [info    ] [mes] Server announced! Name: pnp.component.camera-lucas-laptop DiscoveryUrl: opc.tcp://lucas-laptop:4842/
[05/21/22 16:46:50.984] [info    ] [mes] Server announced! Name: pnp.component.camera-lucas-laptop DiscoveryUrl: opc.tcp://lucas-laptop:4842/
[05/21/22 16:46:50.984] [info    ] [mes] Server announced! Name: pnp.component.camera-lucas-laptop DiscoveryUrl: opc.tcp://lucas-laptop:4842/
[05/21/22 16:46:51.236] [info    ] [mes] Server announced! Name: pnp.component.camera-lucas-laptop DiscoveryUrl: opc.tcp://lucas-laptop:4842/
[05/21/22 16:46:51.236] [info    ] [mes] Server announced! Name: pnp.component.camera-lucas-laptop DiscoveryUrl: opc.tcp://lucas-laptop:4842/
[05/21/22 16:46:52.002] [info    ] [mes] Server announced! Name: pnp.component.imageprocessor-lucas-laptopy#None DiscoveryUrl: opc.tcp://lucas-laptop:4843
[05/21/22 16:46:52.003] [info    ] [mes] Server announced! Name: pnp.component.imageprocessor-lucas-laptopy#None DiscoveryUrl: opc.tcp://lucas-laptop:4843
[05/21/22 16:46:52.003] [info    ] [mes] Server announced! Name: pnp.component.camera-lucas-laptop DiscoveryUrl: opc.tcp://lucas-laptop:4842/
[05/21/22 16:46:52.003] [info    ] [mes] Server announced! Name: pnp.component.camera-lucas-laptop DiscoveryUrl: opc.tcp://lucas-laptop:4842/
[05/21/22 16:46:52.003] [info    ] [mes] Server announced! Name: pnp.component.camera-lucas-laptop DiscoveryUrl: opc.tcp://lucas-laptop:4842/
[05/21/22 16:46:52.003] [info    ] [mes] Server announced! Name: pnp.component.camera-lucas-laptop DiscoveryUrl: opc.tcp://lucas-laptop:4842/
[05/21/22 16:46:52.985] [info    ] [mes] Server announced! Name: pnp.component.camera-lucas-laptop DiscoveryUrl: opc.tcp://lucas-laptop:4842/
[05/21/22 16:46:52.985] [info    ] [mes] Server announced! Name: pnp.component.camera-lucas-laptop DiscoveryUrl: opc.tcp://lucas-laptop:4842/
[05/21/22 16:46:53.237] [info    ] [mes] Server announced! Name: pnp.component.camera-lucas-laptop DiscoveryUrl: opc.tcp://lucas-laptop:4842/
[05/21/22 16:46:53.237] [info    ] [mes] Server announced! Name: pnp.component.camera-lucas-laptop DiscoveryUrl: opc.tcp://lucas-laptop:4842/
[05/21/22 16:46:55.237] [info    ] [mes] Server announced! Name: pnp.component.camera-lucas-laptop DiscoveryUrl: opc.tcp://lucas-laptop:4842/
[05/21/22 16:46:55.237] [info    ] [mes] Server announced! Name: pnp.component.camera-lucas-laptop DiscoveryUrl: opc.tcp://lucas-laptop:4842/
[05/21/22 16:46:57.238] [info    ] [mes] Server announced! Name: pnp.component.camera-lucas-laptop DiscoveryUrl: opc.tcp://lucas-laptop:4842/
[05/21/22 16:46:57.238] [info    ] [mes] Server announced! Name: pnp.component.camera-lucas-laptop DiscoveryUrl: opc.tcp://lucas-laptop:4842/
[05/21/22 16:47:05.026] [info    ] [mes] Server announced! Name: pnp.component.camera-lucas-laptop DiscoveryUrl: opc.tcp://lucas-laptop:4842/
[05/21/22 16:51:23.002] [info    ] [mes] Server announced! Name: pnp.component.imageprocessor-lucas-laptopy#None DiscoveryUrl: opc.tcp://lucas-laptop:4843
[05/21/22 16:51:23.002] [info    ] [mes] Server announced! Name: pnp.component.imageprocessor-lucas-laptopy#None DiscoveryUrl: opc.tcp://lucas-laptop:4843
[05/21/22 16:51:23.003] [info    ] [mes] Server announced! Name: pnp.component.imageprocessor-lucas-laptopy#None DiscoveryUrl: opc.tcp://lucas-laptop:4843
[05/21/22 16:51:23.003] [info    ] [mes] Server announced! Name: pnp.component.imageprocessor-lucas-laptopy#None DiscoveryUrl: opc.tcp://lucas-laptop:4843
[05/21/22 16:51:24.002] [info    ] [mes] Server announced! Name: pnp.component.imageprocessor-lucas-laptopy#None DiscoveryUrl: opc.tcp://lucas-laptop:4843
[05/21/22 16:51:24.002] [info    ] [mes] Server announced! Name: pnp.component.imageprocessor-lucas-laptopy#None DiscoveryUrl: opc.tcp://lucas-laptop:4843
[05/21/22 16:51:24.003] [info    ] [mes] Server announced! Name: pnp.component.imageprocessor-lucas-laptopy#None DiscoveryUrl: opc.tcp://lucas-laptop:4843
[05/21/22 16:51:24.003] [info    ] [mes] Server announced! Name: pnp.component.imageprocessor-lucas-laptopy#None DiscoveryUrl: opc.tcp://lucas-laptop:4843
[05/21/22 16:51:26.001] [info    ] [mes] Server announced! Name: pnp.component.imageprocessor-lucas-laptopy#None DiscoveryUrl: opc.tcp://lucas-laptop:4843
[05/21/22 16:51:26.001] [info    ] [mes] Server announced! Name: pnp.component.imageprocessor-lucas-laptopy#None DiscoveryUrl: opc.tcp://lucas-laptop:4843
[05/21/22 16:51:26.003] [info    ] [mes] Server announced! Name: pnp.component.imageprocessor-lucas-laptopy#None DiscoveryUrl: opc.tcp://lucas-laptop:4843
[05/21/22 16:51:26.003] [info    ] [mes] Server announced! Name: pnp.component.imageprocessor-lucas-laptopy#None DiscoveryUrl: opc.tcp://lucas-laptop:4843
[05/21/22 16:51:44.454] [info    ] [mes] Server announced! Name: pnp.component.imageprocessor-lucas-laptopy#None DiscoveryUrl: opc.tcp://lucas-laptop:4843
[05/21/22 16:51:44.454] [info    ] [mes] Server announced! Name: pnp.component.imageprocessor-lucas-laptopy#None DiscoveryUrl: opc.tcp://lucas-laptop:4843
[05/21/22 16:51:44.705] [info    ] [mes] Server announced! Name: pnp.component.imageprocessor-lucas-laptopy#None DiscoveryUrl: opc.tcp://lucas-laptop:4843
[05/21/22 16:51:44.706] [info    ] [mes] Server announced! Name: pnp.component.imageprocessor-lucas-laptopy#None DiscoveryUrl: opc.tcp://lucas-laptop:4843
[05/21/22 16:51:44.956] [info    ] [mes] Server announced! Name: pnp.component.imageprocessor-lucas-laptopy#None DiscoveryUrl: opc.tcp://lucas-laptop:4843
[05/21/22 16:51:44.956] [info    ] [mes] Server announced! Name: pnp.component.imageprocessor-lucas-laptopy#None DiscoveryUrl: opc.tcp://lucas-laptop:4843
[05/21/22 16:51:45.206] [info    ] [mes] Server announced! Name: pnp.component.imageprocessor-lucas-laptopy#None DiscoveryUrl: opc.tcp://lucas-laptop:4843
[05/21/22 16:51:45.206] [info    ] [mes] Server announced! Name: pnp.component.imageprocessor-lucas-laptopy#None DiscoveryUrl: opc.tcp://lucas-laptop:4843
[05/21/22 16:51:47.206] [info    ] [mes] Server announced! Name: pnp.component.imageprocessor-lucas-laptopy#None DiscoveryUrl: opc.tcp://lucas-laptop:4843
[05/21/22 16:51:47.206] [info    ] [mes] Server announced! Name: pnp.component.imageprocessor-lucas-laptopy#None DiscoveryUrl: opc.tcp://lucas-laptop:4843
[05/21/22 16:51:47.244] [info    ] [mes] Server announced! Name: pnp.component.imageprocessor-lucas-laptopy#None DiscoveryUrl: opc.tcp://lucas-laptop:4843
[05/21/22 16:51:52.309] [warning ] [mes] Received Ctrl-C. Shutting down...
