[05/21/22 20:02:08.881] [info    ] [image-processor] Starting ImageProcessor Server ...
[05/21/22 20:02:08.882] [warning ] [image-processor-ua-server] [OPC UA/userland] AcceptAll Certificate Verification. Any remote certificate will be accepted.
[05/21/22 20:02:08.882] [warning ] [image-processor-ua-server] [OPC UA/server] AccessControl: Unconfigured AccessControl. Users have all permissions.
[05/21/22 20:02:08.882] [info    ] [image-processor-ua-server] [OPC UA/server] AccessControl: Anonymous login is enabled
[05/21/22 20:02:08.883] [info    ] [image-processor-ua-server] [OPC UA/server] AccessControl: x509 certificate user authentication is enabled
[05/21/22 20:02:08.883] [warning ] [image-processor-ua-server] [OPC UA/server] Username/Password Authentication configured, but no encrypting SecurityPolicy. This can leak credentials on the network.
[05/21/22 20:02:08.997] [info    ] [image-processor] Creating nodes from nodeset
[05/21/22 20:02:08.997] [trace   ] [image-processor] Generating DI namespace
[05/21/22 20:02:08.999] [info    ] [image-processor-ua-server] [OPC UA/session] SecureChannel 0 | Session "Administrator" | AddNode (ns=2;i=15031): The value is empty. But this is only allowed for BaseDataType. Create a matching default value.
[05/21/22 20:02:08.999] [info    ] [image-processor-ua-server] [OPC UA/session] SecureChannel 0 | Session "Administrator" | AddNode (ns=2;i=15032): The value is empty. But this is only allowed for BaseDataType. Create a matching default value.
[05/21/22 20:02:08.999] [info    ] [image-processor-ua-server] [OPC UA/session] SecureChannel 0 | Session "Administrator" | AddNode (ns=2;i=15033): The value is empty. But this is only allowed for BaseDataType. Create a matching default value.
[05/21/22 20:02:08.999] [info    ] [image-processor-ua-server] [OPC UA/session] SecureChannel 0 | Session "Administrator" | AddNode (ns=2;i=6095): The value is empty. But this is only allowed for BaseDataType. Create a matching default value.
[05/21/22 20:02:08.999] [info    ] [image-processor-ua-server] [OPC UA/session] SecureChannel 0 | Session "Administrator" | AddNode (ns=2;i=6009): The value is empty. But this is only allowed for BaseDataType. Create a matching default value.
[05/21/22 20:02:08.999] [info    ] [image-processor-ua-server] [OPC UA/session] SecureChannel 0 | Session "Administrator" | AddNode (ns=2;i=6010): The value is empty. But this is only allowed for BaseDataType. Create a matching default value.
[05/21/22 20:02:08.999] [info    ] [image-processor-ua-server] [OPC UA/session] SecureChannel 0 | Session "Administrator" | AddNode (ns=2;i=6011): The value is empty. But this is only allowed for BaseDataType. Create a matching default value.
[05/21/22 20:02:08.999] [info    ] [image-processor-ua-server] [OPC UA/session] SecureChannel 0 | Session "Administrator" | AddNode (ns=2;i=6012): The value is empty. But this is only allowed for BaseDataType. Create a matching default value.
[05/21/22 20:02:08.999] [info    ] [image-processor-ua-server] [OPC UA/session] SecureChannel 0 | Session "Administrator" | AddNode (ns=2;i=6013): The value is empty. But this is only allowed for BaseDataType. Create a matching default value.
[05/21/22 20:02:08.999] [info    ] [image-processor-ua-server] [OPC UA/session] SecureChannel 0 | Session "Administrator" | AddNode (ns=2;i=15100): The value is empty. But this is only allowed for BaseDataType. Create a matching default value.
[05/21/22 20:02:08.999] [info    ] [image-processor-ua-server] [OPC UA/session] SecureChannel 0 | Session "Administrator" | AddNode (ns=2;i=15101): The value is empty. But this is only allowed for BaseDataType. Create a matching default value.
[05/21/22 20:02:08.999] [info    ] [image-processor-ua-server] [OPC UA/session] SecureChannel 0 | Session "Administrator" | AddNode (ns=2;i=15102): The value is empty. But this is only allowed for BaseDataType. Create a matching default value.
[05/21/22 20:02:08.999] [info    ] [image-processor-ua-server] [OPC UA/session] SecureChannel 0 | Session "Administrator" | AddNode (ns=2;i=6001): The value is empty. But this is only allowed for BaseDataType. Create a matching default value.
[05/21/22 20:02:09.000] [info    ] [image-processor-ua-server] [OPC UA/session] SecureChannel 0 | Session "Administrator" | AddNode (ns=2;i=6002): The value is empty. But this is only allowed for BaseDataType. Create a matching default value.
[05/21/22 20:02:09.000] [info    ] [image-processor-ua-server] [OPC UA/session] SecureChannel 0 | Session "Administrator" | AddNode (ns=2;i=6003): The value is empty. But this is only allowed for BaseDataType. Create a matching default value.
[05/21/22 20:02:09.000] [info    ] [image-processor-ua-server] [OPC UA/session] SecureChannel 0 | Session "Administrator" | AddNode (ns=2;i=6004): The value is empty. But this is only allowed for BaseDataType. Create a matching default value.
[05/21/22 20:02:09.000] [info    ] [image-processor-ua-server] [OPC UA/session] SecureChannel 0 | Session "Administrator" | AddNode (ns=2;i=6005): The value is empty. But this is only allowed for BaseDataType. Create a matching default value.
[05/21/22 20:02:09.000] [info    ] [image-processor-ua-server] [OPC UA/session] SecureChannel 0 | Session "Administrator" | AddNode (ns=2;i=6006): The value is empty. But this is only allowed for BaseDataType. Create a matching default value.
[05/21/22 20:02:09.000] [info    ] [image-processor-ua-server] [OPC UA/session] SecureChannel 0 | Session "Administrator" | AddNode (ns=2;i=6007): The value is empty. But this is only allowed for BaseDataType. Create a matching default value.
[05/21/22 20:02:09.000] [info    ] [image-processor-ua-server] [OPC UA/session] SecureChannel 0 | Session "Administrator" | AddNode (ns=2;i=6008): The value is empty. But this is only allowed for BaseDataType. Create a matching default value.
[05/21/22 20:02:09.000] [info    ] [image-processor-ua-server] [OPC UA/session] SecureChannel 0 | Session "Administrator" | AddNode (ns=2;i=6208): The value is empty. But this is only allowed for BaseDataType. Create a matching default value.
[05/21/22 20:02:09.000] [info    ] [image-processor-ua-server] [OPC UA/session] SecureChannel 0 | Session "Administrator" | AddNode (ns=2;i=6210): The value is empty. But this is only allowed for BaseDataType. Create a matching default value.
[05/21/22 20:02:09.000] [info    ] [image-processor-ua-server] [OPC UA/session] SecureChannel 0 | Session "Administrator" | AddNode (ns=2;i=6212): The value is empty. But this is only allowed for BaseDataType. Create a matching default value.
[05/21/22 20:02:09.000] [info    ] [image-processor-ua-server] [OPC UA/session] SecureChannel 0 | Session "Administrator" | AddNode (ns=2;i=6214): The value is empty. But this is only allowed for BaseDataType. Create a matching default value.
[05/21/22 20:02:09.000] [info    ] [image-processor-ua-server] [OPC UA/session] SecureChannel 0 | Session "Administrator" | AddNode (ns=2;i=6216): The value is empty. But this is only allowed for BaseDataType. Create a matching default value.
[05/21/22 20:02:09.000] [info    ] [image-processor-ua-server] [OPC UA/session] SecureChannel 0 | Session "Administrator" | AddNode (ns=2;i=6470): The value is empty. But this is only allowed for BaseDataType. Create a matching default value.
[05/21/22 20:02:09.000] [info    ] [image-processor-ua-server] [OPC UA/session] SecureChannel 0 | Session "Administrator" | AddNode (ns=2;i=15086): The value is empty. But this is only allowed for BaseDataType. Create a matching default value.
[05/21/22 20:02:09.000] [info    ] [image-processor-ua-server] [OPC UA/session] SecureChannel 0 | Session "Administrator" | AddNode (ns=2;i=15087): The value is empty. But this is only allowed for BaseDataType. Create a matching default value.
[05/21/22 20:02:09.000] [info    ] [image-processor-ua-server] [OPC UA/session] SecureChannel 0 | Session "Administrator" | AddNode (ns=2;i=15088): The value is empty. But this is only allowed for BaseDataType. Create a matching default value.
[05/21/22 20:02:09.000] [info    ] [image-processor-ua-server] [OPC UA/session] SecureChannel 0 | Session "Administrator" | AddNode (ns=2;i=15089): The value is empty. But this is only allowed for BaseDataType. Create a matching default value.
[05/21/22 20:02:09.000] [info    ] [image-processor-ua-server] [OPC UA/session] SecureChannel 0 | Session "Administrator" | AddNode (ns=2;i=15090): The value is empty. But this is only allowed for BaseDataType. Create a matching default value.
[05/21/22 20:02:09.000] [info    ] [image-processor-ua-server] [OPC UA/session] SecureChannel 0 | Session "Administrator" | AddNode (ns=2;i=15091): The value is empty. But this is only allowed for BaseDataType. Create a matching default value.
[05/21/22 20:02:09.000] [info    ] [image-processor-ua-server] [OPC UA/session] SecureChannel 0 | Session "Administrator" | AddNode (ns=2;i=15092): The value is empty. But this is only allowed for BaseDataType. Create a matching default value.
[05/21/22 20:02:09.001] [info    ] [image-processor-ua-server] [OPC UA/session] SecureChannel 0 | Session "Administrator" | AddNode (ns=2;i=15093): The value is empty. But this is only allowed for BaseDataType. Create a matching default value.
[05/21/22 20:02:09.001] [info    ] [image-processor-ua-server] [OPC UA/session] SecureChannel 0 | Session "Administrator" | AddNode (ns=2;i=15094): The value is empty. But this is only allowed for BaseDataType. Create a matching default value.
[05/21/22 20:02:09.001] [info    ] [image-processor-ua-server] [OPC UA/session] SecureChannel 0 | Session "Administrator" | AddNode (ns=2;i=15095): The value is empty. But this is only allowed for BaseDataType. Create a matching default value.
[05/21/22 20:02:09.001] [info    ] [image-processor-ua-server] [OPC UA/session] SecureChannel 0 | Session "Administrator" | AddNode (ns=2;i=15096): The value is empty. But this is only allowed for BaseDataType. Create a matching default value.
[05/21/22 20:02:09.001] [info    ] [image-processor-ua-server] [OPC UA/session] SecureChannel 0 | Session "Administrator" | AddNode (ns=2;i=15097): The value is empty. But this is only allowed for BaseDataType. Create a matching default value.
[05/21/22 20:02:09.001] [info    ] [image-processor-ua-server] [OPC UA/session] SecureChannel 0 | Session "Administrator" | AddNode (ns=2;i=15098): The value is empty. But this is only allowed for BaseDataType. Create a matching default value.
[05/21/22 20:02:09.001] [info    ] [image-processor-ua-server] [OPC UA/session] SecureChannel 0 | Session "Administrator" | AddNode (ns=2;i=15099): The value is empty. But this is only allowed for BaseDataType. Create a matching default value.
[05/21/22 20:02:09.001] [info    ] [image-processor-ua-server] [OPC UA/session] SecureChannel 0 | Session "Administrator" | AddNode (ns=2;i=15129): The value is empty. But this is only allowed for BaseDataType. Create a matching default value.
[05/21/22 20:02:09.001] [info    ] [image-processor-ua-server] [OPC UA/session] SecureChannel 0 | Session "Administrator" | AddNode (ns=2;i=15131): The value is empty. But this is only allowed for BaseDataType. Create a matching default value.
[05/21/22 20:02:09.001] [info    ] [image-processor-ua-server] [OPC UA/session] SecureChannel 0 | Session "Administrator" | AddNode (ns=2;i=15133): The value is empty. But this is only allowed for BaseDataType. Create a matching default value.
[05/21/22 20:02:09.001] [info    ] [image-processor-ua-server] [OPC UA/session] SecureChannel 0 | Session "Administrator" | AddNode (ns=2;i=6163): The value is empty. But this is only allowed for BaseDataType. Create a matching default value.
[05/21/22 20:02:09.001] [info    ] [image-processor-ua-server] [OPC UA/session] SecureChannel 0 | Session "Administrator" | AddNode (ns=2;i=6164): The value is empty. But this is only allowed for BaseDataType. Create a matching default value.
[05/21/22 20:02:09.001] [info    ] [image-processor-ua-server] [OPC UA/session] SecureChannel 0 | Session "Administrator" | AddNode (ns=2;i=6165): The value is empty. But this is only allowed for BaseDataType. Create a matching default value.
[05/21/22 20:02:09.001] [info    ] [image-processor-ua-server] [OPC UA/session] SecureChannel 0 | Session "Administrator" | AddNode (ns=2;i=6468): The value is empty. But this is only allowed for BaseDataType. Create a matching default value.
[05/21/22 20:02:09.001] [info    ] [image-processor-ua-server] [OPC UA/session] SecureChannel 0 | Session "Administrator" | AddNode (ns=2;i=15036): The value is empty. But this is only allowed for BaseDataType. Create a matching default value.
[05/21/22 20:02:09.001] [info    ] [image-processor-ua-server] [OPC UA/session] SecureChannel 0 | Session "Administrator" | AddNode (ns=2;i=15037): The value is empty. But this is only allowed for BaseDataType. Create a matching default value.
[05/21/22 20:02:09.001] [info    ] [image-processor-ua-server] [OPC UA/session] SecureChannel 0 | Session "Administrator" | AddNode (ns=2;i=15038): The value is empty. But this is only allowed for BaseDataType. Create a matching default value.
[05/21/22 20:02:09.001] [info    ] [image-processor-ua-server] [OPC UA/session] SecureChannel 0 | Session "Administrator" | AddNode (ns=2;i=15039): The value is empty. But this is only allowed for BaseDataType. Create a matching default value.
[05/21/22 20:02:09.002] [info    ] [image-processor-ua-server] [OPC UA/session] SecureChannel 0 | Session "Administrator" | AddNode (ns=2;i=15040): The value is empty. But this is only allowed for BaseDataType. Create a matching default value.
[05/21/22 20:02:09.002] [info    ] [image-processor-ua-server] [OPC UA/session] SecureChannel 0 | Session "Administrator" | AddNode (ns=2;i=15041): The value is empty. But this is only allowed for BaseDataType. Create a matching default value.
[05/21/22 20:02:09.002] [info    ] [image-processor-ua-server] [OPC UA/session] SecureChannel 0 | Session "Administrator" | AddNode (ns=2;i=15042): The value is empty. But this is only allowed for BaseDataType. Create a matching default value.
[05/21/22 20:02:09.002] [info    ] [image-processor-ua-server] [OPC UA/session] SecureChannel 0 | Session "Administrator" | AddNode (ns=2;i=15043): The value is empty. But this is only allowed for BaseDataType. Create a matching default value.
[05/21/22 20:02:09.002] [info    ] [image-processor-ua-server] [OPC UA/session] SecureChannel 0 | Session "Administrator" | AddNode (ns=2;i=15044): The value is empty. But this is only allowed for BaseDataType. Create a matching default value.
[05/21/22 20:02:09.002] [info    ] [image-processor-ua-server] [OPC UA/session] SecureChannel 0 | Session "Administrator" | AddNode (ns=2;i=15045): The value is empty. But this is only allowed for BaseDataType. Create a matching default value.
[05/21/22 20:02:09.002] [info    ] [image-processor-ua-server] [OPC UA/session] SecureChannel 0 | Session "Administrator" | AddNode (ns=2;i=15046): The value is empty. But this is only allowed for BaseDataType. Create a matching default value.
[05/21/22 20:02:09.002] [info    ] [image-processor-ua-server] [OPC UA/session] SecureChannel 0 | Session "Administrator" | AddNode (ns=2;i=15047): The value is empty. But this is only allowed for BaseDataType. Create a matching default value.
[05/21/22 20:02:09.002] [info    ] [image-processor-ua-server] [OPC UA/session] SecureChannel 0 | Session "Administrator" | AddNode (ns=2;i=15049): The value is empty. But this is only allowed for BaseDataType. Create a matching default value.
[05/21/22 20:02:09.002] [info    ] [image-processor-ua-server] [OPC UA/session] SecureChannel 0 | Session "Administrator" | AddNode (ns=2;i=15050): The value is empty. But this is only allowed for BaseDataType. Create a matching default value.
[05/21/22 20:02:09.002] [info    ] [image-processor-ua-server] [OPC UA/session] SecureChannel 0 | Session "Administrator" | AddNode (ns=2;i=15052): The value is empty. But this is only allowed for BaseDataType. Create a matching default value.
[05/21/22 20:02:09.002] [info    ] [image-processor-ua-server] [OPC UA/session] SecureChannel 0 | Session "Administrator" | AddNode (ns=2;i=15056): The value is empty. But this is only allowed for BaseDataType. Create a matching default value.
[05/21/22 20:02:09.002] [info    ] [image-processor-ua-server] [OPC UA/session] SecureChannel 0 | Session "Administrator" | AddNode (ns=2;i=15058): The value is empty. But this is only allowed for BaseDataType. Create a matching default value.
[05/21/22 20:02:09.002] [info    ] [image-processor-ua-server] [OPC UA/session] SecureChannel 0 | Session "Administrator" | AddNode (ns=2;i=15060): The value is empty. But this is only allowed for BaseDataType. Create a matching default value.
[05/21/22 20:02:09.002] [info    ] [image-processor-ua-server] [OPC UA/session] SecureChannel 0 | Session "Administrator" | AddNode (ns=2;i=15062): The value is empty. But this is only allowed for BaseDataType. Create a matching default value.
[05/21/22 20:02:09.002] [info    ] [image-processor-ua-server] [OPC UA/session] SecureChannel 0 | Session "Administrator" | AddNode (ns=2;i=6296): The value is empty. But this is only allowed for BaseDataType. Create a matching default value.
[05/21/22 20:02:09.002] [info    ] [image-processor-ua-server] [OPC UA/session] SecureChannel 0 | Session "Administrator" | AddNode (ns=2;i=6297): The value is empty. But this is only allowed for BaseDataType. Create a matching default value.
[05/21/22 20:02:09.002] [info    ] [image-processor-ua-server] [OPC UA/session] SecureChannel 0 | Session "Administrator" | AddNode (ns=2;i=6298): The value is empty. But this is only allowed for BaseDataType. Create a matching default value.
[05/21/22 20:02:09.002] [info    ] [image-processor-ua-server] [OPC UA/session] SecureChannel 0 | Session "Administrator" | AddNode (ns=2;i=6497): The value is empty. But this is only allowed for BaseDataType. Create a matching default value.
[05/21/22 20:02:09.003] [info    ] [image-processor-ua-server] [OPC UA/session] SecureChannel 0 | Session "Administrator" | AddNode (ns=2;i=6387): The value is empty. But this is only allowed for BaseDataType. Create a matching default value.
[05/21/22 20:02:09.003] [info    ] [image-processor-ua-server] [OPC UA/session] SecureChannel 0 | Session "Administrator" | AddNode (ns=2;i=6390): The value is empty. But this is only allowed for BaseDataType. Create a matching default value.
[05/21/22 20:02:09.003] [info    ] [image-processor-ua-server] [OPC UA/session] SecureChannel 0 | Session "Administrator" | AddNode (ns=2;i=6391): The value is empty. But this is only allowed for BaseDataType. Create a matching default value.
[05/21/22 20:02:09.003] [info    ] [image-processor-ua-server] [OPC UA/session] SecureChannel 0 | Session "Administrator" | AddNode (ns=2;i=6392): The value is empty. But this is only allowed for BaseDataType. Create a matching default value.
[05/21/22 20:02:09.003] [info    ] [image-processor-ua-server] [OPC UA/session] SecureChannel 0 | Session "Administrator" | AddNode (ns=2;i=6534): The value is empty. But this is only allowed for BaseDataType. Create a matching default value.
[05/21/22 20:02:09.003] [info    ] [image-processor-ua-server] [OPC UA/session] SecureChannel 0 | Session "Administrator" | AddNode (ns=2;i=123): The value is empty. But this is only allowed for BaseDataType. Create a matching default value.
[05/21/22 20:02:09.003] [info    ] [image-processor-ua-server] [OPC UA/session] SecureChannel 0 | Session "Administrator" | AddNode (ns=2;i=133): The value is empty. But this is only allowed for BaseDataType. Create a matching default value.
[05/21/22 20:02:09.003] [info    ] [image-processor-ua-server] [OPC UA/session] SecureChannel 0 | Session "Administrator" | AddNode (ns=2;i=6): The value is empty. But this is only allowed for BaseDataType. Create a matching default value.
[05/21/22 20:02:09.003] [info    ] [image-processor-ua-server] [OPC UA/session] SecureChannel 0 | Session "Administrator" | AddNode (ns=2;i=42): The value is empty. But this is only allowed for BaseDataType. Create a matching default value.
[05/21/22 20:02:09.003] [info    ] [image-processor-ua-server] [OPC UA/session] SecureChannel 0 | Session "Administrator" | AddNode (ns=2;i=402): The value is empty. But this is only allowed for BaseDataType. Create a matching default value.
[05/21/22 20:02:09.003] [info    ] [image-processor-ua-server] [OPC UA/session] SecureChannel 0 | Session "Administrator" | AddNode (ns=2;i=78): The value is empty. But this is only allowed for BaseDataType. Create a matching default value.
[05/21/22 20:02:09.003] [info    ] [image-processor-ua-server] [OPC UA/session] SecureChannel 0 | Session "Administrator" | AddNode (ns=2;i=113): The value is empty. But this is only allowed for BaseDataType. Create a matching default value.
[05/21/22 20:02:09.003] [info    ] [image-processor-ua-server] [OPC UA/session] SecureChannel 0 | Session "Administrator" | AddNode (ns=2;i=100): The value is empty. But this is only allowed for BaseDataType. Create a matching default value.
[05/21/22 20:02:09.004] [info    ] [image-processor-ua-server] [OPC UA/session] SecureChannel 0 | Session "Administrator" | AddNode (ns=2;i=136): The value is empty. But this is only allowed for BaseDataType. Create a matching default value.
[05/21/22 20:02:09.004] [info    ] [image-processor-ua-server] [OPC UA/session] SecureChannel 0 | Session "Administrator" | AddNode (ns=2;i=345): The value is empty. But this is only allowed for BaseDataType. Create a matching default value.
[05/21/22 20:02:09.004] [info    ] [image-processor-ua-server] [OPC UA/session] SecureChannel 0 | Session "Administrator" | AddNode (ns=2;i=346): The value is empty. But this is only allowed for BaseDataType. Create a matching default value.
[05/21/22 20:02:09.004] [info    ] [image-processor-ua-server] [OPC UA/session] SecureChannel 0 | Session "Administrator" | AddNode (ns=2;i=347): The value is empty. But this is only allowed for BaseDataType. Create a matching default value.
[05/21/22 20:02:09.004] [info    ] [image-processor-ua-server] [OPC UA/session] SecureChannel 0 | Session "Administrator" | AddNode (ns=2;i=141): The value is empty. But this is only allowed for BaseDataType. Create a matching default value.
[05/21/22 20:02:09.004] [info    ] [image-processor-ua-server] [OPC UA/session] SecureChannel 0 | Session "Administrator" | AddNode (ns=2;i=151): The value is empty. But this is only allowed for BaseDataType. Create a matching default value.
[05/21/22 20:02:09.004] [info    ] [image-processor-ua-server] [OPC UA/session] SecureChannel 0 | Session "Administrator" | AddNode (ns=2;i=152): The value is empty. But this is only allowed for BaseDataType. Create a matching default value.
[05/21/22 20:02:09.004] [info    ] [image-processor-ua-server] [OPC UA/session] SecureChannel 0 | Session "Administrator" | AddNode (ns=2;i=169): The value is empty. But this is only allowed for BaseDataType. Create a matching default value.
[05/21/22 20:02:09.004] [info    ] [image-processor-ua-server] [OPC UA/session] SecureChannel 0 | Session "Administrator" | AddNode (ns=2;i=170): The value is empty. But this is only allowed for BaseDataType. Create a matching default value.
[05/21/22 20:02:09.004] [info    ] [image-processor-ua-server] [OPC UA/session] SecureChannel 0 | Session "Administrator" | AddNode (ns=2;i=366): The value is empty. But this is only allowed for BaseDataType. Create a matching default value.
[05/21/22 20:02:09.004] [info    ] [image-processor-ua-server] [OPC UA/session] SecureChannel 0 | Session "Administrator" | AddNode (ns=2;i=367): The value is empty. But this is only allowed for BaseDataType. Create a matching default value.
[05/21/22 20:02:09.004] [info    ] [image-processor-ua-server] [OPC UA/session] SecureChannel 0 | Session "Administrator" | AddNode (ns=2;i=368): The value is empty. But this is only allowed for BaseDataType. Create a matching default value.
[05/21/22 20:02:09.004] [info    ] [image-processor-ua-server] [OPC UA/session] SecureChannel 0 | Session "Administrator" | AddNode (ns=2;i=373): The value is empty. But this is only allowed for BaseDataType. Create a matching default value.
[05/21/22 20:02:09.004] [info    ] [image-processor-ua-server] [OPC UA/session] SecureChannel 0 | Session "Administrator" | AddNode (ns=2;i=374): The value is empty. But this is only allowed for BaseDataType. Create a matching default value.
[05/21/22 20:02:09.004] [info    ] [image-processor-ua-server] [OPC UA/session] SecureChannel 0 | Session "Administrator" | AddNode (ns=2;i=375): The value is empty. But this is only allowed for BaseDataType. Create a matching default value.
[05/21/22 20:02:09.005] [info    ] [image-processor-ua-server] [OPC UA/session] SecureChannel 0 | Session "Administrator" | AddNode (ns=2;i=380): The value is empty. But this is only allowed for BaseDataType. Create a matching default value.
[05/21/22 20:02:09.005] [info    ] [image-processor-ua-server] [OPC UA/session] SecureChannel 0 | Session "Administrator" | AddNode (ns=2;i=381): The value is empty. But this is only allowed for BaseDataType. Create a matching default value.
[05/21/22 20:02:09.005] [info    ] [image-processor-ua-server] [OPC UA/session] SecureChannel 0 | Session "Administrator" | AddNode (ns=2;i=382): The value is empty. But this is only allowed for BaseDataType. Create a matching default value.
[05/21/22 20:02:09.005] [info    ] [image-processor-ua-server] [OPC UA/session] SecureChannel 0 | Session "Administrator" | AddNode (ns=2;i=383): The value is empty. But this is only allowed for BaseDataType. Create a matching default value.
[05/21/22 20:02:09.005] [info    ] [image-processor-ua-server] [OPC UA/session] SecureChannel 0 | Session "Administrator" | AddNode (ns=2;i=384): The value is empty. But this is only allowed for BaseDataType. Create a matching default value.
[05/21/22 20:02:09.005] [info    ] [image-processor-ua-server] [OPC UA/session] SecureChannel 0 | Session "Administrator" | AddNode (ns=2;i=385): The value is empty. But this is only allowed for BaseDataType. Create a matching default value.
[05/21/22 20:02:09.005] [info    ] [image-processor-ua-server] [OPC UA/session] SecureChannel 0 | Session "Administrator" | AddNode (ns=2;i=386): The value is empty. But this is only allowed for BaseDataType. Create a matching default value.
[05/21/22 20:02:09.005] [info    ] [image-processor-ua-server] [OPC UA/session] SecureChannel 0 | Session "Administrator" | AddNode (ns=2;i=227): The value is empty. But this is only allowed for BaseDataType. Create a matching default value.
[05/21/22 20:02:09.005] [info    ] [image-processor-ua-server] [OPC UA/session] SecureChannel 0 | Session "Administrator" | AddNode (ns=2;i=263): The value is empty. But this is only allowed for BaseDataType. Create a matching default value.
[05/21/22 20:02:09.005] [info    ] [image-processor-ua-server] [OPC UA/session] SecureChannel 0 | Session "Administrator" | AddNode (ns=2;i=264): The value is empty. But this is only allowed for BaseDataType. Create a matching default value.
[05/21/22 20:02:09.005] [info    ] [image-processor-ua-server] [OPC UA/session] SecureChannel 0 | Session "Administrator" | AddNode (ns=2;i=322): The value is empty. But this is only allowed for BaseDataType. Create a matching default value.
[05/21/22 20:02:09.006] [trace   ] [image-processor] Generating DeviceModel namespace
[05/21/22 20:02:09.006] [info    ] [image-processor-ua-server] [OPC UA/session] SecureChannel 0 | Session "Administrator" | AddNode (ns=3;i=15031): The value is empty. But this is only allowed for BaseDataType. Create a matching default value.
[05/21/22 20:02:09.006] [info    ] [image-processor-ua-server] [OPC UA/session] SecureChannel 0 | Session "Administrator" | AddNode (ns=3;i=15032): The value is empty. But this is only allowed for BaseDataType. Create a matching default value.
[05/21/22 20:02:09.006] [info    ] [image-processor-ua-server] [OPC UA/session] SecureChannel 0 | Session "Administrator" | AddNode (ns=3;i=15033): The value is empty. But this is only allowed for BaseDataType. Create a matching default value.
[05/21/22 20:02:09.006] [info    ] [image-processor-ua-server] [OPC UA/session] SecureChannel 0 | Session "Administrator" | AddNode (ns=3;i=15053): The value is empty. But this is only allowed for BaseDataType. Create a matching default value.
[05/21/22 20:02:09.006] [info    ] [image-processor-ua-server] [OPC UA/session] SecureChannel 0 | Session "Administrator" | AddNode (ns=3;i=15100): The value is empty. But this is only allowed for BaseDataType. Create a matching default value.
[05/21/22 20:02:09.006] [info    ] [image-processor-ua-server] [OPC UA/session] SecureChannel 0 | Session "Administrator" | AddNode (ns=3;i=15401): The value is empty. But this is only allowed for BaseDataType. Create a matching default value.
[05/21/22 20:02:09.006] [info    ] [image-processor-ua-server] [OPC UA/session] SecureChannel 0 | Session "Administrator" | AddNode (ns=3;i=15403): The value is empty. But this is only allowed for BaseDataType. Create a matching default value.
[05/21/22 20:02:09.006] [info    ] [image-processor-ua-server] [OPC UA/session] SecureChannel 0 | Session "Administrator" | AddNode (ns=3;i=15406): The value is empty. But this is only allowed for BaseDataType. Create a matching default value.
[05/21/22 20:02:09.006] [info    ] [image-processor-ua-server] [OPC UA/session] SecureChannel 0 | Session "Administrator" | AddNode (ns=3;i=15408): The value is empty. But this is only allowed for BaseDataType. Create a matching default value.
[05/21/22 20:02:09.006] [info    ] [image-processor-ua-server] [OPC UA/session] SecureChannel 0 | Session "Administrator" | AddNode (ns=3;i=15409): The value is empty. But this is only allowed for BaseDataType. Create a matching default value.
[05/21/22 20:02:09.006] [info    ] [image-processor-ua-server] [OPC UA/session] SecureChannel 0 | Session "Administrator" | AddNode (ns=3;i=15413): The value is empty. But this is only allowed for BaseDataType. Create a matching default value.
[05/21/22 20:02:09.006] [info    ] [image-processor-ua-server] [OPC UA/session] SecureChannel 0 | Session "Administrator" | AddNode (ns=3;i=15414): The value is empty. But this is only allowed for BaseDataType. Create a matching default value.
[05/21/22 20:02:09.006] [info    ] [image-processor-ua-server] [OPC UA/session] SecureChannel 0 | Session "Administrator" | AddNode (ns=3;i=15415): The value is empty. But this is only allowed for BaseDataType. Create a matching default value.
[05/21/22 20:02:09.007] [info    ] [image-processor-ua-server] [OPC UA/session] SecureChannel 0 | Session "Administrator" | AddNode (ns=3;i=15430): The value is empty. But this is only allowed for BaseDataType. Create a matching default value.
[05/21/22 20:02:09.007] [info    ] [image-processor-ua-server] [OPC UA/session] SecureChannel 0 | Session "Administrator" | AddNode (ns=3;i=15397): The value is empty. But this is only allowed for BaseDataType. Create a matching default value.
[05/21/22 20:02:09.007] [trace   ] [image-processor] Generating PnPTypes namespace
[05/21/22 20:02:09.007] [info    ] [image-processor-ua-server] [OPC UA/session] SecureChannel 0 | Session "Administrator" | AddNode (ns=4;i=15003): The value is empty. But this is only allowed for BaseDataType. Create a matching default value.
[05/21/22 20:02:09.007] [trace   ] [image-processor] Generating ImageProcessor namespace
[05/21/22 20:02:09.007] [info    ] [image-processor-ua-server] [OPC UA/session] SecureChannel 0 | Session "Administrator" | AddNode (ns=5;i=15069): The value is empty. But this is only allowed for BaseDataType. Create a matching default value.
[05/21/22 20:02:09.007] [info    ] [image-processor-ua-server] [OPC UA/session] SecureChannel 0 | Session "Administrator" | AddNode (ns=5;i=15070): The value is empty. But this is only allowed for BaseDataType. Create a matching default value.
[05/21/22 20:02:09.007] [info    ] [image-processor-ua-server] [OPC UA/session] SecureChannel 0 | Session "Administrator" | AddNode (ns=5;i=15071): The value is empty. But this is only allowed for BaseDataType. Create a matching default value.
[05/21/22 20:02:09.007] [info    ] [image-processor-ua-server] [OPC UA/session] SecureChannel 0 | Session "Administrator" | AddNode (ns=5;i=15072): The value is empty. But this is only allowed for BaseDataType. Create a matching default value.
[05/21/22 20:02:09.007] [info    ] [image-processor-ua-server] [OPC UA/session] SecureChannel 0 | Session "Administrator" | AddNode (ns=5;i=15216): The value is empty. But this is only allowed for BaseDataType. Create a matching default value.
[05/21/22 20:02:09.007] [info    ] [image-processor-ua-server] [OPC UA/session] SecureChannel 0 | Session "Administrator" | AddNode (ns=5;i=15218): The value is empty. But this is only allowed for BaseDataType. Create a matching default value.
[05/21/22 20:02:09.008] [info    ] [image-processor-ua-server] [OPC UA/session] SecureChannel 0 | Session "Administrator" | AddNode (ns=5;i=15221): The value is empty. But this is only allowed for BaseDataType. Create a matching default value.
[05/21/22 20:02:09.008] [info    ] [image-processor-ua-server] [OPC UA/session] SecureChannel 0 | Session "Administrator" | AddNode (ns=5;i=15223): The value is empty. But this is only allowed for BaseDataType. Create a matching default value.
[05/21/22 20:02:09.008] [info    ] [image-processor-ua-server] [OPC UA/session] SecureChannel 0 | Session "Administrator" | AddNode (ns=5;i=15224): The value is empty. But this is only allowed for BaseDataType. Create a matching default value.
[05/21/22 20:02:09.008] [info    ] [image-processor-ua-server] [OPC UA/session] SecureChannel 0 | Session "Administrator" | AddNode (ns=5;i=15228): The value is empty. But this is only allowed for BaseDataType. Create a matching default value.
[05/21/22 20:02:09.008] [info    ] [image-processor-ua-server] [OPC UA/session] SecureChannel 0 | Session "Administrator" | AddNode (ns=5;i=15229): The value is empty. But this is only allowed for BaseDataType. Create a matching default value.
[05/21/22 20:02:09.008] [info    ] [image-processor-ua-server] [OPC UA/session] SecureChannel 0 | Session "Administrator" | AddNode (ns=5;i=15230): The value is empty. But this is only allowed for BaseDataType. Create a matching default value.
[05/21/22 20:02:09.008] [info    ] [image-processor-ua-server] [OPC UA/session] SecureChannel 0 | Session "Administrator" | AddNode (ns=5;i=15245): The value is empty. But this is only allowed for BaseDataType. Create a matching default value.
[05/21/22 20:02:09.008] [info    ] [image-processor-ua-server] [OPC UA/session] SecureChannel 0 | Session "Administrator" | AddNode (ns=5;i=15252): The value is empty. But this is only allowed for BaseDataType. Create a matching default value.
[05/21/22 20:02:09.008] [info    ] [image-processor-ua-server] [OPC UA/session] SecureChannel 0 | Session "Administrator" | AddNode (ns=5;i=15253): The value is empty. But this is only allowed for BaseDataType. Create a matching default value.
[05/21/22 20:02:09.008] [info    ] [image-processor-ua-server] [OPC UA/session] SecureChannel 0 | Session "Administrator" | AddNode (ns=5;i=15254): The value is empty. But this is only allowed for BaseDataType. Create a matching default value.
[05/21/22 20:02:09.008] [info    ] [image-processor-ua-server] [OPC UA/session] SecureChannel 0 | Session "Administrator" | AddNode (ns=5;i=15255): The value is empty. But this is only allowed for BaseDataType. Create a matching default value.
[05/21/22 20:02:09.008] [info    ] [image-processor-ua-server] [OPC UA/session] SecureChannel 0 | Session "Administrator" | AddNode (ns=5;i=15166): The value is empty. But this is only allowed for BaseDataType. Create a matching default value.
[05/21/22 20:02:09.008] [info    ] [image-processor-ua-server] [OPC UA/session] SecureChannel 0 | Session "Administrator" | AddNode (ns=5;i=15168): The value is empty. But this is only allowed for BaseDataType. Create a matching default value.
[05/21/22 20:02:09.008] [info    ] [image-processor-ua-server] [OPC UA/session] SecureChannel 0 | Session "Administrator" | AddNode (ns=5;i=15169): The value is empty. But this is only allowed for BaseDataType. Create a matching default value.
[05/21/22 20:02:09.008] [info    ] [image-processor-ua-server] [OPC UA/session] SecureChannel 0 | Session "Administrator" | AddNode (ns=5;i=15170): The value is empty. But this is only allowed for BaseDataType. Create a matching default value.
[05/21/22 20:02:09.008] [info    ] [image-processor-ua-server] [OPC UA/session] SecureChannel 0 | Session "Administrator" | AddNode (ns=5;i=15171): The value is empty. But this is only allowed for BaseDataType. Create a matching default value.
[05/21/22 20:02:09.008] [info    ] [image-processor-ua-server] [OPC UA/session] SecureChannel 0 | Session "Administrator" | AddNode (ns=5;i=15173): The value is empty. But this is only allowed for BaseDataType. Create a matching default value.
[05/21/22 20:02:09.008] [info    ] [image-processor-ua-server] [OPC UA/session] SecureChannel 0 | Session "Administrator" | AddNode (ns=5;i=15175): The value is empty. But this is only allowed for BaseDataType. Create a matching default value.
[05/21/22 20:02:09.008] [info    ] [image-processor-ua-server] [OPC UA/session] SecureChannel 0 | Session "Administrator" | AddNode (ns=5;i=15177): The value is empty. But this is only allowed for BaseDataType. Create a matching default value.
[05/21/22 20:02:09.009] [info    ] [image-processor] Initializing skills
[05/21/22 20:02:09.009] [trace   ] [image-processor] Instantiating Marker Detection Skill Implementation
[05/21/22 20:02:09.009] [trace   ] [image-processor] Instantiating Marker Detection Skill
[05/21/22 20:02:09.009] [trace   ] [image-processor] Constructing Marker Detectiong Skill
[05/21/22 20:02:09.009] [trace   ] [image-processor] Setting default skill parameter variables: CameraInfo
[05/21/22 20:02:09.009] [trace   ] [image-processor] Setting default skill parameter variables: CameraInfo DistCoeff
[05/21/22 20:02:09.009] [trace   ] [image-processor] Setting default skill parameter variables: CameraInfo CamMatrix
[05/21/22 20:02:09.009] [trace   ] [image-processor] Setting default skill parameter variables: InputImage
[05/21/22 20:02:09.009] [trace   ] [image-processor] Setting default skill parameter variables: OutputImage
[05/21/22 20:02:09.009] [trace   ] [image-processor] Setting implementation
[05/21/22 20:02:09.009] [trace   ] [image-processor] Executing transition to READY
[05/21/22 20:02:09.953] [trace   ] [image-processor] Setting camera params
[05/21/22 20:02:09.953] [trace   ] [image-processor] Mem copy cam matrix
[05/21/22 20:02:09.953] [trace   ] [image-processor] Mem copy dist coeff
[05/21/22 20:02:09.953] [trace   ] [image-processor] Setting variant camparams
[05/21/22 20:02:09.953] [trace   ] [image-processor] Clearing camparams
[05/21/22 20:02:09.956] [warning ] [image-processor-ua-server] [OPC UA/network] Multicast DNS: outbound interface 0.0.0.0, it means that the first OS interface is used (you can explicitly set the interface by using 'discovery.mdnsInterfaceIP' config parameter)
[05/21/22 20:02:09.957] [info    ] [image-processor-ua-server] [OPC UA/network] TCP network layer listening on opc.tcp://lucas-laptop:4843/
[05/21/22 20:02:09.957] [info    ] [image-processor-ua-server] [OPC UA/server] Multicast DNS: add record for domain: pnp.component.imageprocessor-lucas-laptop._opcua-tcp._tcp.local.
[05/21/22 20:02:09.957] [info    ] [image-processor] OPC UA Server initialized: opc.tcp://lucas-laptop:4843/
[05/21/22 20:02:13.214] [info    ] [image-processor-ua-server] [OPC UA/network] Connection 7 | New connection over TCP from 127.0.0.1
[05/21/22 20:02:13.217] [info    ] [image-processor-ua-server] [OPC UA/channel] Connection 7 | SecureChannel 1 | SecureChannel opened with SecurityPolicy http://opcfoundation.org/UA/SecurityPolicy#None and a revised lifetime of 600.00s
[05/21/22 20:02:13.220] [warning ] [image-processor-ua-server] [OPC UA/channel] Connection 7 | SecureChannel 1 | ActivateSession: Session not found
[05/21/22 20:02:13.222] [info    ] [image-processor-ua-server] [OPC UA/session] SecureChannel 1 | Session "urn:lucas-laptop:UnifiedAutomation:UaExpert" | Session created
[05/21/22 20:02:13.224] [info    ] [image-processor-ua-server] [OPC UA/session] SecureChannel 1 | Session "urn:lucas-laptop:UnifiedAutomation:UaExpert" | ActivateSession: Session activated
[05/21/22 20:02:13.268] [info    ] [image-processor-ua-server] [OPC UA/session] SecureChannel 1 | Session "urn:lucas-laptop:UnifiedAutomation:UaExpert" | Subscription 1 | Subscription created (Publishing interval 100.00ms, max 1000 notifications per publish)
[05/21/22 20:02:13.269] [info    ] [image-processor-ua-server] [OPC UA/session] SecureChannel 1 | Session "urn:lucas-laptop:UnifiedAutomation:UaExpert" | Subscription 1 | MonitoredItem 1 | Created the MonitoredItem (Sampling Interval: 0.00ms, Queue Size: 100)
[05/21/22 20:02:15.736] [info    ] [image-processor] MarkerDetectionSkill reading parameters
[05/21/22 20:02:15.736] [trace   ] [image-processor] Dist coeff array copying
[05/21/22 20:02:15.736] [trace   ] [image-processor] Cam matrix array copying
[05/21/22 20:02:15.746] [trace   ] [image-processor] Copying UA_ByteString
[05/21/22 20:02:15.753] [trace   ] [image-processor] Paramters successfully read
[05/21/22 20:02:15.753] [info    ] [image-processor] MarkerDetectionSkill reading parameters
[05/21/22 20:02:15.753] [trace   ] [image-processor] Dist coeff array copying
[05/21/22 20:02:15.753] [trace   ] [image-processor] Cam matrix array copying
[05/21/22 20:02:15.756] [trace   ] [image-processor] Copying UA_ByteString
[05/21/22 20:02:15.758] [trace   ] [image-processor] Paramters successfully read
[05/21/22 20:02:15.758] [info    ] [image-processor] MarkerDetectionSkill called
[05/21/22 20:02:15.759] [trace   ] [image-processor] Decoding image
[05/21/22 20:02:16.175] [trace   ] [image-processor] Position valid for marker 25
[05/21/22 20:02:16.176] [trace   ] [image-processor] Detection finished
[05/21/22 20:02:16.176] [trace   ] [image-processor] Updateing parameters
[05/21/22 20:02:16.176] [trace   ] [image-processor] Setting UA_Variant_setArrayCopy
[05/21/22 20:02:16.176] [trace   ] [image-processor] Setting variant dimensions
[05/21/22 20:02:16.176] [trace   ] [image-processor] Writing detected markers values to server
[05/21/22 20:02:16.176] [trace   ] [image-processor] Deleting tmp_markers
[05/21/22 20:02:16.176] [trace   ] [image-processor] Setting output image
[05/21/22 20:02:16.176] [trace   ] [image-processor] Writing output image to server
[05/21/22 20:02:16.176] [trace   ] [image-processor] Cleaning output image
[05/21/22 20:02:16.176] [trace   ] [image-processor] Making transition to READY
[05/21/22 20:02:16.176] [trace   ] [image-processor] Skill finished.
[05/21/22 20:02:17.470] [info    ] [image-processor] MarkerDetectionSkill reading parameters
[05/21/22 20:02:17.470] [trace   ] [image-processor] Dist coeff array copying
[05/21/22 20:02:17.470] [trace   ] [image-processor] Cam matrix array copying
[05/21/22 20:02:17.481] [trace   ] [image-processor] Copying UA_ByteString
[05/21/22 20:02:17.484] [trace   ] [image-processor] Paramters successfully read
[05/21/22 20:02:17.484] [info    ] [image-processor] MarkerDetectionSkill reading parameters
[05/21/22 20:02:17.484] [trace   ] [image-processor] Dist coeff array copying
[05/21/22 20:02:17.484] [trace   ] [image-processor] Cam matrix array copying
[05/21/22 20:02:17.486] [trace   ] [image-processor] Copying UA_ByteString
[05/21/22 20:02:17.489] [trace   ] [image-processor] Paramters successfully read
[05/21/22 20:02:17.489] [info    ] [image-processor] MarkerDetectionSkill called
[05/21/22 20:02:17.489] [trace   ] [image-processor] Decoding image
[05/21/22 20:02:17.864] [trace   ] [image-processor] Position valid for marker 25
[05/21/22 20:02:17.864] [trace   ] [image-processor] Detection finished
[05/21/22 20:02:17.864] [trace   ] [image-processor] Updateing parameters
[05/21/22 20:02:17.864] [trace   ] [image-processor] Setting UA_Variant_setArrayCopy
[05/21/22 20:02:17.864] [trace   ] [image-processor] Setting variant dimensions
[05/21/22 20:02:17.864] [trace   ] [image-processor] Writing detected markers values to server
[05/21/22 20:02:17.864] [trace   ] [image-processor] Deleting tmp_markers
[05/21/22 20:02:17.865] [trace   ] [image-processor] Setting output image
[05/21/22 20:02:17.865] [trace   ] [image-processor] Writing output image to server
[05/21/22 20:02:17.865] [trace   ] [image-processor] Cleaning output image
[05/21/22 20:02:17.865] [trace   ] [image-processor] Making transition to READY
[05/21/22 20:02:17.865] [trace   ] [image-processor] Skill finished.
[05/21/22 20:02:18.868] [info    ] [image-processor] MarkerDetectionSkill reading parameters
[05/21/22 20:02:18.868] [trace   ] [image-processor] Dist coeff array copying
[05/21/22 20:02:18.868] [trace   ] [image-processor] Cam matrix array copying
[05/21/22 20:02:18.873] [trace   ] [image-processor] Copying UA_ByteString
[05/21/22 20:02:18.876] [trace   ] [image-processor] Paramters successfully read
[05/21/22 20:02:18.876] [info    ] [image-processor] MarkerDetectionSkill reading parameters
[05/21/22 20:02:18.876] [trace   ] [image-processor] Dist coeff array copying
[05/21/22 20:02:18.876] [trace   ] [image-processor] Cam matrix array copying
[05/21/22 20:02:18.879] [trace   ] [image-processor] Copying UA_ByteString
[05/21/22 20:02:18.881] [trace   ] [image-processor] Paramters successfully read
[05/21/22 20:02:18.881] [info    ] [image-processor] MarkerDetectionSkill called
[05/21/22 20:02:18.881] [trace   ] [image-processor] Decoding image
[05/21/22 20:02:19.263] [trace   ] [image-processor] Position valid for marker 25
[05/21/22 20:02:19.264] [trace   ] [image-processor] Detection finished
[05/21/22 20:02:19.264] [trace   ] [image-processor] Updateing parameters
[05/21/22 20:02:19.264] [trace   ] [image-processor] Setting UA_Variant_setArrayCopy
[05/21/22 20:02:19.264] [trace   ] [image-processor] Setting variant dimensions
[05/21/22 20:02:19.264] [trace   ] [image-processor] Writing detected markers values to server
[05/21/22 20:02:19.264] [trace   ] [image-processor] Deleting tmp_markers
[05/21/22 20:02:19.264] [trace   ] [image-processor] Setting output image
[05/21/22 20:02:19.264] [trace   ] [image-processor] Writing output image to server
[05/21/22 20:02:19.264] [trace   ] [image-processor] Cleaning output image
[05/21/22 20:02:19.264] [trace   ] [image-processor] Making transition to READY
[05/21/22 20:02:19.264] [trace   ] [image-processor] Skill finished.
[05/21/22 20:02:29.080] [info    ] [image-processor] MarkerDetectionSkill reading parameters
[05/21/22 20:02:29.080] [trace   ] [image-processor] Dist coeff array copying
[05/21/22 20:02:29.080] [trace   ] [image-processor] Cam matrix array copying
[05/21/22 20:02:29.086] [trace   ] [image-processor] Copying UA_ByteString
[05/21/22 20:02:29.090] [trace   ] [image-processor] Paramters successfully read
[05/21/22 20:02:29.090] [info    ] [image-processor] MarkerDetectionSkill reading parameters
[05/21/22 20:02:29.090] [trace   ] [image-processor] Dist coeff array copying
[05/21/22 20:02:29.090] [trace   ] [image-processor] Cam matrix array copying
[05/21/22 20:02:29.092] [trace   ] [image-processor] Copying UA_ByteString
[05/21/22 20:02:29.095] [trace   ] [image-processor] Paramters successfully read
[05/21/22 20:02:29.095] [info    ] [image-processor] MarkerDetectionSkill called
[05/21/22 20:02:29.095] [trace   ] [image-processor] Decoding image
[05/21/22 20:02:29.473] [trace   ] [image-processor] Position valid for marker 25
[05/21/22 20:02:29.474] [trace   ] [image-processor] Detection finished
[05/21/22 20:02:29.474] [trace   ] [image-processor] Updateing parameters
[05/21/22 20:02:29.474] [trace   ] [image-processor] Setting UA_Variant_setArrayCopy
[05/21/22 20:02:29.474] [trace   ] [image-processor] Setting variant dimensions
[05/21/22 20:02:29.474] [trace   ] [image-processor] Writing detected markers values to server
[05/21/22 20:02:29.474] [trace   ] [image-processor] Deleting tmp_markers
[05/21/22 20:02:29.474] [trace   ] [image-processor] Setting output image
[05/21/22 20:02:29.474] [trace   ] [image-processor] Writing output image to server
[05/21/22 20:02:29.474] [trace   ] [image-processor] Cleaning output image
[05/21/22 20:02:29.474] [trace   ] [image-processor] Making transition to READY
[05/21/22 20:02:29.475] [trace   ] [image-processor] Skill finished.
[05/21/22 20:03:07.593] [info    ] [image-processor] MarkerDetectionSkill reading parameters
[05/21/22 20:03:07.594] [trace   ] [image-processor] Dist coeff array copying
[05/21/22 20:03:07.594] [trace   ] [image-processor] Cam matrix array copying
[05/21/22 20:03:07.597] [trace   ] [image-processor] Copying UA_ByteString
[05/21/22 20:03:07.601] [trace   ] [image-processor] Paramters successfully read
[05/21/22 20:03:07.601] [info    ] [image-processor] MarkerDetectionSkill reading parameters
[05/21/22 20:03:07.601] [trace   ] [image-processor] Dist coeff array copying
[05/21/22 20:03:07.601] [trace   ] [image-processor] Cam matrix array copying
[05/21/22 20:03:07.603] [trace   ] [image-processor] Copying UA_ByteString
[05/21/22 20:03:07.605] [trace   ] [image-processor] Paramters successfully read
[05/21/22 20:03:07.605] [info    ] [image-processor] MarkerDetectionSkill called
[05/21/22 20:03:07.605] [trace   ] [image-processor] Decoding image
[05/21/22 20:03:07.992] [trace   ] [image-processor] Position valid for marker 25
[05/21/22 20:03:07.993] [trace   ] [image-processor] Detection finished
[05/21/22 20:03:07.993] [trace   ] [image-processor] Updateing parameters
[05/21/22 20:03:07.993] [trace   ] [image-processor] Setting UA_Variant_setArrayCopy
[05/21/22 20:03:07.993] [trace   ] [image-processor] Setting variant dimensions
[05/21/22 20:03:07.993] [trace   ] [image-processor] Writing detected markers values to server
[05/21/22 20:03:07.993] [trace   ] [image-processor] Deleting tmp_markers
[05/21/22 20:03:07.993] [trace   ] [image-processor] Setting output image
[05/21/22 20:03:07.993] [trace   ] [image-processor] Writing output image to server
[05/21/22 20:03:07.993] [trace   ] [image-processor] Cleaning output image
[05/21/22 20:03:07.993] [trace   ] [image-processor] Making transition to READY
[05/21/22 20:03:07.994] [trace   ] [image-processor] Skill finished.
[05/21/22 20:03:12.335] [info    ] [image-processor] MarkerDetectionSkill reading parameters
[05/21/22 20:03:12.336] [trace   ] [image-processor] Dist coeff array copying
[05/21/22 20:03:12.336] [trace   ] [image-processor] Cam matrix array copying
[05/21/22 20:03:12.340] [trace   ] [image-processor] Copying UA_ByteString
[05/21/22 20:03:12.343] [trace   ] [image-processor] Paramters successfully read
[05/21/22 20:03:12.343] [info    ] [image-processor] MarkerDetectionSkill reading parameters
[05/21/22 20:03:12.343] [trace   ] [image-processor] Dist coeff array copying
[05/21/22 20:03:12.343] [trace   ] [image-processor] Cam matrix array copying
[05/21/22 20:03:12.346] [trace   ] [image-processor] Copying UA_ByteString
[05/21/22 20:03:12.348] [trace   ] [image-processor] Paramters successfully read
[05/21/22 20:03:12.348] [info    ] [image-processor] MarkerDetectionSkill called
[05/21/22 20:03:12.348] [trace   ] [image-processor] Decoding image
[05/21/22 20:03:12.724] [trace   ] [image-processor] Position valid for marker 25
[05/21/22 20:03:12.724] [trace   ] [image-processor] Detection finished
[05/21/22 20:03:12.724] [trace   ] [image-processor] Updateing parameters
[05/21/22 20:03:12.724] [trace   ] [image-processor] Setting UA_Variant_setArrayCopy
[05/21/22 20:03:12.724] [trace   ] [image-processor] Setting variant dimensions
[05/21/22 20:03:12.724] [trace   ] [image-processor] Writing detected markers values to server
[05/21/22 20:03:12.724] [trace   ] [image-processor] Deleting tmp_markers
[05/21/22 20:03:12.725] [trace   ] [image-processor] Setting output image
[05/21/22 20:03:12.725] [trace   ] [image-processor] Writing output image to server
[05/21/22 20:03:12.725] [trace   ] [image-processor] Cleaning output image
[05/21/22 20:03:12.725] [trace   ] [image-processor] Making transition to READY
[05/21/22 20:03:12.725] [trace   ] [image-processor] Skill finished.
[05/21/22 20:03:16.833] [info    ] [image-processor] MarkerDetectionSkill reading parameters
[05/21/22 20:03:16.833] [trace   ] [image-processor] Dist coeff array copying
[05/21/22 20:03:16.833] [trace   ] [image-processor] Cam matrix array copying
[05/21/22 20:03:16.838] [trace   ] [image-processor] Copying UA_ByteString
[05/21/22 20:03:16.842] [trace   ] [image-processor] Paramters successfully read
[05/21/22 20:03:16.842] [info    ] [image-processor] MarkerDetectionSkill reading parameters
[05/21/22 20:03:16.842] [trace   ] [image-processor] Dist coeff array copying
[05/21/22 20:03:16.842] [trace   ] [image-processor] Cam matrix array copying
[05/21/22 20:03:16.845] [trace   ] [image-processor] Copying UA_ByteString
[05/21/22 20:03:16.847] [trace   ] [image-processor] Paramters successfully read
[05/21/22 20:03:16.847] [info    ] [image-processor] MarkerDetectionSkill called
[05/21/22 20:03:16.847] [trace   ] [image-processor] Decoding image
[05/21/22 20:03:17.224] [trace   ] [image-processor] Position valid for marker 25
[05/21/22 20:03:17.224] [trace   ] [image-processor] Detection finished
[05/21/22 20:03:17.224] [trace   ] [image-processor] Updateing parameters
[05/21/22 20:03:17.224] [trace   ] [image-processor] Setting UA_Variant_setArrayCopy
[05/21/22 20:03:17.224] [trace   ] [image-processor] Setting variant dimensions
[05/21/22 20:03:17.225] [trace   ] [image-processor] Writing detected markers values to server
[05/21/22 20:03:17.225] [trace   ] [image-processor] Deleting tmp_markers
[05/21/22 20:03:17.225] [trace   ] [image-processor] Setting output image
[05/21/22 20:03:17.225] [trace   ] [image-processor] Writing output image to server
[05/21/22 20:03:17.225] [trace   ] [image-processor] Cleaning output image
[05/21/22 20:03:17.225] [trace   ] [image-processor] Making transition to READY
[05/21/22 20:03:17.225] [trace   ] [image-processor] Skill finished.
[05/21/22 20:03:33.664] [info    ] [image-processor] MarkerDetectionSkill reading parameters
[05/21/22 20:03:33.664] [trace   ] [image-processor] Dist coeff array copying
[05/21/22 20:03:33.664] [trace   ] [image-processor] Cam matrix array copying
[05/21/22 20:03:33.668] [trace   ] [image-processor] Copying UA_ByteString
[05/21/22 20:03:33.672] [trace   ] [image-processor] Paramters successfully read
[05/21/22 20:03:33.672] [info    ] [image-processor] MarkerDetectionSkill reading parameters
[05/21/22 20:03:33.672] [trace   ] [image-processor] Dist coeff array copying
[05/21/22 20:03:33.672] [trace   ] [image-processor] Cam matrix array copying
[05/21/22 20:03:33.674] [trace   ] [image-processor] Copying UA_ByteString
[05/21/22 20:03:33.677] [trace   ] [image-processor] Paramters successfully read
[05/21/22 20:03:33.677] [info    ] [image-processor] MarkerDetectionSkill called
[05/21/22 20:03:33.677] [trace   ] [image-processor] Decoding image
[05/21/22 20:03:34.047] [trace   ] [image-processor] Position valid for marker 25
[05/21/22 20:03:34.047] [trace   ] [image-processor] Detection finished
[05/21/22 20:03:34.047] [trace   ] [image-processor] Updateing parameters
[05/21/22 20:03:34.047] [trace   ] [image-processor] Setting UA_Variant_setArrayCopy
[05/21/22 20:03:34.047] [trace   ] [image-processor] Setting variant dimensions
[05/21/22 20:03:34.047] [trace   ] [image-processor] Writing detected markers values to server
[05/21/22 20:03:34.048] [trace   ] [image-processor] Deleting tmp_markers
[05/21/22 20:03:34.048] [trace   ] [image-processor] Setting output image
[05/21/22 20:03:34.048] [trace   ] [image-processor] Writing output image to server
[05/21/22 20:03:34.048] [trace   ] [image-processor] Cleaning output image
[05/21/22 20:03:34.048] [trace   ] [image-processor] Making transition to READY
[05/21/22 20:03:34.048] [trace   ] [image-processor] Skill finished.
[05/21/22 20:03:37.351] [info    ] [image-processor] MarkerDetectionSkill reading parameters
[05/21/22 20:03:37.352] [trace   ] [image-processor] Dist coeff array copying
[05/21/22 20:03:37.352] [trace   ] [image-processor] Cam matrix array copying
[05/21/22 20:03:37.356] [trace   ] [image-processor] Copying UA_ByteString
[05/21/22 20:03:37.361] [trace   ] [image-processor] Paramters successfully read
[05/21/22 20:03:37.361] [info    ] [image-processor] MarkerDetectionSkill reading parameters
[05/21/22 20:03:37.361] [trace   ] [image-processor] Dist coeff array copying
[05/21/22 20:03:37.361] [trace   ] [image-processor] Cam matrix array copying
[05/21/22 20:03:37.363] [trace   ] [image-processor] Copying UA_ByteString
[05/21/22 20:03:37.365] [trace   ] [image-processor] Paramters successfully read
[05/21/22 20:03:37.365] [info    ] [image-processor] MarkerDetectionSkill called
[05/21/22 20:03:37.365] [trace   ] [image-processor] Decoding image
[05/21/22 20:03:37.736] [trace   ] [image-processor] Position valid for marker 25
[05/21/22 20:03:37.737] [trace   ] [image-processor] Detection finished
[05/21/22 20:03:37.737] [trace   ] [image-processor] Updateing parameters
[05/21/22 20:03:37.737] [trace   ] [image-processor] Setting UA_Variant_setArrayCopy
[05/21/22 20:03:37.737] [trace   ] [image-processor] Setting variant dimensions
[05/21/22 20:03:37.737] [trace   ] [image-processor] Writing detected markers values to server
[05/21/22 20:03:37.737] [trace   ] [image-processor] Deleting tmp_markers
[05/21/22 20:03:37.737] [trace   ] [image-processor] Setting output image
[05/21/22 20:03:37.737] [trace   ] [image-processor] Writing output image to server
[05/21/22 20:03:37.737] [trace   ] [image-processor] Cleaning output image
[05/21/22 20:03:37.737] [trace   ] [image-processor] Making transition to READY
[05/21/22 20:03:37.737] [trace   ] [image-processor] Skill finished.
[05/21/22 20:03:39.495] [info    ] [image-processor] MarkerDetectionSkill reading parameters
[05/21/22 20:03:39.495] [trace   ] [image-processor] Dist coeff array copying
[05/21/22 20:03:39.495] [trace   ] [image-processor] Cam matrix array copying
[05/21/22 20:03:39.499] [trace   ] [image-processor] Copying UA_ByteString
[05/21/22 20:03:39.504] [trace   ] [image-processor] Paramters successfully read
[05/21/22 20:03:39.504] [info    ] [image-processor] MarkerDetectionSkill reading parameters
[05/21/22 20:03:39.504] [trace   ] [image-processor] Dist coeff array copying
[05/21/22 20:03:39.504] [trace   ] [image-processor] Cam matrix array copying
[05/21/22 20:03:39.506] [trace   ] [image-processor] Copying UA_ByteString
[05/21/22 20:03:39.508] [trace   ] [image-processor] Paramters successfully read
[05/21/22 20:03:39.509] [info    ] [image-processor] MarkerDetectionSkill called
[05/21/22 20:03:39.509] [trace   ] [image-processor] Decoding image
[05/21/22 20:03:39.870] [trace   ] [image-processor] Position valid for marker 25
[05/21/22 20:03:39.871] [trace   ] [image-processor] Detection finished
[05/21/22 20:03:39.871] [trace   ] [image-processor] Updateing parameters
[05/21/22 20:03:39.871] [trace   ] [image-processor] Setting UA_Variant_setArrayCopy
[05/21/22 20:03:39.871] [trace   ] [image-processor] Setting variant dimensions
[05/21/22 20:03:39.871] [trace   ] [image-processor] Writing detected markers values to server
[05/21/22 20:03:39.871] [trace   ] [image-processor] Deleting tmp_markers
[05/21/22 20:03:39.871] [trace   ] [image-processor] Setting output image
[05/21/22 20:03:39.871] [trace   ] [image-processor] Writing output image to server
[05/21/22 20:03:39.871] [trace   ] [image-processor] Cleaning output image
[05/21/22 20:03:39.871] [trace   ] [image-processor] Making transition to READY
[05/21/22 20:03:39.872] [trace   ] [image-processor] Skill finished.
[05/21/22 20:03:56.200] [info    ] [image-processor-ua-server] [OPC UA/session] SecureChannel 1 | Session "urn:lucas-laptop:UnifiedAutomation:UaExpert" | Subscription 2 | Subscription created (Publishing interval 500.00ms, max 1000 notifications per publish)
[05/21/22 20:03:56.208] [info    ] [image-processor-ua-server] [OPC UA/session] SecureChannel 1 | Session "urn:lucas-laptop:UnifiedAutomation:UaExpert" | Subscription 2 | MonitoredItem 1 | Created the MonitoredItem (Sampling Interval: 250.00ms, Queue Size: 1)
[05/21/22 20:04:13.686] [info    ] [image-processor] MarkerDetectionSkill reading parameters
[05/21/22 20:04:13.686] [trace   ] [image-processor] Dist coeff array copying
[05/21/22 20:04:13.686] [trace   ] [image-processor] Cam matrix array copying
[05/21/22 20:04:13.690] [trace   ] [image-processor] Copying UA_ByteString
[05/21/22 20:04:13.693] [trace   ] [image-processor] Paramters successfully read
[05/21/22 20:04:13.694] [info    ] [image-processor] MarkerDetectionSkill reading parameters
[05/21/22 20:04:13.694] [trace   ] [image-processor] Dist coeff array copying
[05/21/22 20:04:13.694] [trace   ] [image-processor] Cam matrix array copying
[05/21/22 20:04:13.696] [trace   ] [image-processor] Copying UA_ByteString
[05/21/22 20:04:13.698] [trace   ] [image-processor] Paramters successfully read
[05/21/22 20:04:13.698] [info    ] [image-processor] MarkerDetectionSkill called
[05/21/22 20:04:13.698] [trace   ] [image-processor] Decoding image
[05/21/22 20:04:14.094] [trace   ] [image-processor] Position valid for marker 25
[05/21/22 20:04:14.094] [trace   ] [image-processor] Detection finished
[05/21/22 20:04:14.094] [trace   ] [image-processor] Updateing parameters
[05/21/22 20:04:14.094] [trace   ] [image-processor] Setting UA_Variant_setArrayCopy
[05/21/22 20:04:14.094] [trace   ] [image-processor] Setting variant dimensions
[05/21/22 20:04:14.094] [trace   ] [image-processor] Writing detected markers values to server
[05/21/22 20:04:14.094] [trace   ] [image-processor] Deleting tmp_markers
[05/21/22 20:04:14.094] [trace   ] [image-processor] Setting output image
[05/21/22 20:04:14.094] [trace   ] [image-processor] Writing output image to server
[05/21/22 20:04:14.094] [trace   ] [image-processor] Cleaning output image
[05/21/22 20:04:14.094] [trace   ] [image-processor] Making transition to READY
[05/21/22 20:04:14.095] [trace   ] [image-processor] Skill finished.
[05/21/22 20:04:14.929] [info    ] [image-processor] MarkerDetectionSkill reading parameters
[05/21/22 20:04:14.929] [trace   ] [image-processor] Dist coeff array copying
[05/21/22 20:04:14.929] [trace   ] [image-processor] Cam matrix array copying
[05/21/22 20:04:14.933] [trace   ] [image-processor] Copying UA_ByteString
[05/21/22 20:04:14.936] [trace   ] [image-processor] Paramters successfully read
[05/21/22 20:04:14.936] [info    ] [image-processor] MarkerDetectionSkill reading parameters
[05/21/22 20:04:14.936] [trace   ] [image-processor] Dist coeff array copying
[05/21/22 20:04:14.936] [trace   ] [image-processor] Cam matrix array copying
[05/21/22 20:04:14.938] [trace   ] [image-processor] Copying UA_ByteString
[05/21/22 20:04:14.941] [trace   ] [image-processor] Paramters successfully read
[05/21/22 20:04:14.941] [info    ] [image-processor] MarkerDetectionSkill called
[05/21/22 20:04:14.941] [trace   ] [image-processor] Decoding image
[05/21/22 20:04:15.313] [trace   ] [image-processor] Position valid for marker 25
[05/21/22 20:04:15.314] [trace   ] [image-processor] Detection finished
[05/21/22 20:04:15.314] [trace   ] [image-processor] Updateing parameters
[05/21/22 20:04:15.314] [trace   ] [image-processor] Setting UA_Variant_setArrayCopy
[05/21/22 20:04:15.314] [trace   ] [image-processor] Setting variant dimensions
[05/21/22 20:04:15.314] [trace   ] [image-processor] Writing detected markers values to server
[05/21/22 20:04:15.314] [trace   ] [image-processor] Deleting tmp_markers
[05/21/22 20:04:15.314] [trace   ] [image-processor] Setting output image
[05/21/22 20:04:15.314] [trace   ] [image-processor] Writing output image to server
[05/21/22 20:04:15.314] [trace   ] [image-processor] Cleaning output image
[05/21/22 20:04:15.314] [trace   ] [image-processor] Making transition to READY
[05/21/22 20:04:15.314] [trace   ] [image-processor] Skill finished.
[05/21/22 20:04:16.257] [info    ] [image-processor] MarkerDetectionSkill reading parameters
[05/21/22 20:04:16.257] [trace   ] [image-processor] Dist coeff array copying
[05/21/22 20:04:16.257] [trace   ] [image-processor] Cam matrix array copying
[05/21/22 20:04:16.262] [trace   ] [image-processor] Copying UA_ByteString
[05/21/22 20:04:16.265] [trace   ] [image-processor] Paramters successfully read
[05/21/22 20:04:16.265] [info    ] [image-processor] MarkerDetectionSkill reading parameters
[05/21/22 20:04:16.265] [trace   ] [image-processor] Dist coeff array copying
[05/21/22 20:04:16.265] [trace   ] [image-processor] Cam matrix array copying
[05/21/22 20:04:16.269] [trace   ] [image-processor] Copying UA_ByteString
[05/21/22 20:04:16.272] [trace   ] [image-processor] Paramters successfully read
[05/21/22 20:04:16.272] [info    ] [image-processor] MarkerDetectionSkill called
[05/21/22 20:04:16.272] [trace   ] [image-processor] Decoding image
[05/21/22 20:04:16.635] [trace   ] [image-processor] Position valid for marker 25
[05/21/22 20:04:16.635] [trace   ] [image-processor] Detection finished
[05/21/22 20:04:16.635] [trace   ] [image-processor] Updateing parameters
[05/21/22 20:04:16.635] [trace   ] [image-processor] Setting UA_Variant_setArrayCopy
[05/21/22 20:04:16.635] [trace   ] [image-processor] Setting variant dimensions
[05/21/22 20:04:16.635] [trace   ] [image-processor] Writing detected markers values to server
[05/21/22 20:04:16.635] [trace   ] [image-processor] Deleting tmp_markers
[05/21/22 20:04:16.635] [trace   ] [image-processor] Setting output image
[05/21/22 20:04:16.635] [trace   ] [image-processor] Writing output image to server
[05/21/22 20:04:16.635] [trace   ] [image-processor] Cleaning output image
[05/21/22 20:04:16.635] [trace   ] [image-processor] Making transition to READY
[05/21/22 20:04:16.636] [trace   ] [image-processor] Skill finished.
[05/21/22 20:04:51.344] [warning ] [image-processor] Received Ctrl-C. Shutting down...
[05/21/22 20:04:51.345] [info    ] [image-processor-ua-server] [OPC UA/network] Shutting down the TCP network layer
[05/21/22 20:04:51.345] [info    ] [image-processor-ua-server] [OPC UA/server] Multicast DNS: remove record for domain: pnp.component.imageprocessor-lucas-laptop._opcua-tcp._tcp.local.
[05/21/22 20:04:51.345] [info    ] [image-processor-ua-server] [OPC UA/session] SecureChannel 1 | Session "urn:lucas-laptop:UnifiedAutomation:UaExpert" | Subscription 1 | Subscription deleted
[05/21/22 20:04:51.346] [info    ] [image-processor-ua-server] [OPC UA/server] Subscription 1 | MonitoredItem 1 | Deleting the MonitoredItem
[05/21/22 20:04:51.346] [info    ] [image-processor-ua-server] [OPC UA/session] SecureChannel 1 | Session "urn:lucas-laptop:UnifiedAutomation:UaExpert" | Subscription 2 | Subscription deleted
[05/21/22 20:04:51.346] [info    ] [image-processor-ua-server] [OPC UA/server] Subscription 2 | MonitoredItem 1 | Deleting the MonitoredItem
